{"C:\\Users\\Javi\\Desktop\\thunder_bid\\server\\logic\\index.js":{"path":"C:\\Users\\Javi\\Desktop\\thunder_bid\\server\\logic\\index.js","statementMap":{"0":{"start":{"line":1,"column":30},"end":{"line":1,"column":55}},"1":{"start":{"line":2,"column":21},"end":{"line":2,"column":49}},"2":{"start":{"line":4,"column":14},"end":{"line":150,"column":1}},"3":{"start":{"line":7,"column":8},"end":{"line":21,"column":29}},"4":{"start":{"line":9,"column":16},"end":{"line":9,"column":46}},"5":{"start":{"line":10,"column":16},"end":{"line":10,"column":67}},"6":{"start":{"line":11,"column":16},"end":{"line":11,"column":59}},"7":{"start":{"line":12,"column":16},"end":{"line":12,"column":65}},"8":{"start":{"line":14,"column":16},"end":{"line":14,"column":46}},"9":{"start":{"line":17,"column":16},"end":{"line":17,"column":67}},"10":{"start":{"line":17,"column":25},"end":{"line":17,"column":67}},"11":{"start":{"line":19,"column":16},"end":{"line":19,"column":69}},"12":{"start":{"line":21,"column":24},"end":{"line":21,"column":28}},"13":{"start":{"line":25,"column":8},"end":{"line":37,"column":14}},"14":{"start":{"line":27,"column":16},"end":{"line":27,"column":46}},"15":{"start":{"line":28,"column":16},"end":{"line":28,"column":67}},"16":{"start":{"line":30,"column":16},"end":{"line":30,"column":46}},"17":{"start":{"line":33,"column":16},"end":{"line":33,"column":69}},"18":{"start":{"line":33,"column":26},"end":{"line":33,"column":69}},"19":{"start":{"line":34,"column":16},"end":{"line":34,"column":81}},"20":{"start":{"line":34,"column":48},"end":{"line":34,"column":81}},"21":{"start":{"line":36,"column":16},"end":{"line":36,"column":27}},"22":{"start":{"line":41,"column":8},"end":{"line":57,"column":29}},"23":{"start":{"line":43,"column":16},"end":{"line":43,"column":46}},"24":{"start":{"line":44,"column":16},"end":{"line":44,"column":67}},"25":{"start":{"line":45,"column":16},"end":{"line":45,"column":74}},"26":{"start":{"line":47,"column":16},"end":{"line":47,"column":46}},"27":{"start":{"line":50,"column":16},"end":{"line":50,"column":69}},"28":{"start":{"line":50,"column":26},"end":{"line":50,"column":69}},"29":{"start":{"line":51,"column":16},"end":{"line":51,"column":81}},"30":{"start":{"line":51,"column":48},"end":{"line":51,"column":81}},"31":{"start":{"line":52,"column":16},"end":{"line":52,"column":99}},"32":{"start":{"line":52,"column":50},"end":{"line":52,"column":99}},"33":{"start":{"line":54,"column":16},"end":{"line":54,"column":43}},"34":{"start":{"line":55,"column":16},"end":{"line":55,"column":34}},"35":{"start":{"line":57,"column":24},"end":{"line":57,"column":28}},"36":{"start":{"line":61,"column":8},"end":{"line":72,"column":14}},"37":{"start":{"line":63,"column":27},"end":{"line":63,"column":44}},"38":{"start":{"line":64,"column":16},"end":{"line":64,"column":60}},"39":{"start":{"line":66,"column":16},"end":{"line":66,"column":69}},"40":{"start":{"line":69,"column":16},"end":{"line":69,"column":64}},"41":{"start":{"line":69,"column":26},"end":{"line":69,"column":64}},"42":{"start":{"line":71,"column":16},"end":{"line":71,"column":34}},"43":{"start":{"line":76,"column":8},"end":{"line":87,"column":14}},"44":{"start":{"line":78,"column":27},"end":{"line":78,"column":44}},"45":{"start":{"line":79,"column":16},"end":{"line":79,"column":60}},"46":{"start":{"line":81,"column":16},"end":{"line":81,"column":69}},"47":{"start":{"line":84,"column":16},"end":{"line":84,"column":64}},"48":{"start":{"line":84,"column":26},"end":{"line":84,"column":64}},"49":{"start":{"line":85,"column":16},"end":{"line":85,"column":24}},"50":{"start":{"line":86,"column":16},"end":{"line":86,"column":34}},"51":{"start":{"line":91,"column":8},"end":{"line":117,"column":14}},"52":{"start":{"line":93,"column":29},"end":{"line":93,"column":31}},"53":{"start":{"line":95,"column":16},"end":{"line":102,"column":17}},"54":{"start":{"line":96,"column":20},"end":{"line":96,"column":65}},"55":{"start":{"line":98,"column":20},"end":{"line":101,"column":21}},"56":{"start":{"line":103,"column":16},"end":{"line":106,"column":17}},"57":{"start":{"line":104,"column":20},"end":{"line":104,"column":71}},"58":{"start":{"line":105,"column":20},"end":{"line":105,"column":46}},"59":{"start":{"line":108,"column":16},"end":{"line":116,"column":18}},"60":{"start":{"line":114,"column":20},"end":{"line":114,"column":78}},"61":{"start":{"line":114,"column":41},"end":{"line":114,"column":78}},"62":{"start":{"line":115,"column":20},"end":{"line":115,"column":35}},"63":{"start":{"line":121,"column":8},"end":{"line":131,"column":14}},"64":{"start":{"line":123,"column":27},"end":{"line":123,"column":47}},"65":{"start":{"line":124,"column":16},"end":{"line":124,"column":63}},"66":{"start":{"line":126,"column":16},"end":{"line":126,"column":50}},"67":{"start":{"line":129,"column":16},"end":{"line":129,"column":70}},"68":{"start":{"line":129,"column":29},"end":{"line":129,"column":70}},"69":{"start":{"line":130,"column":16},"end":{"line":130,"column":30}},"70":{"start":{"line":135,"column":8},"end":{"line":145,"column":14}},"71":{"start":{"line":137,"column":27},"end":{"line":137,"column":44}},"72":{"start":{"line":138,"column":16},"end":{"line":138,"column":60}},"73":{"start":{"line":140,"column":16},"end":{"line":140,"column":46}},"74":{"start":{"line":143,"column":16},"end":{"line":143,"column":64}},"75":{"start":{"line":143,"column":26},"end":{"line":143,"column":64}},"76":{"start":{"line":144,"column":16},"end":{"line":144,"column":27}},"77":{"start":{"line":152,"column":0},"end":{"line":152,"column":26}}},"fnMap":{"0":{"name":"(anonymous_0)","decl":{"start":{"line":6,"column":4},"end":{"line":6,"column":5}},"loc":{"start":{"line":6,"column":44},"end":{"line":22,"column":5}},"line":6},"1":{"name":"(anonymous_1)","decl":{"start":{"line":8,"column":18},"end":{"line":8,"column":19}},"loc":{"start":{"line":8,"column":24},"end":{"line":15,"column":13}},"line":8},"2":{"name":"(anonymous_2)","decl":{"start":{"line":16,"column":19},"end":{"line":16,"column":20}},"loc":{"start":{"line":16,"column":27},"end":{"line":20,"column":13}},"line":16},"3":{"name":"(anonymous_3)","decl":{"start":{"line":21,"column":18},"end":{"line":21,"column":19}},"loc":{"start":{"line":21,"column":24},"end":{"line":21,"column":28}},"line":21},"4":{"name":"(anonymous_4)","decl":{"start":{"line":24,"column":4},"end":{"line":24,"column":5}},"loc":{"start":{"line":24,"column":33},"end":{"line":38,"column":5}},"line":24},"5":{"name":"(anonymous_5)","decl":{"start":{"line":26,"column":18},"end":{"line":26,"column":19}},"loc":{"start":{"line":26,"column":24},"end":{"line":31,"column":13}},"line":26},"6":{"name":"(anonymous_6)","decl":{"start":{"line":32,"column":18},"end":{"line":32,"column":19}},"loc":{"start":{"line":32,"column":26},"end":{"line":37,"column":13}},"line":32},"7":{"name":"(anonymous_7)","decl":{"start":{"line":40,"column":4},"end":{"line":40,"column":5}},"loc":{"start":{"line":40,"column":48},"end":{"line":58,"column":5}},"line":40},"8":{"name":"(anonymous_8)","decl":{"start":{"line":42,"column":18},"end":{"line":42,"column":19}},"loc":{"start":{"line":42,"column":24},"end":{"line":48,"column":13}},"line":42},"9":{"name":"(anonymous_9)","decl":{"start":{"line":49,"column":18},"end":{"line":49,"column":19}},"loc":{"start":{"line":49,"column":26},"end":{"line":56,"column":13}},"line":49},"10":{"name":"(anonymous_10)","decl":{"start":{"line":57,"column":18},"end":{"line":57,"column":19}},"loc":{"start":{"line":57,"column":24},"end":{"line":57,"column":28}},"line":57},"11":{"name":"(anonymous_11)","decl":{"start":{"line":60,"column":4},"end":{"line":60,"column":5}},"loc":{"start":{"line":60,"column":24},"end":{"line":73,"column":5}},"line":60},"12":{"name":"(anonymous_12)","decl":{"start":{"line":62,"column":18},"end":{"line":62,"column":19}},"loc":{"start":{"line":62,"column":24},"end":{"line":67,"column":13}},"line":62},"13":{"name":"(anonymous_13)","decl":{"start":{"line":68,"column":18},"end":{"line":68,"column":19}},"loc":{"start":{"line":68,"column":26},"end":{"line":72,"column":13}},"line":68},"14":{"name":"(anonymous_14)","decl":{"start":{"line":75,"column":4},"end":{"line":75,"column":5}},"loc":{"start":{"line":75,"column":26},"end":{"line":88,"column":5}},"line":75},"15":{"name":"(anonymous_15)","decl":{"start":{"line":77,"column":18},"end":{"line":77,"column":19}},"loc":{"start":{"line":77,"column":24},"end":{"line":82,"column":13}},"line":77},"16":{"name":"(anonymous_16)","decl":{"start":{"line":83,"column":18},"end":{"line":83,"column":19}},"loc":{"start":{"line":83,"column":26},"end":{"line":87,"column":13}},"line":83},"17":{"name":"(anonymous_17)","decl":{"start":{"line":90,"column":4},"end":{"line":90,"column":5}},"loc":{"start":{"line":90,"column":33},"end":{"line":118,"column":5}},"line":90},"18":{"name":"(anonymous_18)","decl":{"start":{"line":92,"column":18},"end":{"line":92,"column":19}},"loc":{"start":{"line":92,"column":24},"end":{"line":117,"column":13}},"line":92},"19":{"name":"(anonymous_19)","decl":{"start":{"line":113,"column":22},"end":{"line":113,"column":23}},"loc":{"start":{"line":113,"column":34},"end":{"line":116,"column":17}},"line":113},"20":{"name":"(anonymous_20)","decl":{"start":{"line":120,"column":4},"end":{"line":120,"column":5}},"loc":{"start":{"line":120,"column":30},"end":{"line":132,"column":5}},"line":120},"21":{"name":"(anonymous_21)","decl":{"start":{"line":122,"column":18},"end":{"line":122,"column":19}},"loc":{"start":{"line":122,"column":23},"end":{"line":127,"column":13}},"line":122},"22":{"name":"(anonymous_22)","decl":{"start":{"line":128,"column":18},"end":{"line":128,"column":19}},"loc":{"start":{"line":128,"column":29},"end":{"line":131,"column":13}},"line":128},"23":{"name":"(anonymous_23)","decl":{"start":{"line":134,"column":4},"end":{"line":134,"column":5}},"loc":{"start":{"line":134,"column":24},"end":{"line":146,"column":5}},"line":134},"24":{"name":"(anonymous_24)","decl":{"start":{"line":136,"column":18},"end":{"line":136,"column":19}},"loc":{"start":{"line":136,"column":24},"end":{"line":141,"column":13}},"line":136},"25":{"name":"(anonymous_25)","decl":{"start":{"line":142,"column":18},"end":{"line":142,"column":19}},"loc":{"start":{"line":142,"column":26},"end":{"line":145,"column":13}},"line":142}},"branchMap":{"0":{"loc":{"start":{"line":17,"column":16},"end":{"line":17,"column":67}},"type":"if","locations":[{"start":{"line":17,"column":16},"end":{"line":17,"column":67}},{"start":{"line":17,"column":16},"end":{"line":17,"column":67}}],"line":17},"1":{"loc":{"start":{"line":33,"column":16},"end":{"line":33,"column":69}},"type":"if","locations":[{"start":{"line":33,"column":16},"end":{"line":33,"column":69}},{"start":{"line":33,"column":16},"end":{"line":33,"column":69}}],"line":33},"2":{"loc":{"start":{"line":34,"column":16},"end":{"line":34,"column":81}},"type":"if","locations":[{"start":{"line":34,"column":16},"end":{"line":34,"column":81}},{"start":{"line":34,"column":16},"end":{"line":34,"column":81}}],"line":34},"3":{"loc":{"start":{"line":50,"column":16},"end":{"line":50,"column":69}},"type":"if","locations":[{"start":{"line":50,"column":16},"end":{"line":50,"column":69}},{"start":{"line":50,"column":16},"end":{"line":50,"column":69}}],"line":50},"4":{"loc":{"start":{"line":51,"column":16},"end":{"line":51,"column":81}},"type":"if","locations":[{"start":{"line":51,"column":16},"end":{"line":51,"column":81}},{"start":{"line":51,"column":16},"end":{"line":51,"column":81}}],"line":51},"5":{"loc":{"start":{"line":52,"column":16},"end":{"line":52,"column":99}},"type":"if","locations":[{"start":{"line":52,"column":16},"end":{"line":52,"column":99}},{"start":{"line":52,"column":16},"end":{"line":52,"column":99}}],"line":52},"6":{"loc":{"start":{"line":69,"column":16},"end":{"line":69,"column":64}},"type":"if","locations":[{"start":{"line":69,"column":16},"end":{"line":69,"column":64}},{"start":{"line":69,"column":16},"end":{"line":69,"column":64}}],"line":69},"7":{"loc":{"start":{"line":84,"column":16},"end":{"line":84,"column":64}},"type":"if","locations":[{"start":{"line":84,"column":16},"end":{"line":84,"column":64}},{"start":{"line":84,"column":16},"end":{"line":84,"column":64}}],"line":84},"8":{"loc":{"start":{"line":95,"column":16},"end":{"line":102,"column":17}},"type":"if","locations":[{"start":{"line":95,"column":16},"end":{"line":102,"column":17}},{"start":{"line":95,"column":16},"end":{"line":102,"column":17}}],"line":95},"9":{"loc":{"start":{"line":103,"column":16},"end":{"line":106,"column":17}},"type":"if","locations":[{"start":{"line":103,"column":16},"end":{"line":106,"column":17}},{"start":{"line":103,"column":16},"end":{"line":106,"column":17}}],"line":103},"10":{"loc":{"start":{"line":114,"column":20},"end":{"line":114,"column":78}},"type":"if","locations":[{"start":{"line":114,"column":20},"end":{"line":114,"column":78}},{"start":{"line":114,"column":20},"end":{"line":114,"column":78}}],"line":114},"11":{"loc":{"start":{"line":129,"column":16},"end":{"line":129,"column":70}},"type":"if","locations":[{"start":{"line":129,"column":16},"end":{"line":129,"column":70}},{"start":{"line":129,"column":16},"end":{"line":129,"column":70}}],"line":129},"12":{"loc":{"start":{"line":143,"column":16},"end":{"line":143,"column":64}},"type":"if","locations":[{"start":{"line":143,"column":16},"end":{"line":143,"column":64}},{"start":{"line":143,"column":16},"end":{"line":143,"column":64}}],"line":143}},"s":{"0":1,"1":1,"2":1,"3":26,"4":26,"5":20,"6":14,"7":8,"8":2,"9":2,"10":1,"11":1,"12":1,"13":12,"14":12,"15":7,"16":3,"17":3,"18":1,"19":2,"20":1,"21":1,"22":22,"23":22,"24":16,"25":10,"26":4,"27":4,"28":1,"29":3,"30":1,"31":2,"32":1,"33":1,"34":1,"35":1,"36":2,"37":2,"38":2,"39":2,"40":2,"41":1,"42":1,"43":1,"44":1,"45":1,"46":1,"47":1,"48":0,"49":1,"50":1,"51":5,"52":5,"53":5,"54":4,"55":2,"56":3,"57":2,"58":2,"59":3,"60":3,"61":2,"62":1,"63":2,"64":2,"65":2,"66":1,"67":1,"68":0,"69":1,"70":2,"71":2,"72":2,"73":1,"74":1,"75":0,"76":1,"77":1},"f":{"0":26,"1":26,"2":2,"3":1,"4":12,"5":12,"6":3,"7":22,"8":22,"9":4,"10":1,"11":2,"12":2,"13":2,"14":1,"15":1,"16":1,"17":5,"18":5,"19":3,"20":2,"21":2,"22":1,"23":2,"24":2,"25":1},"b":{"0":[1,1],"1":[1,2],"2":[1,1],"3":[1,3],"4":[1,2],"5":[1,1],"6":[1,1],"7":[0,1],"8":[4,1],"9":[2,1],"10":[2,1],"11":[0,1],"12":[0,1]},"_coverageSchema":"d34fc3e6b8297bcde183f5492bcb8fcb36775295","hash":"779a4c57087c929ad028409870e30e756e8828b3","contentHash":"db61588a01555edb50bf8cd9f3507031"},"C:\\Users\\Javi\\Desktop\\thunder_bid\\server\\data\\models\\index.js":{"path":"C:\\Users\\Javi\\Desktop\\thunder_bid\\server\\data\\models\\index.js","statementMap":{"0":{"start":{"line":3,"column":12},"end":{"line":3,"column":28}},"1":{"start":{"line":4,"column":16},"end":{"line":4,"column":36}},"2":{"start":{"line":5,"column":13},"end":{"line":5,"column":30}},"3":{"start":{"line":7,"column":0},"end":{"line":11,"column":1}}},"fnMap":{},"branchMap":{},"s":{"0":1,"1":1,"2":1,"3":1},"f":{},"b":{},"_coverageSchema":"d34fc3e6b8297bcde183f5492bcb8fcb36775295","hash":"4761d947a7736664046f3e9e74aa13659762af0e","contentHash":"56e3f787e5d25ecd3af41a435e9ec4bf"},"C:\\Users\\Javi\\Desktop\\thunder_bid\\server\\data\\models\\bid.js":{"path":"C:\\Users\\Javi\\Desktop\\thunder_bid\\server\\data\\models\\bid.js","statementMap":{"0":{"start":{"line":3,"column":17},"end":{"line":3,"column":36}},"1":{"start":{"line":4,"column":16},"end":{"line":4,"column":36}},"2":{"start":{"line":6,"column":0},"end":{"line":6,"column":43}}},"fnMap":{},"branchMap":{},"s":{"0":1,"1":1,"2":1},"f":{},"b":{},"_coverageSchema":"d34fc3e6b8297bcde183f5492bcb8fcb36775295","hash":"29e4270abac5f7d787bd2bc3c834628ceb936652","contentHash":"93ff184c0dd08e23cd2807552c1f256a"},"C:\\Users\\Javi\\Desktop\\thunder_bid\\server\\data\\models\\schemas\\index.js":{"path":"C:\\Users\\Javi\\Desktop\\thunder_bid\\server\\data\\models\\schemas\\index.js","statementMap":{"0":{"start":{"line":1,"column":12},"end":{"line":1,"column":28}},"1":{"start":{"line":2,"column":16},"end":{"line":2,"column":36}},"2":{"start":{"line":3,"column":13},"end":{"line":3,"column":30}},"3":{"start":{"line":5,"column":0},"end":{"line":9,"column":1}}},"fnMap":{},"branchMap":{},"s":{"0":1,"1":1,"2":1,"3":1},"f":{},"b":{},"_coverageSchema":"d34fc3e6b8297bcde183f5492bcb8fcb36775295","hash":"1f9140fccd11dff238c2da5065d5efacaf0b3370","contentHash":"211b241f80e695552391232c70e07b25"},"C:\\Users\\Javi\\Desktop\\thunder_bid\\server\\data\\models\\schemas\\bid.js":{"path":"C:\\Users\\Javi\\Desktop\\thunder_bid\\server\\data\\models\\schemas\\bid.js","statementMap":{"0":{"start":{"line":3,"column":52},"end":{"line":3,"column":71}},"1":{"start":{"line":5,"column":0},"end":{"line":21,"column":2}}},"fnMap":{},"branchMap":{},"s":{"0":1,"1":1},"f":{},"b":{},"_coverageSchema":"d34fc3e6b8297bcde183f5492bcb8fcb36775295","hash":"4646d14f3a87d2f6d1584ca7f4b54ebe07808a06","contentHash":"419bebcbad4b7f2bc192ce538774d0f3"},"C:\\Users\\Javi\\Desktop\\thunder_bid\\server\\data\\models\\schemas\\product.js":{"path":"C:\\Users\\Javi\\Desktop\\thunder_bid\\server\\data\\models\\schemas\\product.js","statementMap":{"0":{"start":{"line":3,"column":52},"end":{"line":3,"column":71}},"1":{"start":{"line":4,"column":12},"end":{"line":4,"column":28}},"2":{"start":{"line":7,"column":0},"end":{"line":40,"column":2}}},"fnMap":{},"branchMap":{},"s":{"0":1,"1":1,"2":1},"f":{},"b":{},"_coverageSchema":"d34fc3e6b8297bcde183f5492bcb8fcb36775295","hash":"cbf79a5ecd328652e4af97455cdd53b64d31000d","contentHash":"7acb4f8329f281e1b950b4f9e446c6ae"},"C:\\Users\\Javi\\Desktop\\thunder_bid\\server\\data\\models\\schemas\\user.js":{"path":"C:\\Users\\Javi\\Desktop\\thunder_bid\\server\\data\\models\\schemas\\user.js","statementMap":{"0":{"start":{"line":3,"column":52},"end":{"line":3,"column":71}},"1":{"start":{"line":5,"column":0},"end":{"line":43,"column":2}}},"fnMap":{},"branchMap":{},"s":{"0":1,"1":1},"f":{},"b":{},"_coverageSchema":"d34fc3e6b8297bcde183f5492bcb8fcb36775295","hash":"2def9c54f5e32d9a318eb4c3d48428f1207a91bf","contentHash":"108dbbd8d0a90411b47b9407e0e01f7b"},"C:\\Users\\Javi\\Desktop\\thunder_bid\\server\\data\\models\\product.js":{"path":"C:\\Users\\Javi\\Desktop\\thunder_bid\\server\\data\\models\\product.js","statementMap":{"0":{"start":{"line":3,"column":17},"end":{"line":3,"column":36}},"1":{"start":{"line":4,"column":20},"end":{"line":4,"column":40}},"2":{"start":{"line":6,"column":0},"end":{"line":6,"column":51}}},"fnMap":{},"branchMap":{},"s":{"0":1,"1":1,"2":1},"f":{},"b":{},"_coverageSchema":"d34fc3e6b8297bcde183f5492bcb8fcb36775295","hash":"1038a65d1bc990afce3d5a3d5b26b74d03d13950","contentHash":"085f194e0cb1d0424da3d82fe85a1edb"},"C:\\Users\\Javi\\Desktop\\thunder_bid\\server\\data\\models\\user.js":{"path":"C:\\Users\\Javi\\Desktop\\thunder_bid\\server\\data\\models\\user.js","statementMap":{"0":{"start":{"line":3,"column":17},"end":{"line":3,"column":36}},"1":{"start":{"line":4,"column":17},"end":{"line":4,"column":37}},"2":{"start":{"line":6,"column":0},"end":{"line":6,"column":45}}},"fnMap":{},"branchMap":{},"s":{"0":1,"1":1,"2":1},"f":{},"b":{},"_coverageSchema":"d34fc3e6b8297bcde183f5492bcb8fcb36775295","hash":"9e90d38670f5be855c27c8f4b226f6600b62c287","contentHash":"da4a7b905dcaf4d13cb03b337adbeee7"},"C:\\Users\\Javi\\Desktop\\thunder_bid\\server\\utils\\validate\\index.js":{"path":"C:\\Users\\Javi\\Desktop\\thunder_bid\\server\\utils\\validate\\index.js","statementMap":{"0":{"start":{"line":3,"column":17},"end":{"line":21,"column":1}},"1":{"start":{"line":6,"column":8},"end":{"line":6,"column":157}},"2":{"start":{"line":6,"column":123},"end":{"line":6,"column":157}},"3":{"start":{"line":10,"column":18},"end":{"line":10,"column":148}},"4":{"start":{"line":11,"column":8},"end":{"line":11,"column":50}},"5":{"start":{"line":11,"column":18},"end":{"line":11,"column":50}},"6":{"start":{"line":15,"column":8},"end":{"line":15,"column":80}},"7":{"start":{"line":15,"column":40},"end":{"line":15,"column":80}},"8":{"start":{"line":19,"column":8},"end":{"line":19,"column":117}},"9":{"start":{"line":19,"column":83},"end":{"line":19,"column":117}},"10":{"start":{"line":23,"column":1},"end":{"line":23,"column":30}}},"fnMap":{"0":{"name":"(anonymous_0)","decl":{"start":{"line":5,"column":4},"end":{"line":5,"column":5}},"loc":{"start":{"line":5,"column":38},"end":{"line":7,"column":5}},"line":5},"1":{"name":"(anonymous_1)","decl":{"start":{"line":9,"column":4},"end":{"line":9,"column":5}},"loc":{"start":{"line":9,"column":26},"end":{"line":12,"column":5}},"line":9},"2":{"name":"(anonymous_2)","decl":{"start":{"line":14,"column":4},"end":{"line":14,"column":5}},"loc":{"start":{"line":14,"column":27},"end":{"line":16,"column":5}},"line":14},"3":{"name":"(anonymous_3)","decl":{"start":{"line":18,"column":4},"end":{"line":18,"column":5}},"loc":{"start":{"line":18,"column":38},"end":{"line":20,"column":5}},"line":18}},"branchMap":{"0":{"loc":{"start":{"line":6,"column":8},"end":{"line":6,"column":157}},"type":"if","locations":[{"start":{"line":6,"column":8},"end":{"line":6,"column":157}},{"start":{"line":6,"column":8},"end":{"line":6,"column":157}}],"line":6},"1":{"loc":{"start":{"line":6,"column":12},"end":{"line":6,"column":121}},"type":"binary-expr","locations":[{"start":{"line":6,"column":12},"end":{"line":6,"column":37}},{"start":{"line":6,"column":41},"end":{"line":6,"column":54}},{"start":{"line":6,"column":58},"end":{"line":6,"column":81}},{"start":{"line":6,"column":85},"end":{"line":6,"column":121}}],"line":6},"2":{"loc":{"start":{"line":11,"column":8},"end":{"line":11,"column":50}},"type":"if","locations":[{"start":{"line":11,"column":8},"end":{"line":11,"column":50}},{"start":{"line":11,"column":8},"end":{"line":11,"column":50}}],"line":11},"3":{"loc":{"start":{"line":15,"column":8},"end":{"line":15,"column":80}},"type":"if","locations":[{"start":{"line":15,"column":8},"end":{"line":15,"column":80}},{"start":{"line":15,"column":8},"end":{"line":15,"column":80}}],"line":15},"4":{"loc":{"start":{"line":19,"column":8},"end":{"line":19,"column":117}},"type":"if","locations":[{"start":{"line":19,"column":8},"end":{"line":19,"column":117}},{"start":{"line":19,"column":8},"end":{"line":19,"column":117}}],"line":19},"5":{"loc":{"start":{"line":19,"column":12},"end":{"line":19,"column":81}},"type":"binary-expr","locations":[{"start":{"line":19,"column":12},"end":{"line":19,"column":37}},{"start":{"line":19,"column":41},"end":{"line":19,"column":54}},{"start":{"line":19,"column":58},"end":{"line":19,"column":81}}],"line":19}},"s":{"0":1,"1":84,"2":36,"3":60,"4":60,"5":17,"6":0,"7":0,"8":4,"9":2,"10":1},"f":{"0":84,"1":60,"2":0,"3":4},"b":{"0":[36,48],"1":[84,72,66,53],"2":[17,43],"3":[0,0],"4":[2,2],"5":[4,4,4]},"_coverageSchema":"d34fc3e6b8297bcde183f5492bcb8fcb36775295","hash":"82e8d7719e0f0d2b0d5b80e560e1b559a701dba8","contentHash":"888d32648c76e16672d2a79885d459f0"},"C:\\Users\\Javi\\Desktop\\thunder_bid\\server\\logic\\index.spec.js":{"path":"C:\\Users\\Javi\\Desktop\\thunder_bid\\server\\logic\\index.spec.js","statementMap":{"0":{"start":{"line":2,"column":0},"end":{"line":2,"column":27}},"1":{"start":{"line":5,"column":18},"end":{"line":5,"column":30}},"2":{"start":{"line":6,"column":19},"end":{"line":6,"column":34}},"3":{"start":{"line":7,"column":17},"end":{"line":7,"column":36}},"4":{"start":{"line":8,"column":41},"end":{"line":8,"column":59}},"5":{"start":{"line":11,"column":31},"end":{"line":11,"column":38}},"6":{"start":{"line":13,"column":0},"end":{"line":640,"column":2}},"7":{"start":{"line":16,"column":18},"end":{"line":16,"column":36}},"8":{"start":{"line":16,"column":49},"end":{"line":16,"column":54}},"9":{"start":{"line":16,"column":63},"end":{"line":16,"column":69}},"10":{"start":{"line":16,"column":81},"end":{"line":16,"column":88}},"11":{"start":{"line":16,"column":97},"end":{"line":16,"column":105}},"12":{"start":{"line":18,"column":4},"end":{"line":21,"column":5}},"13":{"start":{"line":19,"column":8},"end":{"line":20,"column":45}},"14":{"start":{"line":20,"column":26},"end":{"line":20,"column":44}},"15":{"start":{"line":24,"column":4},"end":{"line":26,"column":6}},"16":{"start":{"line":25,"column":8},"end":{"line":25,"column":75}},"17":{"start":{"line":28,"column":4},"end":{"line":206,"column":6}},"18":{"start":{"line":29,"column":8},"end":{"line":49,"column":9}},"19":{"start":{"line":30,"column":12},"end":{"line":48,"column":18}},"20":{"start":{"line":32,"column":20},"end":{"line":32,"column":43}},"21":{"start":{"line":34,"column":20},"end":{"line":34,"column":73}},"22":{"start":{"line":37,"column":20},"end":{"line":37,"column":42}},"23":{"start":{"line":39,"column":20},"end":{"line":39,"column":50}},"24":{"start":{"line":42,"column":20},"end":{"line":42,"column":41}},"25":{"start":{"line":43,"column":20},"end":{"line":43,"column":54}},"26":{"start":{"line":44,"column":20},"end":{"line":44,"column":60}},"27":{"start":{"line":45,"column":20},"end":{"line":45,"column":52}},"28":{"start":{"line":46,"column":20},"end":{"line":46,"column":58}},"29":{"start":{"line":47,"column":20},"end":{"line":47,"column":38}},"30":{"start":{"line":51,"column":8},"end":{"line":58,"column":9}},"31":{"start":{"line":52,"column":12},"end":{"line":57,"column":91}},"32":{"start":{"line":54,"column":20},"end":{"line":54,"column":73}},"33":{"start":{"line":56,"column":30},"end":{"line":56,"column":33}},"34":{"start":{"line":57,"column":39},"end":{"line":57,"column":90}},"35":{"start":{"line":60,"column":8},"end":{"line":64,"column":9}},"36":{"start":{"line":61,"column":12},"end":{"line":63,"column":81}},"37":{"start":{"line":62,"column":30},"end":{"line":62,"column":33}},"38":{"start":{"line":63,"column":39},"end":{"line":63,"column":80}},"39":{"start":{"line":66,"column":8},"end":{"line":70,"column":9}},"40":{"start":{"line":67,"column":12},"end":{"line":69,"column":81}},"41":{"start":{"line":68,"column":30},"end":{"line":68,"column":33}},"42":{"start":{"line":69,"column":39},"end":{"line":69,"column":80}},"43":{"start":{"line":72,"column":8},"end":{"line":76,"column":9}},"44":{"start":{"line":73,"column":12},"end":{"line":75,"column":81}},"45":{"start":{"line":74,"column":30},"end":{"line":74,"column":33}},"46":{"start":{"line":75,"column":39},"end":{"line":75,"column":80}},"47":{"start":{"line":78,"column":8},"end":{"line":82,"column":9}},"48":{"start":{"line":79,"column":12},"end":{"line":81,"column":81}},"49":{"start":{"line":80,"column":30},"end":{"line":80,"column":33}},"50":{"start":{"line":81,"column":39},"end":{"line":81,"column":80}},"51":{"start":{"line":84,"column":8},"end":{"line":88,"column":9}},"52":{"start":{"line":85,"column":12},"end":{"line":87,"column":81}},"53":{"start":{"line":86,"column":30},"end":{"line":86,"column":33}},"54":{"start":{"line":87,"column":39},"end":{"line":87,"column":80}},"55":{"start":{"line":90,"column":8},"end":{"line":94,"column":9}},"56":{"start":{"line":91,"column":12},"end":{"line":93,"column":81}},"57":{"start":{"line":92,"column":30},"end":{"line":92,"column":33}},"58":{"start":{"line":93,"column":39},"end":{"line":93,"column":80}},"59":{"start":{"line":96,"column":8},"end":{"line":100,"column":9}},"60":{"start":{"line":97,"column":12},"end":{"line":99,"column":84}},"61":{"start":{"line":98,"column":30},"end":{"line":98,"column":33}},"62":{"start":{"line":99,"column":39},"end":{"line":99,"column":83}},"63":{"start":{"line":102,"column":8},"end":{"line":106,"column":9}},"64":{"start":{"line":103,"column":12},"end":{"line":105,"column":84}},"65":{"start":{"line":104,"column":30},"end":{"line":104,"column":33}},"66":{"start":{"line":105,"column":39},"end":{"line":105,"column":83}},"67":{"start":{"line":108,"column":8},"end":{"line":112,"column":9}},"68":{"start":{"line":109,"column":12},"end":{"line":111,"column":84}},"69":{"start":{"line":110,"column":30},"end":{"line":110,"column":33}},"70":{"start":{"line":111,"column":39},"end":{"line":111,"column":83}},"71":{"start":{"line":114,"column":8},"end":{"line":118,"column":9}},"72":{"start":{"line":115,"column":12},"end":{"line":117,"column":84}},"73":{"start":{"line":116,"column":30},"end":{"line":116,"column":33}},"74":{"start":{"line":117,"column":39},"end":{"line":117,"column":83}},"75":{"start":{"line":120,"column":8},"end":{"line":124,"column":9}},"76":{"start":{"line":121,"column":12},"end":{"line":123,"column":84}},"77":{"start":{"line":122,"column":30},"end":{"line":122,"column":33}},"78":{"start":{"line":123,"column":39},"end":{"line":123,"column":83}},"79":{"start":{"line":126,"column":8},"end":{"line":130,"column":9}},"80":{"start":{"line":127,"column":12},"end":{"line":129,"column":84}},"81":{"start":{"line":128,"column":30},"end":{"line":128,"column":33}},"82":{"start":{"line":129,"column":39},"end":{"line":129,"column":83}},"83":{"start":{"line":133,"column":8},"end":{"line":137,"column":9}},"84":{"start":{"line":134,"column":12},"end":{"line":136,"column":80}},"85":{"start":{"line":135,"column":30},"end":{"line":135,"column":33}},"86":{"start":{"line":136,"column":39},"end":{"line":136,"column":79}},"87":{"start":{"line":139,"column":8},"end":{"line":143,"column":9}},"88":{"start":{"line":140,"column":12},"end":{"line":142,"column":80}},"89":{"start":{"line":141,"column":30},"end":{"line":141,"column":33}},"90":{"start":{"line":142,"column":39},"end":{"line":142,"column":79}},"91":{"start":{"line":145,"column":8},"end":{"line":149,"column":9}},"92":{"start":{"line":146,"column":12},"end":{"line":148,"column":80}},"93":{"start":{"line":147,"column":30},"end":{"line":147,"column":33}},"94":{"start":{"line":148,"column":39},"end":{"line":148,"column":79}},"95":{"start":{"line":151,"column":8},"end":{"line":155,"column":9}},"96":{"start":{"line":152,"column":12},"end":{"line":154,"column":80}},"97":{"start":{"line":153,"column":30},"end":{"line":153,"column":33}},"98":{"start":{"line":154,"column":39},"end":{"line":154,"column":79}},"99":{"start":{"line":157,"column":8},"end":{"line":161,"column":9}},"100":{"start":{"line":158,"column":12},"end":{"line":160,"column":80}},"101":{"start":{"line":159,"column":30},"end":{"line":159,"column":33}},"102":{"start":{"line":160,"column":39},"end":{"line":160,"column":79}},"103":{"start":{"line":163,"column":8},"end":{"line":167,"column":9}},"104":{"start":{"line":164,"column":12},"end":{"line":166,"column":80}},"105":{"start":{"line":165,"column":30},"end":{"line":165,"column":33}},"106":{"start":{"line":166,"column":39},"end":{"line":166,"column":79}},"107":{"start":{"line":170,"column":8},"end":{"line":174,"column":9}},"108":{"start":{"line":171,"column":12},"end":{"line":173,"column":79}},"109":{"start":{"line":172,"column":26},"end":{"line":172,"column":29}},"110":{"start":{"line":173,"column":35},"end":{"line":173,"column":78}},"111":{"start":{"line":176,"column":8},"end":{"line":180,"column":9}},"112":{"start":{"line":177,"column":12},"end":{"line":179,"column":83}},"113":{"start":{"line":178,"column":30},"end":{"line":178,"column":33}},"114":{"start":{"line":179,"column":39},"end":{"line":179,"column":82}},"115":{"start":{"line":182,"column":8},"end":{"line":186,"column":9}},"116":{"start":{"line":183,"column":12},"end":{"line":185,"column":83}},"117":{"start":{"line":184,"column":30},"end":{"line":184,"column":33}},"118":{"start":{"line":185,"column":39},"end":{"line":185,"column":82}},"119":{"start":{"line":188,"column":8},"end":{"line":192,"column":9}},"120":{"start":{"line":189,"column":12},"end":{"line":191,"column":83}},"121":{"start":{"line":190,"column":30},"end":{"line":190,"column":33}},"122":{"start":{"line":191,"column":39},"end":{"line":191,"column":82}},"123":{"start":{"line":194,"column":8},"end":{"line":198,"column":9}},"124":{"start":{"line":195,"column":12},"end":{"line":197,"column":83}},"125":{"start":{"line":196,"column":30},"end":{"line":196,"column":33}},"126":{"start":{"line":197,"column":39},"end":{"line":197,"column":82}},"127":{"start":{"line":200,"column":8},"end":{"line":204,"column":9}},"128":{"start":{"line":201,"column":12},"end":{"line":203,"column":83}},"129":{"start":{"line":202,"column":30},"end":{"line":202,"column":33}},"130":{"start":{"line":203,"column":39},"end":{"line":203,"column":82}},"131":{"start":{"line":208,"column":4},"end":{"line":287,"column":6}},"132":{"start":{"line":209,"column":33},"end":{"line":209,"column":48}},"133":{"start":{"line":209,"column":70},"end":{"line":209,"column":78}},"134":{"start":{"line":209,"column":87},"end":{"line":209,"column":105}},"135":{"start":{"line":209,"column":118},"end":{"line":209,"column":123}},"136":{"start":{"line":209,"column":132},"end":{"line":209,"column":138}},"137":{"start":{"line":209,"column":150},"end":{"line":209,"column":157}},"138":{"start":{"line":212,"column":8},"end":{"line":212,"column":73}},"139":{"start":{"line":212,"column":25},"end":{"line":212,"column":72}},"140":{"start":{"line":214,"column":8},"end":{"line":219,"column":9}},"141":{"start":{"line":215,"column":12},"end":{"line":218,"column":18}},"142":{"start":{"line":217,"column":20},"end":{"line":217,"column":42}},"143":{"start":{"line":221,"column":8},"end":{"line":225,"column":9}},"144":{"start":{"line":222,"column":12},"end":{"line":224,"column":81}},"145":{"start":{"line":223,"column":30},"end":{"line":223,"column":33}},"146":{"start":{"line":224,"column":39},"end":{"line":224,"column":80}},"147":{"start":{"line":227,"column":8},"end":{"line":231,"column":9}},"148":{"start":{"line":228,"column":12},"end":{"line":230,"column":81}},"149":{"start":{"line":229,"column":30},"end":{"line":229,"column":33}},"150":{"start":{"line":230,"column":39},"end":{"line":230,"column":80}},"151":{"start":{"line":233,"column":8},"end":{"line":237,"column":9}},"152":{"start":{"line":234,"column":12},"end":{"line":236,"column":81}},"153":{"start":{"line":235,"column":30},"end":{"line":235,"column":33}},"154":{"start":{"line":236,"column":39},"end":{"line":236,"column":80}},"155":{"start":{"line":239,"column":8},"end":{"line":243,"column":9}},"156":{"start":{"line":240,"column":12},"end":{"line":242,"column":81}},"157":{"start":{"line":241,"column":30},"end":{"line":241,"column":33}},"158":{"start":{"line":242,"column":39},"end":{"line":242,"column":80}},"159":{"start":{"line":245,"column":8},"end":{"line":249,"column":9}},"160":{"start":{"line":246,"column":12},"end":{"line":248,"column":77}},"161":{"start":{"line":247,"column":26},"end":{"line":247,"column":29}},"162":{"start":{"line":248,"column":35},"end":{"line":248,"column":76}},"163":{"start":{"line":251,"column":8},"end":{"line":255,"column":9}},"164":{"start":{"line":252,"column":12},"end":{"line":254,"column":103}},"165":{"start":{"line":253,"column":30},"end":{"line":253,"column":33}},"166":{"start":{"line":254,"column":39},"end":{"line":254,"column":102}},"167":{"start":{"line":257,"column":8},"end":{"line":261,"column":9}},"168":{"start":{"line":258,"column":12},"end":{"line":260,"column":80}},"169":{"start":{"line":259,"column":26},"end":{"line":259,"column":29}},"170":{"start":{"line":260,"column":35},"end":{"line":260,"column":79}},"171":{"start":{"line":263,"column":8},"end":{"line":267,"column":9}},"172":{"start":{"line":264,"column":12},"end":{"line":266,"column":84}},"173":{"start":{"line":265,"column":30},"end":{"line":265,"column":33}},"174":{"start":{"line":266,"column":39},"end":{"line":266,"column":83}},"175":{"start":{"line":269,"column":8},"end":{"line":273,"column":9}},"176":{"start":{"line":270,"column":12},"end":{"line":272,"column":84}},"177":{"start":{"line":271,"column":30},"end":{"line":271,"column":33}},"178":{"start":{"line":272,"column":39},"end":{"line":272,"column":83}},"179":{"start":{"line":275,"column":8},"end":{"line":279,"column":9}},"180":{"start":{"line":276,"column":12},"end":{"line":278,"column":84}},"181":{"start":{"line":277,"column":30},"end":{"line":277,"column":33}},"182":{"start":{"line":278,"column":39},"end":{"line":278,"column":83}},"183":{"start":{"line":281,"column":8},"end":{"line":285,"column":5}},"184":{"start":{"line":282,"column":8},"end":{"line":284,"column":78}},"185":{"start":{"line":283,"column":26},"end":{"line":283,"column":29}},"186":{"start":{"line":284,"column":35},"end":{"line":284,"column":77}},"187":{"start":{"line":289,"column":4},"end":{"line":434,"column":6}},"188":{"start":{"line":290,"column":28},"end":{"line":290,"column":36}},"189":{"start":{"line":290,"column":57},"end":{"line":290,"column":72}},"190":{"start":{"line":290,"column":81},"end":{"line":290,"column":99}},"191":{"start":{"line":290,"column":112},"end":{"line":290,"column":117}},"192":{"start":{"line":290,"column":126},"end":{"line":290,"column":132}},"193":{"start":{"line":290,"column":144},"end":{"line":290,"column":151}},"194":{"start":{"line":290,"column":169},"end":{"line":290,"column":174}},"195":{"start":{"line":293,"column":8},"end":{"line":293,"column":73}},"196":{"start":{"line":293,"column":25},"end":{"line":293,"column":72}},"197":{"start":{"line":295,"column":8},"end":{"line":307,"column":9}},"198":{"start":{"line":296,"column":12},"end":{"line":306,"column":18}},"199":{"start":{"line":298,"column":20},"end":{"line":298,"column":42}},"200":{"start":{"line":300,"column":20},"end":{"line":300,"column":50}},"201":{"start":{"line":303,"column":20},"end":{"line":303,"column":41}},"202":{"start":{"line":304,"column":20},"end":{"line":304,"column":54}},"203":{"start":{"line":305,"column":20},"end":{"line":305,"column":63}},"204":{"start":{"line":309,"column":8},"end":{"line":313,"column":9}},"205":{"start":{"line":310,"column":12},"end":{"line":312,"column":88}},"206":{"start":{"line":311,"column":30},"end":{"line":311,"column":33}},"207":{"start":{"line":312,"column":39},"end":{"line":312,"column":87}},"208":{"start":{"line":315,"column":8},"end":{"line":319,"column":9}},"209":{"start":{"line":316,"column":12},"end":{"line":318,"column":88}},"210":{"start":{"line":317,"column":30},"end":{"line":317,"column":33}},"211":{"start":{"line":318,"column":39},"end":{"line":318,"column":87}},"212":{"start":{"line":321,"column":8},"end":{"line":325,"column":9}},"213":{"start":{"line":322,"column":12},"end":{"line":324,"column":88}},"214":{"start":{"line":323,"column":30},"end":{"line":323,"column":33}},"215":{"start":{"line":324,"column":39},"end":{"line":324,"column":87}},"216":{"start":{"line":327,"column":8},"end":{"line":331,"column":9}},"217":{"start":{"line":328,"column":12},"end":{"line":330,"column":88}},"218":{"start":{"line":329,"column":30},"end":{"line":329,"column":33}},"219":{"start":{"line":330,"column":39},"end":{"line":330,"column":87}},"220":{"start":{"line":333,"column":8},"end":{"line":337,"column":9}},"221":{"start":{"line":334,"column":12},"end":{"line":336,"column":88}},"222":{"start":{"line":335,"column":30},"end":{"line":335,"column":33}},"223":{"start":{"line":336,"column":39},"end":{"line":336,"column":87}},"224":{"start":{"line":339,"column":8},"end":{"line":343,"column":9}},"225":{"start":{"line":340,"column":12},"end":{"line":342,"column":88}},"226":{"start":{"line":341,"column":30},"end":{"line":341,"column":33}},"227":{"start":{"line":342,"column":39},"end":{"line":342,"column":87}},"228":{"start":{"line":345,"column":8},"end":{"line":349,"column":9}},"229":{"start":{"line":346,"column":12},"end":{"line":348,"column":98}},"230":{"start":{"line":347,"column":30},"end":{"line":347,"column":33}},"231":{"start":{"line":348,"column":39},"end":{"line":348,"column":97}},"232":{"start":{"line":351,"column":8},"end":{"line":355,"column":9}},"233":{"start":{"line":352,"column":12},"end":{"line":354,"column":81}},"234":{"start":{"line":353,"column":30},"end":{"line":353,"column":33}},"235":{"start":{"line":354,"column":39},"end":{"line":354,"column":80}},"236":{"start":{"line":357,"column":8},"end":{"line":361,"column":9}},"237":{"start":{"line":358,"column":12},"end":{"line":360,"column":81}},"238":{"start":{"line":359,"column":30},"end":{"line":359,"column":33}},"239":{"start":{"line":360,"column":39},"end":{"line":360,"column":80}},"240":{"start":{"line":363,"column":8},"end":{"line":367,"column":9}},"241":{"start":{"line":364,"column":12},"end":{"line":366,"column":81}},"242":{"start":{"line":365,"column":30},"end":{"line":365,"column":33}},"243":{"start":{"line":366,"column":39},"end":{"line":366,"column":80}},"244":{"start":{"line":369,"column":8},"end":{"line":373,"column":9}},"245":{"start":{"line":370,"column":12},"end":{"line":372,"column":81}},"246":{"start":{"line":371,"column":30},"end":{"line":371,"column":33}},"247":{"start":{"line":372,"column":39},"end":{"line":372,"column":80}},"248":{"start":{"line":375,"column":8},"end":{"line":379,"column":9}},"249":{"start":{"line":376,"column":12},"end":{"line":378,"column":81}},"250":{"start":{"line":377,"column":30},"end":{"line":377,"column":33}},"251":{"start":{"line":378,"column":39},"end":{"line":378,"column":80}},"252":{"start":{"line":381,"column":8},"end":{"line":385,"column":9}},"253":{"start":{"line":382,"column":12},"end":{"line":384,"column":81}},"254":{"start":{"line":383,"column":30},"end":{"line":383,"column":33}},"255":{"start":{"line":384,"column":39},"end":{"line":384,"column":80}},"256":{"start":{"line":387,"column":8},"end":{"line":391,"column":9}},"257":{"start":{"line":388,"column":12},"end":{"line":390,"column":103}},"258":{"start":{"line":389,"column":30},"end":{"line":389,"column":33}},"259":{"start":{"line":390,"column":39},"end":{"line":390,"column":102}},"260":{"start":{"line":393,"column":8},"end":{"line":397,"column":9}},"261":{"start":{"line":394,"column":12},"end":{"line":396,"column":84}},"262":{"start":{"line":395,"column":30},"end":{"line":395,"column":33}},"263":{"start":{"line":396,"column":39},"end":{"line":396,"column":83}},"264":{"start":{"line":399,"column":8},"end":{"line":403,"column":9}},"265":{"start":{"line":400,"column":12},"end":{"line":402,"column":84}},"266":{"start":{"line":401,"column":30},"end":{"line":401,"column":33}},"267":{"start":{"line":402,"column":39},"end":{"line":402,"column":83}},"268":{"start":{"line":405,"column":8},"end":{"line":409,"column":9}},"269":{"start":{"line":406,"column":12},"end":{"line":408,"column":84}},"270":{"start":{"line":407,"column":30},"end":{"line":407,"column":33}},"271":{"start":{"line":408,"column":39},"end":{"line":408,"column":83}},"272":{"start":{"line":411,"column":8},"end":{"line":415,"column":9}},"273":{"start":{"line":412,"column":12},"end":{"line":414,"column":84}},"274":{"start":{"line":413,"column":30},"end":{"line":413,"column":33}},"275":{"start":{"line":414,"column":39},"end":{"line":414,"column":83}},"276":{"start":{"line":417,"column":8},"end":{"line":421,"column":9}},"277":{"start":{"line":418,"column":12},"end":{"line":420,"column":84}},"278":{"start":{"line":419,"column":30},"end":{"line":419,"column":33}},"279":{"start":{"line":420,"column":39},"end":{"line":420,"column":83}},"280":{"start":{"line":423,"column":8},"end":{"line":427,"column":9}},"281":{"start":{"line":424,"column":12},"end":{"line":426,"column":84}},"282":{"start":{"line":425,"column":30},"end":{"line":425,"column":33}},"283":{"start":{"line":426,"column":39},"end":{"line":426,"column":83}},"284":{"start":{"line":429,"column":8},"end":{"line":433,"column":5}},"285":{"start":{"line":430,"column":8},"end":{"line":432,"column":78}},"286":{"start":{"line":431,"column":26},"end":{"line":431,"column":29}},"287":{"start":{"line":432,"column":35},"end":{"line":432,"column":77}},"288":{"start":{"line":436,"column":4},"end":{"line":478,"column":6}},"289":{"start":{"line":437,"column":21},"end":{"line":437,"column":71}},"290":{"start":{"line":439,"column":20},"end":{"line":439,"column":75}},"291":{"start":{"line":440,"column":21},"end":{"line":440,"column":76}},"292":{"start":{"line":442,"column":24},"end":{"line":452,"column":10}},"293":{"start":{"line":454,"column":8},"end":{"line":454,"column":37}},"294":{"start":{"line":456,"column":8},"end":{"line":462,"column":9}},"295":{"start":{"line":457,"column":11},"end":{"line":461,"column":13}},"296":{"start":{"line":464,"column":8},"end":{"line":471,"column":10}},"297":{"start":{"line":465,"column":12},"end":{"line":470,"column":18}},"298":{"start":{"line":467,"column":20},"end":{"line":467,"column":82}},"299":{"start":{"line":468,"column":20},"end":{"line":468,"column":58}},"300":{"start":{"line":469,"column":20},"end":{"line":469,"column":66}},"301":{"start":{"line":473,"column":8},"end":{"line":477,"column":10}},"302":{"start":{"line":474,"column":12},"end":{"line":476,"column":85}},"303":{"start":{"line":475,"column":30},"end":{"line":475,"column":33}},"304":{"start":{"line":476,"column":37},"end":{"line":476,"column":84}},"305":{"start":{"line":480,"column":4},"end":{"line":514,"column":6}},"306":{"start":{"line":481,"column":21},"end":{"line":481,"column":70}},"307":{"start":{"line":483,"column":24},"end":{"line":493,"column":10}},"308":{"start":{"line":495,"column":8},"end":{"line":495,"column":37}},"309":{"start":{"line":498,"column":8},"end":{"line":503,"column":9}},"310":{"start":{"line":499,"column":11},"end":{"line":502,"column":13}},"311":{"start":{"line":505,"column":8},"end":{"line":513,"column":10}},"312":{"start":{"line":506,"column":12},"end":{"line":512,"column":18}},"313":{"start":{"line":508,"column":20},"end":{"line":508,"column":28}},"314":{"start":{"line":509,"column":20},"end":{"line":509,"column":82}},"315":{"start":{"line":510,"column":20},"end":{"line":510,"column":58}},"316":{"start":{"line":511,"column":20},"end":{"line":511,"column":66}},"317":{"start":{"line":516,"column":4},"end":{"line":566,"column":6}},"318":{"start":{"line":517,"column":24},"end":{"line":527,"column":10}},"319":{"start":{"line":529,"column":8},"end":{"line":532,"column":9}},"320":{"start":{"line":530,"column":11},"end":{"line":531,"column":42}},"321":{"start":{"line":531,"column":27},"end":{"line":531,"column":41}},"322":{"start":{"line":534,"column":8},"end":{"line":541,"column":9}},"323":{"start":{"line":535,"column":12},"end":{"line":540,"column":18}},"324":{"start":{"line":537,"column":20},"end":{"line":537,"column":82}},"325":{"start":{"line":538,"column":20},"end":{"line":538,"column":58}},"326":{"start":{"line":539,"column":20},"end":{"line":539,"column":66}},"327":{"start":{"line":543,"column":8},"end":{"line":547,"column":9}},"328":{"start":{"line":544,"column":12},"end":{"line":546,"column":81}},"329":{"start":{"line":545,"column":30},"end":{"line":545,"column":33}},"330":{"start":{"line":546,"column":39},"end":{"line":546,"column":80}},"331":{"start":{"line":549,"column":8},"end":{"line":553,"column":9}},"332":{"start":{"line":550,"column":12},"end":{"line":552,"column":81}},"333":{"start":{"line":551,"column":30},"end":{"line":551,"column":33}},"334":{"start":{"line":552,"column":39},"end":{"line":552,"column":80}},"335":{"start":{"line":555,"column":8},"end":{"line":559,"column":9}},"336":{"start":{"line":556,"column":12},"end":{"line":558,"column":86}},"337":{"start":{"line":557,"column":30},"end":{"line":557,"column":33}},"338":{"start":{"line":558,"column":39},"end":{"line":558,"column":85}},"339":{"start":{"line":561,"column":8},"end":{"line":565,"column":5}},"340":{"start":{"line":562,"column":12},"end":{"line":564,"column":86}},"341":{"start":{"line":563,"column":30},"end":{"line":563,"column":33}},"342":{"start":{"line":564,"column":39},"end":{"line":564,"column":85}},"343":{"start":{"line":568,"column":4},"end":{"line":602,"column":6}},"344":{"start":{"line":569,"column":24},"end":{"line":579,"column":10}},"345":{"start":{"line":581,"column":8},"end":{"line":584,"column":9}},"346":{"start":{"line":582,"column":11},"end":{"line":583,"column":42}},"347":{"start":{"line":583,"column":27},"end":{"line":583,"column":41}},"348":{"start":{"line":586,"column":8},"end":{"line":593,"column":9}},"349":{"start":{"line":587,"column":12},"end":{"line":592,"column":18}},"350":{"start":{"line":589,"column":20},"end":{"line":589,"column":82}},"351":{"start":{"line":590,"column":20},"end":{"line":590,"column":58}},"352":{"start":{"line":591,"column":20},"end":{"line":591,"column":66}},"353":{"start":{"line":595,"column":8},"end":{"line":599,"column":9}},"354":{"start":{"line":596,"column":12},"end":{"line":598,"column":86}},"355":{"start":{"line":597,"column":30},"end":{"line":597,"column":33}},"356":{"start":{"line":598,"column":39},"end":{"line":598,"column":85}},"357":{"start":{"line":604,"column":4},"end":{"line":630,"column":6}},"358":{"start":{"line":605,"column":21},"end":{"line":605,"column":71}},"359":{"start":{"line":607,"column":8},"end":{"line":610,"column":9}},"360":{"start":{"line":608,"column":11},"end":{"line":609,"column":39}},"361":{"start":{"line":609,"column":27},"end":{"line":609,"column":38}},"362":{"start":{"line":612,"column":8},"end":{"line":621,"column":9}},"363":{"start":{"line":613,"column":12},"end":{"line":620,"column":18}},"364":{"start":{"line":615,"column":20},"end":{"line":615,"column":57}},"365":{"start":{"line":616,"column":20},"end":{"line":616,"column":63}},"366":{"start":{"line":617,"column":20},"end":{"line":617,"column":55}},"367":{"start":{"line":618,"column":20},"end":{"line":618,"column":61}},"368":{"start":{"line":619,"column":20},"end":{"line":619,"column":55}},"369":{"start":{"line":623,"column":8},"end":{"line":627,"column":9}},"370":{"start":{"line":624,"column":12},"end":{"line":626,"column":83}},"371":{"start":{"line":625,"column":30},"end":{"line":625,"column":33}},"372":{"start":{"line":626,"column":39},"end":{"line":626,"column":82}},"373":{"start":{"line":632,"column":4},"end":{"line":638,"column":5}},"374":{"start":{"line":637,"column":22},"end":{"line":637,"column":46}}},"fnMap":{"0":{"name":"(anonymous_0)","decl":{"start":{"line":13,"column":18},"end":{"line":13,"column":19}},"loc":{"start":{"line":13,"column":24},"end":{"line":640,"column":1}},"line":13},"1":{"name":"(anonymous_1)","decl":{"start":{"line":18,"column":11},"end":{"line":18,"column":12}},"loc":{"start":{"line":19,"column":8},"end":{"line":20,"column":45}},"line":19},"2":{"name":"(anonymous_2)","decl":{"start":{"line":20,"column":18},"end":{"line":20,"column":19}},"loc":{"start":{"line":20,"column":26},"end":{"line":20,"column":44}},"line":20},"3":{"name":"(anonymous_3)","decl":{"start":{"line":24,"column":15},"end":{"line":24,"column":16}},"loc":{"start":{"line":24,"column":21},"end":{"line":26,"column":5}},"line":24},"4":{"name":"(anonymous_4)","decl":{"start":{"line":28,"column":38},"end":{"line":28,"column":39}},"loc":{"start":{"line":28,"column":44},"end":{"line":206,"column":5}},"line":28},"5":{"name":"(anonymous_5)","decl":{"start":{"line":29,"column":40},"end":{"line":29,"column":41}},"loc":{"start":{"line":30,"column":12},"end":{"line":48,"column":18}},"line":30},"6":{"name":"(anonymous_6)","decl":{"start":{"line":31,"column":22},"end":{"line":31,"column":23}},"loc":{"start":{"line":31,"column":30},"end":{"line":35,"column":17}},"line":31},"7":{"name":"(anonymous_7)","decl":{"start":{"line":36,"column":22},"end":{"line":36,"column":23}},"loc":{"start":{"line":36,"column":29},"end":{"line":40,"column":17}},"line":36},"8":{"name":"(anonymous_8)","decl":{"start":{"line":41,"column":22},"end":{"line":41,"column":23}},"loc":{"start":{"line":41,"column":30},"end":{"line":48,"column":17}},"line":41},"9":{"name":"(anonymous_9)","decl":{"start":{"line":51,"column":75},"end":{"line":51,"column":76}},"loc":{"start":{"line":52,"column":12},"end":{"line":57,"column":91}},"line":52},"10":{"name":"(anonymous_10)","decl":{"start":{"line":53,"column":22},"end":{"line":53,"column":23}},"loc":{"start":{"line":53,"column":28},"end":{"line":55,"column":17}},"line":53},"11":{"name":"(anonymous_11)","decl":{"start":{"line":56,"column":23},"end":{"line":56,"column":24}},"loc":{"start":{"line":56,"column":30},"end":{"line":56,"column":33}},"line":56},"12":{"name":"(anonymous_12)","decl":{"start":{"line":57,"column":22},"end":{"line":57,"column":23}},"loc":{"start":{"line":57,"column":39},"end":{"line":57,"column":90}},"line":57},"13":{"name":"(anonymous_13)","decl":{"start":{"line":60,"column":72},"end":{"line":60,"column":73}},"loc":{"start":{"line":61,"column":12},"end":{"line":63,"column":81}},"line":61},"14":{"name":"(anonymous_14)","decl":{"start":{"line":62,"column":23},"end":{"line":62,"column":24}},"loc":{"start":{"line":62,"column":30},"end":{"line":62,"column":33}},"line":62},"15":{"name":"(anonymous_15)","decl":{"start":{"line":63,"column":22},"end":{"line":63,"column":23}},"loc":{"start":{"line":63,"column":39},"end":{"line":63,"column":80}},"line":63},"16":{"name":"(anonymous_16)","decl":{"start":{"line":66,"column":68},"end":{"line":66,"column":69}},"loc":{"start":{"line":67,"column":12},"end":{"line":69,"column":81}},"line":67},"17":{"name":"(anonymous_17)","decl":{"start":{"line":68,"column":23},"end":{"line":68,"column":24}},"loc":{"start":{"line":68,"column":30},"end":{"line":68,"column":33}},"line":68},"18":{"name":"(anonymous_18)","decl":{"start":{"line":69,"column":22},"end":{"line":69,"column":23}},"loc":{"start":{"line":69,"column":39},"end":{"line":69,"column":80}},"line":69},"19":{"name":"(anonymous_19)","decl":{"start":{"line":72,"column":69},"end":{"line":72,"column":70}},"loc":{"start":{"line":73,"column":12},"end":{"line":75,"column":81}},"line":73},"20":{"name":"(anonymous_20)","decl":{"start":{"line":74,"column":23},"end":{"line":74,"column":24}},"loc":{"start":{"line":74,"column":30},"end":{"line":74,"column":33}},"line":74},"21":{"name":"(anonymous_21)","decl":{"start":{"line":75,"column":22},"end":{"line":75,"column":23}},"loc":{"start":{"line":75,"column":39},"end":{"line":75,"column":80}},"line":75},"22":{"name":"(anonymous_22)","decl":{"start":{"line":78,"column":70},"end":{"line":78,"column":71}},"loc":{"start":{"line":79,"column":12},"end":{"line":81,"column":81}},"line":79},"23":{"name":"(anonymous_23)","decl":{"start":{"line":80,"column":23},"end":{"line":80,"column":24}},"loc":{"start":{"line":80,"column":30},"end":{"line":80,"column":33}},"line":80},"24":{"name":"(anonymous_24)","decl":{"start":{"line":81,"column":22},"end":{"line":81,"column":23}},"loc":{"start":{"line":81,"column":39},"end":{"line":81,"column":80}},"line":81},"25":{"name":"(anonymous_25)","decl":{"start":{"line":84,"column":87},"end":{"line":84,"column":88}},"loc":{"start":{"line":85,"column":12},"end":{"line":87,"column":81}},"line":85},"26":{"name":"(anonymous_26)","decl":{"start":{"line":86,"column":23},"end":{"line":86,"column":24}},"loc":{"start":{"line":86,"column":30},"end":{"line":86,"column":33}},"line":86},"27":{"name":"(anonymous_27)","decl":{"start":{"line":87,"column":22},"end":{"line":87,"column":23}},"loc":{"start":{"line":87,"column":39},"end":{"line":87,"column":80}},"line":87},"28":{"name":"(anonymous_28)","decl":{"start":{"line":90,"column":85},"end":{"line":90,"column":86}},"loc":{"start":{"line":91,"column":12},"end":{"line":93,"column":81}},"line":91},"29":{"name":"(anonymous_29)","decl":{"start":{"line":92,"column":23},"end":{"line":92,"column":24}},"loc":{"start":{"line":92,"column":30},"end":{"line":92,"column":33}},"line":92},"30":{"name":"(anonymous_30)","decl":{"start":{"line":93,"column":22},"end":{"line":93,"column":23}},"loc":{"start":{"line":93,"column":39},"end":{"line":93,"column":80}},"line":93},"31":{"name":"(anonymous_31)","decl":{"start":{"line":96,"column":75},"end":{"line":96,"column":76}},"loc":{"start":{"line":97,"column":12},"end":{"line":99,"column":84}},"line":97},"32":{"name":"(anonymous_32)","decl":{"start":{"line":98,"column":23},"end":{"line":98,"column":24}},"loc":{"start":{"line":98,"column":30},"end":{"line":98,"column":33}},"line":98},"33":{"name":"(anonymous_33)","decl":{"start":{"line":99,"column":22},"end":{"line":99,"column":23}},"loc":{"start":{"line":99,"column":39},"end":{"line":99,"column":83}},"line":99},"34":{"name":"(anonymous_34)","decl":{"start":{"line":102,"column":71},"end":{"line":102,"column":72}},"loc":{"start":{"line":103,"column":12},"end":{"line":105,"column":84}},"line":103},"35":{"name":"(anonymous_35)","decl":{"start":{"line":104,"column":23},"end":{"line":104,"column":24}},"loc":{"start":{"line":104,"column":30},"end":{"line":104,"column":33}},"line":104},"36":{"name":"(anonymous_36)","decl":{"start":{"line":105,"column":22},"end":{"line":105,"column":23}},"loc":{"start":{"line":105,"column":39},"end":{"line":105,"column":83}},"line":105},"37":{"name":"(anonymous_37)","decl":{"start":{"line":108,"column":72},"end":{"line":108,"column":73}},"loc":{"start":{"line":109,"column":12},"end":{"line":111,"column":84}},"line":109},"38":{"name":"(anonymous_38)","decl":{"start":{"line":110,"column":23},"end":{"line":110,"column":24}},"loc":{"start":{"line":110,"column":30},"end":{"line":110,"column":33}},"line":110},"39":{"name":"(anonymous_39)","decl":{"start":{"line":111,"column":22},"end":{"line":111,"column":23}},"loc":{"start":{"line":111,"column":39},"end":{"line":111,"column":83}},"line":111},"40":{"name":"(anonymous_40)","decl":{"start":{"line":114,"column":73},"end":{"line":114,"column":74}},"loc":{"start":{"line":115,"column":12},"end":{"line":117,"column":84}},"line":115},"41":{"name":"(anonymous_41)","decl":{"start":{"line":116,"column":23},"end":{"line":116,"column":24}},"loc":{"start":{"line":116,"column":30},"end":{"line":116,"column":33}},"line":116},"42":{"name":"(anonymous_42)","decl":{"start":{"line":117,"column":22},"end":{"line":117,"column":23}},"loc":{"start":{"line":117,"column":39},"end":{"line":117,"column":83}},"line":117},"43":{"name":"(anonymous_43)","decl":{"start":{"line":120,"column":93},"end":{"line":120,"column":94}},"loc":{"start":{"line":121,"column":12},"end":{"line":123,"column":84}},"line":121},"44":{"name":"(anonymous_44)","decl":{"start":{"line":122,"column":23},"end":{"line":122,"column":24}},"loc":{"start":{"line":122,"column":30},"end":{"line":122,"column":33}},"line":122},"45":{"name":"(anonymous_45)","decl":{"start":{"line":123,"column":22},"end":{"line":123,"column":23}},"loc":{"start":{"line":123,"column":39},"end":{"line":123,"column":83}},"line":123},"46":{"name":"(anonymous_46)","decl":{"start":{"line":126,"column":88},"end":{"line":126,"column":89}},"loc":{"start":{"line":127,"column":12},"end":{"line":129,"column":84}},"line":127},"47":{"name":"(anonymous_47)","decl":{"start":{"line":128,"column":23},"end":{"line":128,"column":24}},"loc":{"start":{"line":128,"column":30},"end":{"line":128,"column":33}},"line":128},"48":{"name":"(anonymous_48)","decl":{"start":{"line":129,"column":22},"end":{"line":129,"column":23}},"loc":{"start":{"line":129,"column":39},"end":{"line":129,"column":83}},"line":129},"49":{"name":"(anonymous_49)","decl":{"start":{"line":133,"column":71},"end":{"line":133,"column":72}},"loc":{"start":{"line":134,"column":12},"end":{"line":136,"column":80}},"line":134},"50":{"name":"(anonymous_50)","decl":{"start":{"line":135,"column":23},"end":{"line":135,"column":24}},"loc":{"start":{"line":135,"column":30},"end":{"line":135,"column":33}},"line":135},"51":{"name":"(anonymous_51)","decl":{"start":{"line":136,"column":22},"end":{"line":136,"column":23}},"loc":{"start":{"line":136,"column":39},"end":{"line":136,"column":79}},"line":136},"52":{"name":"(anonymous_52)","decl":{"start":{"line":139,"column":67},"end":{"line":139,"column":68}},"loc":{"start":{"line":140,"column":12},"end":{"line":142,"column":80}},"line":140},"53":{"name":"(anonymous_53)","decl":{"start":{"line":141,"column":23},"end":{"line":141,"column":24}},"loc":{"start":{"line":141,"column":30},"end":{"line":141,"column":33}},"line":141},"54":{"name":"(anonymous_54)","decl":{"start":{"line":142,"column":22},"end":{"line":142,"column":23}},"loc":{"start":{"line":142,"column":39},"end":{"line":142,"column":79}},"line":142},"55":{"name":"(anonymous_55)","decl":{"start":{"line":145,"column":68},"end":{"line":145,"column":69}},"loc":{"start":{"line":146,"column":12},"end":{"line":148,"column":80}},"line":146},"56":{"name":"(anonymous_56)","decl":{"start":{"line":147,"column":23},"end":{"line":147,"column":24}},"loc":{"start":{"line":147,"column":30},"end":{"line":147,"column":33}},"line":147},"57":{"name":"(anonymous_57)","decl":{"start":{"line":148,"column":22},"end":{"line":148,"column":23}},"loc":{"start":{"line":148,"column":39},"end":{"line":148,"column":79}},"line":148},"58":{"name":"(anonymous_58)","decl":{"start":{"line":151,"column":69},"end":{"line":151,"column":70}},"loc":{"start":{"line":152,"column":12},"end":{"line":154,"column":80}},"line":152},"59":{"name":"(anonymous_59)","decl":{"start":{"line":153,"column":23},"end":{"line":153,"column":24}},"loc":{"start":{"line":153,"column":30},"end":{"line":153,"column":33}},"line":153},"60":{"name":"(anonymous_60)","decl":{"start":{"line":154,"column":22},"end":{"line":154,"column":23}},"loc":{"start":{"line":154,"column":39},"end":{"line":154,"column":79}},"line":154},"61":{"name":"(anonymous_61)","decl":{"start":{"line":157,"column":89},"end":{"line":157,"column":90}},"loc":{"start":{"line":158,"column":12},"end":{"line":160,"column":80}},"line":158},"62":{"name":"(anonymous_62)","decl":{"start":{"line":159,"column":23},"end":{"line":159,"column":24}},"loc":{"start":{"line":159,"column":30},"end":{"line":159,"column":33}},"line":159},"63":{"name":"(anonymous_63)","decl":{"start":{"line":160,"column":22},"end":{"line":160,"column":23}},"loc":{"start":{"line":160,"column":39},"end":{"line":160,"column":79}},"line":160},"64":{"name":"(anonymous_64)","decl":{"start":{"line":163,"column":84},"end":{"line":163,"column":85}},"loc":{"start":{"line":164,"column":12},"end":{"line":166,"column":80}},"line":164},"65":{"name":"(anonymous_65)","decl":{"start":{"line":165,"column":23},"end":{"line":165,"column":24}},"loc":{"start":{"line":165,"column":30},"end":{"line":165,"column":33}},"line":165},"66":{"name":"(anonymous_66)","decl":{"start":{"line":166,"column":22},"end":{"line":166,"column":23}},"loc":{"start":{"line":166,"column":39},"end":{"line":166,"column":79}},"line":166},"67":{"name":"(anonymous_67)","decl":{"start":{"line":170,"column":74},"end":{"line":170,"column":75}},"loc":{"start":{"line":171,"column":12},"end":{"line":173,"column":79}},"line":171},"68":{"name":"(anonymous_68)","decl":{"start":{"line":172,"column":19},"end":{"line":172,"column":20}},"loc":{"start":{"line":172,"column":26},"end":{"line":172,"column":29}},"line":172},"69":{"name":"(anonymous_69)","decl":{"start":{"line":173,"column":18},"end":{"line":173,"column":19}},"loc":{"start":{"line":173,"column":35},"end":{"line":173,"column":78}},"line":173},"70":{"name":"(anonymous_70)","decl":{"start":{"line":176,"column":70},"end":{"line":176,"column":71}},"loc":{"start":{"line":177,"column":12},"end":{"line":179,"column":83}},"line":177},"71":{"name":"(anonymous_71)","decl":{"start":{"line":178,"column":23},"end":{"line":178,"column":24}},"loc":{"start":{"line":178,"column":30},"end":{"line":178,"column":33}},"line":178},"72":{"name":"(anonymous_72)","decl":{"start":{"line":179,"column":22},"end":{"line":179,"column":23}},"loc":{"start":{"line":179,"column":39},"end":{"line":179,"column":82}},"line":179},"73":{"name":"(anonymous_73)","decl":{"start":{"line":182,"column":71},"end":{"line":182,"column":72}},"loc":{"start":{"line":183,"column":12},"end":{"line":185,"column":83}},"line":183},"74":{"name":"(anonymous_74)","decl":{"start":{"line":184,"column":23},"end":{"line":184,"column":24}},"loc":{"start":{"line":184,"column":30},"end":{"line":184,"column":33}},"line":184},"75":{"name":"(anonymous_75)","decl":{"start":{"line":185,"column":22},"end":{"line":185,"column":23}},"loc":{"start":{"line":185,"column":39},"end":{"line":185,"column":82}},"line":185},"76":{"name":"(anonymous_76)","decl":{"start":{"line":188,"column":72},"end":{"line":188,"column":73}},"loc":{"start":{"line":189,"column":12},"end":{"line":191,"column":83}},"line":189},"77":{"name":"(anonymous_77)","decl":{"start":{"line":190,"column":23},"end":{"line":190,"column":24}},"loc":{"start":{"line":190,"column":30},"end":{"line":190,"column":33}},"line":190},"78":{"name":"(anonymous_78)","decl":{"start":{"line":191,"column":22},"end":{"line":191,"column":23}},"loc":{"start":{"line":191,"column":39},"end":{"line":191,"column":82}},"line":191},"79":{"name":"(anonymous_79)","decl":{"start":{"line":194,"column":92},"end":{"line":194,"column":93}},"loc":{"start":{"line":195,"column":12},"end":{"line":197,"column":83}},"line":195},"80":{"name":"(anonymous_80)","decl":{"start":{"line":196,"column":23},"end":{"line":196,"column":24}},"loc":{"start":{"line":196,"column":30},"end":{"line":196,"column":33}},"line":196},"81":{"name":"(anonymous_81)","decl":{"start":{"line":197,"column":22},"end":{"line":197,"column":23}},"loc":{"start":{"line":197,"column":39},"end":{"line":197,"column":82}},"line":197},"82":{"name":"(anonymous_82)","decl":{"start":{"line":200,"column":87},"end":{"line":200,"column":88}},"loc":{"start":{"line":201,"column":12},"end":{"line":203,"column":83}},"line":201},"83":{"name":"(anonymous_83)","decl":{"start":{"line":202,"column":23},"end":{"line":202,"column":24}},"loc":{"start":{"line":202,"column":30},"end":{"line":202,"column":33}},"line":202},"84":{"name":"(anonymous_84)","decl":{"start":{"line":203,"column":22},"end":{"line":203,"column":23}},"loc":{"start":{"line":203,"column":39},"end":{"line":203,"column":82}},"line":203},"85":{"name":"(anonymous_85)","decl":{"start":{"line":208,"column":30},"end":{"line":208,"column":31}},"loc":{"start":{"line":208,"column":35},"end":{"line":287,"column":5}},"line":208},"86":{"name":"(anonymous_86)","decl":{"start":{"line":212,"column":19},"end":{"line":212,"column":20}},"loc":{"start":{"line":212,"column":25},"end":{"line":212,"column":72}},"line":212},"87":{"name":"(anonymous_87)","decl":{"start":{"line":214,"column":37},"end":{"line":214,"column":38}},"loc":{"start":{"line":215,"column":12},"end":{"line":218,"column":18}},"line":215},"88":{"name":"(anonymous_88)","decl":{"start":{"line":216,"column":22},"end":{"line":216,"column":23}},"loc":{"start":{"line":216,"column":29},"end":{"line":218,"column":17}},"line":216},"89":{"name":"(anonymous_89)","decl":{"start":{"line":221,"column":69},"end":{"line":221,"column":70}},"loc":{"start":{"line":222,"column":12},"end":{"line":224,"column":81}},"line":222},"90":{"name":"(anonymous_90)","decl":{"start":{"line":223,"column":23},"end":{"line":223,"column":24}},"loc":{"start":{"line":223,"column":30},"end":{"line":223,"column":33}},"line":223},"91":{"name":"(anonymous_91)","decl":{"start":{"line":224,"column":22},"end":{"line":224,"column":23}},"loc":{"start":{"line":224,"column":39},"end":{"line":224,"column":80}},"line":224},"92":{"name":"(anonymous_92)","decl":{"start":{"line":227,"column":65},"end":{"line":227,"column":66}},"loc":{"start":{"line":228,"column":12},"end":{"line":230,"column":81}},"line":228},"93":{"name":"(anonymous_93)","decl":{"start":{"line":229,"column":23},"end":{"line":229,"column":24}},"loc":{"start":{"line":229,"column":30},"end":{"line":229,"column":33}},"line":229},"94":{"name":"(anonymous_94)","decl":{"start":{"line":230,"column":22},"end":{"line":230,"column":23}},"loc":{"start":{"line":230,"column":39},"end":{"line":230,"column":80}},"line":230},"95":{"name":"(anonymous_95)","decl":{"start":{"line":233,"column":66},"end":{"line":233,"column":67}},"loc":{"start":{"line":234,"column":12},"end":{"line":236,"column":81}},"line":234},"96":{"name":"(anonymous_96)","decl":{"start":{"line":235,"column":23},"end":{"line":235,"column":24}},"loc":{"start":{"line":235,"column":30},"end":{"line":235,"column":33}},"line":235},"97":{"name":"(anonymous_97)","decl":{"start":{"line":236,"column":22},"end":{"line":236,"column":23}},"loc":{"start":{"line":236,"column":39},"end":{"line":236,"column":80}},"line":236},"98":{"name":"(anonymous_98)","decl":{"start":{"line":239,"column":61},"end":{"line":239,"column":62}},"loc":{"start":{"line":240,"column":12},"end":{"line":242,"column":81}},"line":240},"99":{"name":"(anonymous_99)","decl":{"start":{"line":241,"column":23},"end":{"line":241,"column":24}},"loc":{"start":{"line":241,"column":30},"end":{"line":241,"column":33}},"line":241},"100":{"name":"(anonymous_100)","decl":{"start":{"line":242,"column":22},"end":{"line":242,"column":23}},"loc":{"start":{"line":242,"column":39},"end":{"line":242,"column":80}},"line":242},"101":{"name":"(anonymous_101)","decl":{"start":{"line":245,"column":67},"end":{"line":245,"column":68}},"loc":{"start":{"line":246,"column":12},"end":{"line":248,"column":77}},"line":246},"102":{"name":"(anonymous_102)","decl":{"start":{"line":247,"column":19},"end":{"line":247,"column":20}},"loc":{"start":{"line":247,"column":26},"end":{"line":247,"column":29}},"line":247},"103":{"name":"(anonymous_103)","decl":{"start":{"line":248,"column":18},"end":{"line":248,"column":19}},"loc":{"start":{"line":248,"column":35},"end":{"line":248,"column":76}},"line":248},"104":{"name":"(anonymous_104)","decl":{"start":{"line":251,"column":71},"end":{"line":251,"column":72}},"loc":{"start":{"line":252,"column":12},"end":{"line":254,"column":103}},"line":252},"105":{"name":"(anonymous_105)","decl":{"start":{"line":253,"column":23},"end":{"line":253,"column":24}},"loc":{"start":{"line":253,"column":30},"end":{"line":253,"column":33}},"line":253},"106":{"name":"(anonymous_106)","decl":{"start":{"line":254,"column":22},"end":{"line":254,"column":23}},"loc":{"start":{"line":254,"column":39},"end":{"line":254,"column":102}},"line":254},"107":{"name":"(anonymous_107)","decl":{"start":{"line":257,"column":72},"end":{"line":257,"column":73}},"loc":{"start":{"line":258,"column":12},"end":{"line":260,"column":80}},"line":258},"108":{"name":"(anonymous_108)","decl":{"start":{"line":259,"column":19},"end":{"line":259,"column":20}},"loc":{"start":{"line":259,"column":26},"end":{"line":259,"column":29}},"line":259},"109":{"name":"(anonymous_109)","decl":{"start":{"line":260,"column":18},"end":{"line":260,"column":19}},"loc":{"start":{"line":260,"column":35},"end":{"line":260,"column":79}},"line":260},"110":{"name":"(anonymous_110)","decl":{"start":{"line":263,"column":68},"end":{"line":263,"column":69}},"loc":{"start":{"line":264,"column":12},"end":{"line":266,"column":84}},"line":264},"111":{"name":"(anonymous_111)","decl":{"start":{"line":265,"column":23},"end":{"line":265,"column":24}},"loc":{"start":{"line":265,"column":30},"end":{"line":265,"column":33}},"line":265},"112":{"name":"(anonymous_112)","decl":{"start":{"line":266,"column":22},"end":{"line":266,"column":23}},"loc":{"start":{"line":266,"column":39},"end":{"line":266,"column":83}},"line":266},"113":{"name":"(anonymous_113)","decl":{"start":{"line":269,"column":69},"end":{"line":269,"column":70}},"loc":{"start":{"line":270,"column":12},"end":{"line":272,"column":84}},"line":270},"114":{"name":"(anonymous_114)","decl":{"start":{"line":271,"column":23},"end":{"line":271,"column":24}},"loc":{"start":{"line":271,"column":30},"end":{"line":271,"column":33}},"line":271},"115":{"name":"(anonymous_115)","decl":{"start":{"line":272,"column":22},"end":{"line":272,"column":23}},"loc":{"start":{"line":272,"column":39},"end":{"line":272,"column":83}},"line":272},"116":{"name":"(anonymous_116)","decl":{"start":{"line":275,"column":76},"end":{"line":275,"column":77}},"loc":{"start":{"line":276,"column":12},"end":{"line":278,"column":84}},"line":276},"117":{"name":"(anonymous_117)","decl":{"start":{"line":277,"column":23},"end":{"line":277,"column":24}},"loc":{"start":{"line":277,"column":30},"end":{"line":277,"column":33}},"line":277},"118":{"name":"(anonymous_118)","decl":{"start":{"line":278,"column":22},"end":{"line":278,"column":23}},"loc":{"start":{"line":278,"column":39},"end":{"line":278,"column":83}},"line":278},"119":{"name":"(anonymous_119)","decl":{"start":{"line":281,"column":72},"end":{"line":281,"column":73}},"loc":{"start":{"line":282,"column":8},"end":{"line":284,"column":78}},"line":282},"120":{"name":"(anonymous_120)","decl":{"start":{"line":283,"column":19},"end":{"line":283,"column":20}},"loc":{"start":{"line":283,"column":26},"end":{"line":283,"column":29}},"line":283},"121":{"name":"(anonymous_121)","decl":{"start":{"line":284,"column":18},"end":{"line":284,"column":19}},"loc":{"start":{"line":284,"column":35},"end":{"line":284,"column":77}},"line":284},"122":{"name":"(anonymous_122)","decl":{"start":{"line":289,"column":40},"end":{"line":289,"column":41}},"loc":{"start":{"line":289,"column":46},"end":{"line":434,"column":5}},"line":289},"123":{"name":"(anonymous_123)","decl":{"start":{"line":293,"column":19},"end":{"line":293,"column":20}},"loc":{"start":{"line":293,"column":25},"end":{"line":293,"column":72}},"line":293},"124":{"name":"(anonymous_124)","decl":{"start":{"line":295,"column":47},"end":{"line":295,"column":48}},"loc":{"start":{"line":296,"column":12},"end":{"line":306,"column":18}},"line":296},"125":{"name":"(anonymous_125)","decl":{"start":{"line":297,"column":22},"end":{"line":297,"column":23}},"loc":{"start":{"line":297,"column":29},"end":{"line":301,"column":17}},"line":297},"126":{"name":"(anonymous_126)","decl":{"start":{"line":302,"column":22},"end":{"line":302,"column":23}},"loc":{"start":{"line":302,"column":30},"end":{"line":306,"column":17}},"line":302},"127":{"name":"(anonymous_127)","decl":{"start":{"line":309,"column":88},"end":{"line":309,"column":89}},"loc":{"start":{"line":310,"column":12},"end":{"line":312,"column":88}},"line":310},"128":{"name":"(anonymous_128)","decl":{"start":{"line":311,"column":23},"end":{"line":311,"column":24}},"loc":{"start":{"line":311,"column":30},"end":{"line":311,"column":33}},"line":311},"129":{"name":"(anonymous_129)","decl":{"start":{"line":312,"column":22},"end":{"line":312,"column":23}},"loc":{"start":{"line":312,"column":39},"end":{"line":312,"column":87}},"line":312},"130":{"name":"(anonymous_130)","decl":{"start":{"line":315,"column":85},"end":{"line":315,"column":86}},"loc":{"start":{"line":316,"column":12},"end":{"line":318,"column":88}},"line":316},"131":{"name":"(anonymous_131)","decl":{"start":{"line":317,"column":23},"end":{"line":317,"column":24}},"loc":{"start":{"line":317,"column":30},"end":{"line":317,"column":33}},"line":317},"132":{"name":"(anonymous_132)","decl":{"start":{"line":318,"column":22},"end":{"line":318,"column":23}},"loc":{"start":{"line":318,"column":39},"end":{"line":318,"column":87}},"line":318},"133":{"name":"(anonymous_133)","decl":{"start":{"line":321,"column":98},"end":{"line":321,"column":99}},"loc":{"start":{"line":322,"column":12},"end":{"line":324,"column":88}},"line":322},"134":{"name":"(anonymous_134)","decl":{"start":{"line":323,"column":23},"end":{"line":323,"column":24}},"loc":{"start":{"line":323,"column":30},"end":{"line":323,"column":33}},"line":323},"135":{"name":"(anonymous_135)","decl":{"start":{"line":324,"column":22},"end":{"line":324,"column":23}},"loc":{"start":{"line":324,"column":39},"end":{"line":324,"column":87}},"line":324},"136":{"name":"(anonymous_136)","decl":{"start":{"line":327,"column":96},"end":{"line":327,"column":97}},"loc":{"start":{"line":328,"column":12},"end":{"line":330,"column":88}},"line":328},"137":{"name":"(anonymous_137)","decl":{"start":{"line":329,"column":23},"end":{"line":329,"column":24}},"loc":{"start":{"line":329,"column":30},"end":{"line":329,"column":33}},"line":329},"138":{"name":"(anonymous_138)","decl":{"start":{"line":330,"column":22},"end":{"line":330,"column":23}},"loc":{"start":{"line":330,"column":39},"end":{"line":330,"column":87}},"line":330},"139":{"name":"(anonymous_139)","decl":{"start":{"line":333,"column":88},"end":{"line":333,"column":89}},"loc":{"start":{"line":334,"column":12},"end":{"line":336,"column":88}},"line":334},"140":{"name":"(anonymous_140)","decl":{"start":{"line":335,"column":23},"end":{"line":335,"column":24}},"loc":{"start":{"line":335,"column":30},"end":{"line":335,"column":33}},"line":335},"141":{"name":"(anonymous_141)","decl":{"start":{"line":336,"column":22},"end":{"line":336,"column":23}},"loc":{"start":{"line":336,"column":39},"end":{"line":336,"column":87}},"line":336},"142":{"name":"(anonymous_142)","decl":{"start":{"line":339,"column":84},"end":{"line":339,"column":85}},"loc":{"start":{"line":340,"column":12},"end":{"line":342,"column":88}},"line":340},"143":{"name":"(anonymous_143)","decl":{"start":{"line":341,"column":23},"end":{"line":341,"column":24}},"loc":{"start":{"line":341,"column":30},"end":{"line":341,"column":33}},"line":341},"144":{"name":"(anonymous_144)","decl":{"start":{"line":342,"column":22},"end":{"line":342,"column":23}},"loc":{"start":{"line":342,"column":39},"end":{"line":342,"column":87}},"line":342},"145":{"name":"(anonymous_145)","decl":{"start":{"line":345,"column":78},"end":{"line":345,"column":79}},"loc":{"start":{"line":346,"column":12},"end":{"line":348,"column":98}},"line":346},"146":{"name":"(anonymous_146)","decl":{"start":{"line":347,"column":23},"end":{"line":347,"column":24}},"loc":{"start":{"line":347,"column":30},"end":{"line":347,"column":33}},"line":347},"147":{"name":"(anonymous_147)","decl":{"start":{"line":348,"column":22},"end":{"line":348,"column":23}},"loc":{"start":{"line":348,"column":39},"end":{"line":348,"column":97}},"line":348},"148":{"name":"(anonymous_148)","decl":{"start":{"line":351,"column":79},"end":{"line":351,"column":80}},"loc":{"start":{"line":352,"column":12},"end":{"line":354,"column":81}},"line":352},"149":{"name":"(anonymous_149)","decl":{"start":{"line":353,"column":23},"end":{"line":353,"column":24}},"loc":{"start":{"line":353,"column":30},"end":{"line":353,"column":33}},"line":353},"150":{"name":"(anonymous_150)","decl":{"start":{"line":354,"column":22},"end":{"line":354,"column":23}},"loc":{"start":{"line":354,"column":39},"end":{"line":354,"column":80}},"line":354},"151":{"name":"(anonymous_151)","decl":{"start":{"line":357,"column":75},"end":{"line":357,"column":76}},"loc":{"start":{"line":358,"column":12},"end":{"line":360,"column":81}},"line":358},"152":{"name":"(anonymous_152)","decl":{"start":{"line":359,"column":23},"end":{"line":359,"column":24}},"loc":{"start":{"line":359,"column":30},"end":{"line":359,"column":33}},"line":359},"153":{"name":"(anonymous_153)","decl":{"start":{"line":360,"column":22},"end":{"line":360,"column":23}},"loc":{"start":{"line":360,"column":39},"end":{"line":360,"column":80}},"line":360},"154":{"name":"(anonymous_154)","decl":{"start":{"line":363,"column":76},"end":{"line":363,"column":77}},"loc":{"start":{"line":364,"column":12},"end":{"line":366,"column":81}},"line":364},"155":{"name":"(anonymous_155)","decl":{"start":{"line":365,"column":23},"end":{"line":365,"column":24}},"loc":{"start":{"line":365,"column":30},"end":{"line":365,"column":33}},"line":365},"156":{"name":"(anonymous_156)","decl":{"start":{"line":366,"column":22},"end":{"line":366,"column":23}},"loc":{"start":{"line":366,"column":39},"end":{"line":366,"column":80}},"line":366},"157":{"name":"(anonymous_157)","decl":{"start":{"line":369,"column":77},"end":{"line":369,"column":78}},"loc":{"start":{"line":370,"column":12},"end":{"line":372,"column":81}},"line":370},"158":{"name":"(anonymous_158)","decl":{"start":{"line":371,"column":23},"end":{"line":371,"column":24}},"loc":{"start":{"line":371,"column":30},"end":{"line":371,"column":33}},"line":371},"159":{"name":"(anonymous_159)","decl":{"start":{"line":372,"column":22},"end":{"line":372,"column":23}},"loc":{"start":{"line":372,"column":39},"end":{"line":372,"column":80}},"line":372},"160":{"name":"(anonymous_160)","decl":{"start":{"line":375,"column":92},"end":{"line":375,"column":93}},"loc":{"start":{"line":376,"column":12},"end":{"line":378,"column":81}},"line":376},"161":{"name":"(anonymous_161)","decl":{"start":{"line":377,"column":23},"end":{"line":377,"column":24}},"loc":{"start":{"line":377,"column":30},"end":{"line":377,"column":33}},"line":377},"162":{"name":"(anonymous_162)","decl":{"start":{"line":378,"column":22},"end":{"line":378,"column":23}
[...]
02}},"line":390},"169":{"name":"(anonymous_169)","decl":{"start":{"line":393,"column":82},"end":{"line":393,"column":83}},"loc":{"start":{"line":394,"column":12},"end":{"line":396,"column":84}},"line":394},"170":{"name":"(anonymous_170)","decl":{"start":{"line":395,"column":23},"end":{"line":395,"column":24}},"loc":{"start":{"line":395,"column":30},"end":{"line":395,"column":33}},"line":395},"171":{"name":"(anonymous_171)","decl":{"start":{"line":396,"column":22},"end":{"line":396,"column":23}},"loc":{"start":{"line":396,"column":39},"end":{"line":396,"column":83}},"line":396},"172":{"name":"(anonymous_172)","decl":{"start":{"line":399,"column":78},"end":{"line":399,"column":79}},"loc":{"start":{"line":400,"column":12},"end":{"line":402,"column":84}},"line":400},"173":{"name":"(anonymous_173)","decl":{"start":{"line":401,"column":23},"end":{"line":401,"column":24}},"loc":{"start":{"line":401,"column":30},"end":{"line":401,"column":33}},"line":401},"174":{"name":"(anonymous_174)","decl":{"start":{"line":402,"column":22},"end":{"line":402,"column":23}},"loc":{"start":{"line":402,"column":39},"end":{"line":402,"column":83}},"line":402},"175":{"name":"(anonymous_175)","decl":{"start":{"line":405,"column":79},"end":{"line":405,"column":80}},"loc":{"start":{"line":406,"column":12},"end":{"line":408,"column":84}},"line":406},"176":{"name":"(anonymous_176)","decl":{"start":{"line":407,"column":23},"end":{"line":407,"column":24}},"loc":{"start":{"line":407,"column":30},"end":{"line":407,"column":33}},"line":407},"177":{"name":"(anonymous_177)","decl":{"start":{"line":408,"column":22},"end":{"line":408,"column":23}},"loc":{"start":{"line":408,"column":39},"end":{"line":408,"column":83}},"line":408},"178":{"name":"(anonymous_178)","decl":{"start":{"line":411,"column":82},"end":{"line":411,"column":83}},"loc":{"start":{"line":412,"column":12},"end":{"line":414,"column":84}},"line":412},"179":{"name":"(anonymous_179)","decl":{"start":{"line":413,"column":23},"end":{"line":413,"column":24}},"loc":{"start":{"line":413,"column":30},"end":{"line":413,"column":33}},"line":413},"180":{"name":"(anonymous_180)","decl":{"start":{"line":414,"column":22},"end":{"line":414,"column":23}},"loc":{"start":{"line":414,"column":39},"end":{"line":414,"column":83}},"line":414},"181":{"name":"(anonymous_181)","decl":{"start":{"line":417,"column":94},"end":{"line":417,"column":95}},"loc":{"start":{"line":418,"column":12},"end":{"line":420,"column":84}},"line":418},"182":{"name":"(anonymous_182)","decl":{"start":{"line":419,"column":23},"end":{"line":419,"column":24}},"loc":{"start":{"line":419,"column":30},"end":{"line":419,"column":33}},"line":419},"183":{"name":"(anonymous_183)","decl":{"start":{"line":420,"column":22},"end":{"line":420,"column":23}},"loc":{"start":{"line":420,"column":39},"end":{"line":420,"column":83}},"line":420},"184":{"name":"(anonymous_184)","decl":{"start":{"line":423,"column":92},"end":{"line":423,"column":93}},"loc":{"start":{"line":424,"column":12},"end":{"line":426,"column":84}},"line":424},"185":{"name":"(anonymous_185)","decl":{"start":{"line":425,"column":23},"end":{"line":425,"column":24}},"loc":{"start":{"line":425,"column":30},"end":{"line":425,"column":33}},"line":425},"186":{"name":"(anonymous_186)","decl":{"start":{"line":426,"column":22},"end":{"line":426,"column":23}},"loc":{"start":{"line":426,"column":39},"end":{"line":426,"column":83}},"line":426},"187":{"name":"(anonymous_187)","decl":{"start":{"line":429,"column":92},"end":{"line":429,"column":93}},"loc":{"start":{"line":430,"column":8},"end":{"line":432,"column":78}},"line":430},"188":{"name":"(anonymous_188)","decl":{"start":{"line":431,"column":19},"end":{"line":431,"column":20}},"loc":{"start":{"line":431,"column":26},"end":{"line":431,"column":29}},"line":431},"189":{"name":"(anonymous_189)","decl":{"start":{"line":432,"column":18},"end":{"line":432,"column":19}},"loc":{"start":{"line":432,"column":35},"end":{"line":432,"column":77}},"line":432},"190":{"name":"(anonymous_190)","decl":{"start":{"line":436,"column":39},"end":{"line":436,"column":40}},"loc":{"start":{"line":436,"column":45},"end":{"line":478,"column":5}},"line":436},"191":{"name":"(anonymous_191)","decl":{"start":{"line":456,"column":19},"end":{"line":456,"column":20}},"loc":{"start":{"line":457,"column":11},"end":{"line":461,"column":13}},"line":457},"192":{"name":"(anonymous_192)","decl":{"start":{"line":464,"column":50},"end":{"line":464,"column":51}},"loc":{"start":{"line":464,"column":56},"end":{"line":471,"column":9}},"line":464},"193":{"name":"(anonymous_193)","decl":{"start":{"line":466,"column":22},"end":{"line":466,"column":23}},"loc":{"start":{"line":466,"column":34},"end":{"line":470,"column":17}},"line":466},"194":{"name":"(anonymous_194)","decl":{"start":{"line":473,"column":81},"end":{"line":473,"column":82}},"loc":{"start":{"line":473,"column":87},"end":{"line":477,"column":9}},"line":473},"195":{"name":"(anonymous_195)","decl":{"start":{"line":475,"column":23},"end":{"line":475,"column":24}},"loc":{"start":{"line":475,"column":30},"end":{"line":475,"column":33}},"line":475},"196":{"name":"(anonymous_196)","decl":{"start":{"line":476,"column":22},"end":{"line":476,"column":23}},"loc":{"start":{"line":476,"column":37},"end":{"line":476,"column":84}},"line":476},"197":{"name":"(anonymous_197)","decl":{"start":{"line":480,"column":41},"end":{"line":480,"column":42}},"loc":{"start":{"line":480,"column":47},"end":{"line":514,"column":5}},"line":480},"198":{"name":"(anonymous_198)","decl":{"start":{"line":498,"column":19},"end":{"line":498,"column":20}},"loc":{"start":{"line":499,"column":11},"end":{"line":502,"column":13}},"line":499},"199":{"name":"(anonymous_199)","decl":{"start":{"line":505,"column":50},"end":{"line":505,"column":51}},"loc":{"start":{"line":505,"column":56},"end":{"line":513,"column":9}},"line":505},"200":{"name":"(anonymous_200)","decl":{"start":{"line":507,"column":22},"end":{"line":507,"column":23}},"loc":{"start":{"line":507,"column":34},"end":{"line":512,"column":17}},"line":507},"201":{"name":"(anonymous_201)","decl":{"start":{"line":516,"column":42},"end":{"line":516,"column":43}},"loc":{"start":{"line":516,"column":48},"end":{"line":566,"column":5}},"line":516},"202":{"name":"(anonymous_202)","decl":{"start":{"line":529,"column":19},"end":{"line":529,"column":20}},"loc":{"start":{"line":530,"column":11},"end":{"line":531,"column":42}},"line":530},"203":{"name":"(anonymous_203)","decl":{"start":{"line":531,"column":21},"end":{"line":531,"column":22}},"loc":{"start":{"line":531,"column":27},"end":{"line":531,"column":41}},"line":531},"204":{"name":"(anonymous_204)","decl":{"start":{"line":534,"column":45},"end":{"line":534,"column":46}},"loc":{"start":{"line":535,"column":12},"end":{"line":540,"column":18}},"line":535},"205":{"name":"(anonymous_205)","decl":{"start":{"line":536,"column":22},"end":{"line":536,"column":23}},"loc":{"start":{"line":536,"column":34},"end":{"line":540,"column":17}},"line":536},"206":{"name":"(anonymous_206)","decl":{"start":{"line":543,"column":46},"end":{"line":543,"column":47}},"loc":{"start":{"line":544,"column":12},"end":{"line":546,"column":81}},"line":544},"207":{"name":"(anonymous_207)","decl":{"start":{"line":545,"column":23},"end":{"line":545,"column":24}},"loc":{"start":{"line":545,"column":30},"end":{"line":545,"column":33}},"line":545},"208":{"name":"(anonymous_208)","decl":{"start":{"line":546,"column":22},"end":{"line":546,"column":23}},"loc":{"start":{"line":546,"column":39},"end":{"line":546,"column":80}},"line":546},"209":{"name":"(anonymous_209)","decl":{"start":{"line":549,"column":59},"end":{"line":549,"column":60}},"loc":{"start":{"line":550,"column":12},"end":{"line":552,"column":81}},"line":550},"210":{"name":"(anonymous_210)","decl":{"start":{"line":551,"column":23},"end":{"line":551,"column":24}},"loc":{"start":{"line":551,"column":30},"end":{"line":551,"column":33}},"line":551},"211":{"name":"(anonymous_211)","decl":{"start":{"line":552,"column":22},"end":{"line":552,"column":23}},"loc":{"start":{"line":552,"column":39},"end":{"line":552,"column":80}},"line":552},"212":{"name":"(anonymous_212)","decl":{"start":{"line":555,"column":57},"end":{"line":555,"column":58}},"loc":{"start":{"line":556,"column":12},"end":{"line":558,"column":86}},"line":556},"213":{"name":"(anonymous_213)","decl":{"start":{"line":557,"column":23},"end":{"line":557,"column":24}},"loc":{"start":{"line":557,"column":30},"end":{"line":557,"column":33}},"line":557},"214":{"name":"(anonymous_214)","decl":{"start":{"line":558,"column":22},"end":{"line":558,"column":23}},"loc":{"start":{"line":558,"column":39},"end":{"line":558,"column":85}},"line":558},"215":{"name":"(anonymous_215)","decl":{"start":{"line":561,"column":57},"end":{"line":561,"column":58}},"loc":{"start":{"line":562,"column":12},"end":{"line":564,"column":86}},"line":562},"216":{"name":"(anonymous_216)","decl":{"start":{"line":563,"column":23},"end":{"line":563,"column":24}},"loc":{"start":{"line":563,"column":30},"end":{"line":563,"column":33}},"line":563},"217":{"name":"(anonymous_217)","decl":{"start":{"line":564,"column":22},"end":{"line":564,"column":23}},"loc":{"start":{"line":564,"column":39},"end":{"line":564,"column":85}},"line":564},"218":{"name":"(anonymous_218)","decl":{"start":{"line":568,"column":41},"end":{"line":568,"column":42}},"loc":{"start":{"line":568,"column":47},"end":{"line":602,"column":5}},"line":568},"219":{"name":"(anonymous_219)","decl":{"start":{"line":581,"column":19},"end":{"line":581,"column":20}},"loc":{"start":{"line":582,"column":11},"end":{"line":583,"column":42}},"line":582},"220":{"name":"(anonymous_220)","decl":{"start":{"line":583,"column":21},"end":{"line":583,"column":22}},"loc":{"start":{"line":583,"column":27},"end":{"line":583,"column":41}},"line":583},"221":{"name":"(anonymous_221)","decl":{"start":{"line":586,"column":45},"end":{"line":586,"column":46}},"loc":{"start":{"line":587,"column":12},"end":{"line":592,"column":18}},"line":587},"222":{"name":"(anonymous_222)","decl":{"start":{"line":588,"column":22},"end":{"line":588,"column":23}},"loc":{"start":{"line":588,"column":34},"end":{"line":592,"column":17}},"line":588},"223":{"name":"(anonymous_223)","decl":{"start":{"line":595,"column":41},"end":{"line":595,"column":42}},"loc":{"start":{"line":596,"column":12},"end":{"line":598,"column":86}},"line":596},"224":{"name":"(anonymous_224)","decl":{"start":{"line":597,"column":23},"end":{"line":597,"column":24}},"loc":{"start":{"line":597,"column":30},"end":{"line":597,"column":33}},"line":597},"225":{"name":"(anonymous_225)","decl":{"start":{"line":598,"column":22},"end":{"line":598,"column":23}},"loc":{"start":{"line":598,"column":39},"end":{"line":598,"column":85}},"line":598},"226":{"name":"(anonymous_226)","decl":{"start":{"line":604,"column":38},"end":{"line":604,"column":39}},"loc":{"start":{"line":604,"column":44},"end":{"line":630,"column":5}},"line":604},"227":{"name":"(anonymous_227)","decl":{"start":{"line":607,"column":19},"end":{"line":607,"column":20}},"loc":{"start":{"line":608,"column":11},"end":{"line":609,"column":39}},"line":608},"228":{"name":"(anonymous_228)","decl":{"start":{"line":609,"column":21},"end":{"line":609,"column":22}},"loc":{"start":{"line":609,"column":27},"end":{"line":609,"column":38}},"line":609},"229":{"name":"(anonymous_229)","decl":{"start":{"line":612,"column":45},"end":{"line":612,"column":46}},"loc":{"start":{"line":613,"column":12},"end":{"line":620,"column":18}},"line":613},"230":{"name":"(anonymous_230)","decl":{"start":{"line":614,"column":22},"end":{"line":614,"column":23}},"loc":{"start":{"line":614,"column":30},"end":{"line":620,"column":17}},"line":614},"231":{"name":"(anonymous_231)","decl":{"start":{"line":623,"column":46},"end":{"line":623,"column":47}},"loc":{"start":{"line":624,"column":12},"end":{"line":626,"column":83}},"line":624},"232":{"name":"(anonymous_232)","decl":{"start":{"line":625,"column":23},"end":{"line":625,"column":24}},"loc":{"start":{"line":625,"column":30},"end":{"line":625,"column":33}},"line":625},"233":{"name":"(anonymous_233)","decl":{"start":{"line":626,"column":22},"end":{"line":626,"column":23}},"loc":{"start":{"line":626,"column":39},"end":{"line":626,"column":82}},"line":626},"234":{"name":"(anonymous_234)","decl":{"start":{"line":632,"column":10},"end":{"line":632,"column":11}},"loc":{"start":{"line":637,"column":22},"end":{"line":637,"column":46}},"line":637}},"branchMap":{"0":{"loc":{"start":{"line":28,"column":4},"end":{"line":206,"column":6}},"type":"binary-expr","locations":[{"start":{"line":28,"column":4},"end":{"line":28,"column":8}},{"start":{"line":28,"column":12},"end":{"line":206,"column":6}}],"line":28},"1":{"loc":{"start":{"line":208,"column":4},"end":{"line":287,"column":6}},"type":"binary-expr","locations":[{"start":{"line":208,"column":4},"end":{"line":208,"column":8}},{"start":{"line":208,"column":12},"end":{"line":287,"column":6}}],"line":208},"2":{"loc":{"start":{"line":289,"column":4},"end":{"line":434,"column":6}},"type":"binary-expr","locations":[{"start":{"line":289,"column":4},"end":{"line":289,"column":8}},{"start":{"line":289,"column":12},"end":{"line":434,"column":6}}],"line":289},"3":{"loc":{"start":{"line":436,"column":4},"end":{"line":478,"column":6}},"type":"binary-expr","locations":[{"start":{"line":436,"column":4},"end":{"line":436,"column":8}},{"start":{"line":436,"column":12},"end":{"line":478,"column":6}}],"line":436},"4":{"loc":{"start":{"line":480,"column":4},"end":{"line":514,"column":6}},"type":"binary-expr","locations":[{"start":{"line":480,"column":4},"end":{"line":480,"column":8}},{"start":{"line":480,"column":12},"end":{"line":514,"column":6}}],"line":480},"5":{"loc":{"start":{"line":516,"column":4},"end":{"line":566,"column":6}},"type":"binary-expr","locations":[{"start":{"line":516,"column":4},"end":{"line":516,"column":8}},{"start":{"line":516,"column":12},"end":{"line":566,"column":6}}],"line":516},"6":{"loc":{"start":{"line":568,"column":4},"end":{"line":602,"column":6}},"type":"binary-expr","locations":[{"start":{"line":568,"column":4},"end":{"line":568,"column":8}},{"start":{"line":568,"column":12},"end":{"line":602,"column":6}}],"line":568},"7":{"loc":{"start":{"line":604,"column":4},"end":{"line":630,"column":6}},"type":"binary-expr","locations":[{"start":{"line":604,"column":4},"end":{"line":604,"column":8}},{"start":{"line":604,"column":12},"end":{"line":630,"column":6}}],"line":604}},"s":{"0":1,"1":1,"2":1,"3":1,"4":1,"5":1,"6":1,"7":1,"8":1,"9":1,"10":1,"11":1,"12":1,"13":1,"14":1,"15":1,"16":72,"17":1,"18":1,"19":1,"20":1,"21":1,"22":1,"23":1,"24":1,"25":1,"26":1,"27":1,"28":1,"29":1,"30":1,"31":1,"32":1,"33":1,"34":1,"35":1,"36":1,"37":1,"38":1,"39":1,"40":1,"41":1,"42":1,"43":1,"44":1,"45":1,"46":1,"47":1,"48":1,"49":1,"50":1,"51":1,"52":1,"53":1,"54":1,"55":1,"56":1,"57":1,"58":1,"59":1,"60":1,"61":1,"62":1,"63":1,"64":1,"65":1,"66":1,"67":1,"68":1,"69":1,"70":1,"71":1,"72":1,"73":1,"74":1,"75":1,"76":1,"77":1,"78":1,"79":1,"80":1,"81":1,"82":1,"83":1,"84":1,"85":1,"86":1,"87":1,"88":1,"89":1,"90":1,"91":1,"92":1,"93":1,"94":1,"95":1,"96":1,"97":1,"98":1,"99":1,"100":1,"101":1,"102":1,"103":1,"104":1,"105":1,"106":1,"107":1,"108":1,"109":1,"110":1,"111":1,"112":1,"113":1,"114":1,"115":1,"116":1,"117":1,"118":1,"119":1,"120":1,"121":1,"122":1,"123":1,"124":1,"125":1,"126":1,"127":1,"128":1,"129":1,"130":1,"131":1,"132":1,"133":1,"134":1,"135":1,"136":1,"137":1,"138":1,"139":12,"140":1,"141":1,"142":1,"143":1,"144":1,"145":1,"146":1,"147":1,"148":1,"149":1,"150":1,"151":1,"152":1,"153":1,"154":1,"155":1,"156":1,"157":1,"158":1,"159":1,"160":1,"161":1,"162":1,"163":1,"164":1,"165":1,"166":1,"167":1,"168":1,"169":1,"170":1,"171":1,"172":1,"173":1,"174":1,"175":1,"176":1,"177":1,"178":1,"179":1,"180":1,"181":1,"182":1,"183":1,"184":1,"185":1,"186":1,"187":1,"188":1,"189":1,"190":1,"191":1,"192":1,"193":1,"194":1,"195":1,"196":22,"197":1,"198":1,"199":1,"200":1,"201":1,"202":1,"203":1,"204":1,"205":1,"206":1,"207":1,"208":1,"209":1,"210":1,"211":1,"212":1,"213":1,"214":1,"215":1,"216":1,"217":1,"218":1,"219":1,"220":1,"221":1,"222":1,"223":1,"224":1,"225":1,"226":1,"227":1,"228":1,"229":1,"230":1,"231":1,"232":1,"233":1,"234":1,"235":1,"236":1,"237":1,"238":1,"239":1,"240":1,"241":1,"242":1,"243":1,"244":1,"245":1,"246":1,"247":1,"248":1,"249":1,"250":1,"251":1,"252":1,"253":1,"254":1,"255":1,"256":1,"257":1,"258":1,"259":1,"260":1,"261":1,"262":1,"263":1,"264":1,"265":1,"266":1,"267":1,"268":1,"269":1,"270":1,"271":1,"272":1,"273":1,"274":1,"275":1,"276":1,"277":1,"278":1,"279":1,"280":1,"281":1,"282":1,"283":1,"284":1,"285":1,"286":1,"287":1,"288":1,"289":1,"290":1,"291":1,"292":1,"293":1,"294":1,"295":2,"296":1,"297":1,"298":1,"299":1,"300":1,"301":1,"302":1,"303":1,"304":1,"305":1,"306":1,"307":1,"308":1,"309":1,"310":1,"311":1,"312":1,"313":1,"314":1,"315":1,"316":1,"317":1,"318":1,"319":1,"320":5,"321":5,"322":1,"323":1,"324":1,"325":1,"326":1,"327":1,"328":1,"329":1,"330":1,"331":1,"332":1,"333":1,"334":1,"335":1,"336":1,"337":1,"338":1,"339":1,"340":1,"341":1,"342":1,"343":1,"344":1,"345":1,"346":2,"347":2,"348":1,"349":1,"350":1,"351":1,"352":1,"353":1,"354":1,"355":1,"356":1,"357":1,"358":1,"359":1,"360":2,"361":2,"362":1,"363":1,"364":1,"365":1,"366":1,"367":1,"368":1,"369":1,"370":1,"371":1,"372":1,"373":1,"374":1},"f":{"0":1,"1":1,"2":1,"3":72,"4":1,"5":1,"6":1,"7":1,"8":1,"9":1,"10":1,"11":1,"12":1,"13":1,"14":1,"15":1,"16":1,"17":1,"18":1,"19":1,"20":1,"21":1,"22":1,"23":1,"24":1,"25":1,"26":1,"27":1,"28":1,"29":1,"30":1,"31":1,"32":1,"33":1,"34":1,"35":1,"36":1,"37":1,"38":1,"39":1,"40":1,"41":1,"42":1,"43":1,"44":1,"45":1,"46":1,"47":1,"48":1,"49":1,"50":1,"51":1,"52":1,"53":1,"54":1,"55":1,"56":1,"57":1,"58":1,"59":1,"60":1,"61":1,"62":1,"63":1,"64":1,"65":1,"66":1,"67":1,"68":1,"69":1,"70":1,"71":1,"72":1,"73":1,"74":1,"75":1,"76":1,"77":1,"78":1,"79":1,"80":1,"81":1,"82":1,"83":1,"84":1,"85":1,"86":12,"87":1,"88":1,"89":1,"90":1,"91":1,"92":1,"93":1,"94":1,"95":1,"96":1,"97":1,"98":1,"99":1,"100":1,"101":1,"102":1,"103":1,"104":1,"105":1,"106":1,"107":1,"108":1,"109":1,"110":1,"111":1,"112":1,"113":1,"114":1,"115":1,"116":1,"117":1,"118":1,"119":1,"120":1,"121":1,"122":1,"123":22,"124":1,"125":1,"126":1,"127":1,"128":1,"129":1,"130":1,"131":1,"132":1,"133":1,"134":1,"135":1,"136":1,"137":1,"138":1,"139":1,"140":1,"141":1,"142":1,"143":1,"144":1,"145":1,"146":1,"147":1,"148":1,"149":1,"150":1,"151":1,"152":1,"153":1,"154":1,"155":1,"156":1,"157":1,"158":1,"159":1,"160":1,"161":1,"162":1,"163":1,"164":1,"165":1,"166":1,"167":1,"168":1,"169":1,"170":1,"171":1,"172":1,"173":1,"174":1,"175":1,"176":1,"177":1,"178":1,"179":1,"180":1,"181":1,"182":1,"183":1,"184":1,"185":1,"186":1,"187":1,"188":1,"189":1,"190":1,"191":2,"192":1,"193":1,"194":1,"195":1,"196":1,"197":1,"198":1,"199":1,"200":1,"201":1,"202":5,"203":5,"204":1,"205":1,"206":1,"207":1,"208":1,"209":1,"210":1,"211":1,"212":1,"213":1,"214":1,"215":1,"216":1,"217":1,"218":1,"219":2,"220":2,"221":1,"222":1,"223":1,"224":1,"225":1,"226":1,"227":2,"228":2,"229":1,"230":1,"231":1,"232":1,"233":1,"234":1},"b":{"0":[1,1],"1":[1,1],"2":[1,1],"3":[1,1],"4":[1,1],"5":[1,1],"6":[1,1],"7":[1,1]},"_coverageSchema":"d34fc3e6b8297bcde183f5492bcb8fcb36775295","hash":"9b7421134402b9e9cc1f7c30d9bef1ae7c9130d6","contentHash":"02d5e8bf1e4f8fa052b8ff2e56015b6c"},"C:\\Users\\Javi\\Desktop\\thunder_bid\\server\\data\\index.js":{"path":"C:\\Users\\Javi\\Desktop\\thunder_bid\\server\\data\\index.js","statementMap":{"0":{"start":{"line":3,"column":17},"end":{"line":3,"column":36}},"1":{"start":{"line":4,"column":15},"end":{"line":4,"column":34}},"2":{"start":{"line":6,"column":0},"end":{"line":6,"column":37}}},"fnMap":{},"branchMap":{},"s":{"0":1,"1":1,"2":1},"f":{},"b":{},"_coverageSchema":"d34fc3e6b8297bcde183f5492bcb8fcb36775295","hash":"3cb46b31e96437f349d892e69723526e59479272","contentHash":"ec6b9ca0154f095f856c986ceb92042b"}}