{"C:\\Users\\Javi\\Desktop\\thunder_bid\\server\\logic\\index.js":{"path":"C:\\Users\\Javi\\Desktop\\thunder_bid\\server\\logic\\index.js","statementMap":{"0":{"start":{"line":1,"column":30},"end":{"line":1,"column":55}},"1":{"start":{"line":2,"column":21},"end":{"line":2,"column":49}},"2":{"start":{"line":4,"column":14},"end":{"line":182,"column":1}},"3":{"start":{"line":7,"column":8},"end":{"line":21,"column":29}},"4":{"start":{"line":9,"column":16},"end":{"line":9,"column":46}},"5":{"start":{"line":10,"column":16},"end":{"line":10,"column":67}},"6":{"start":{"line":11,"column":16},"end":{"line":11,"column":59}},"7":{"start":{"line":12,"column":16},"end":{"line":12,"column":65}},"8":{"start":{"line":14,"column":16},"end":{"line":14,"column":46}},"9":{"start":{"line":17,"column":16},"end":{"line":17,"column":67}},"10":{"start":{"line":17,"column":25},"end":{"line":17,"column":67}},"11":{"start":{"line":19,"column":16},"end":{"line":19,"column":69}},"12":{"start":{"line":21,"column":24},"end":{"line":21,"column":28}},"13":{"start":{"line":25,"column":8},"end":{"line":37,"column":14}},"14":{"start":{"line":27,"column":16},"end":{"line":27,"column":46}},"15":{"start":{"line":28,"column":16},"end":{"line":28,"column":67}},"16":{"start":{"line":30,"column":16},"end":{"line":30,"column":46}},"17":{"start":{"line":33,"column":16},"end":{"line":33,"column":69}},"18":{"start":{"line":33,"column":26},"end":{"line":33,"column":69}},"19":{"start":{"line":34,"column":16},"end":{"line":34,"column":81}},"20":{"start":{"line":34,"column":48},"end":{"line":34,"column":81}},"21":{"start":{"line":36,"column":16},"end":{"line":36,"column":27}},"22":{"start":{"line":41,"column":8},"end":{"line":57,"column":29}},"23":{"start":{"line":43,"column":16},"end":{"line":43,"column":46}},"24":{"start":{"line":44,"column":16},"end":{"line":44,"column":67}},"25":{"start":{"line":45,"column":16},"end":{"line":45,"column":74}},"26":{"start":{"line":47,"column":16},"end":{"line":47,"column":46}},"27":{"start":{"line":50,"column":16},"end":{"line":50,"column":69}},"28":{"start":{"line":50,"column":26},"end":{"line":50,"column":69}},"29":{"start":{"line":51,"column":16},"end":{"line":51,"column":81}},"30":{"start":{"line":51,"column":48},"end":{"line":51,"column":81}},"31":{"start":{"line":52,"column":16},"end":{"line":52,"column":99}},"32":{"start":{"line":52,"column":50},"end":{"line":52,"column":99}},"33":{"start":{"line":54,"column":16},"end":{"line":54,"column":43}},"34":{"start":{"line":55,"column":16},"end":{"line":55,"column":34}},"35":{"start":{"line":57,"column":24},"end":{"line":57,"column":28}},"36":{"start":{"line":61,"column":8},"end":{"line":72,"column":14}},"37":{"start":{"line":63,"column":16},"end":{"line":63,"column":64}},"38":{"start":{"line":65,"column":16},"end":{"line":65,"column":73}},"39":{"start":{"line":68,"column":16},"end":{"line":68,"column":64}},"40":{"start":{"line":68,"column":26},"end":{"line":68,"column":64}},"41":{"start":{"line":69,"column":16},"end":{"line":69,"column":89}},"42":{"start":{"line":69,"column":40},"end":{"line":69,"column":89}},"43":{"start":{"line":71,"column":16},"end":{"line":71,"column":34}},"44":{"start":{"line":76,"column":8},"end":{"line":85,"column":14}},"45":{"start":{"line":78,"column":16},"end":{"line":78,"column":64}},"46":{"start":{"line":80,"column":16},"end":{"line":80,"column":73}},"47":{"start":{"line":83,"column":16},"end":{"line":83,"column":64}},"48":{"start":{"line":83,"column":26},"end":{"line":83,"column":64}},"49":{"start":{"line":84,"column":16},"end":{"line":84,"column":34}},"50":{"start":{"line":89,"column":8},"end":{"line":115,"column":14}},"51":{"start":{"line":91,"column":29},"end":{"line":91,"column":31}},"52":{"start":{"line":93,"column":16},"end":{"line":100,"column":17}},"53":{"start":{"line":94,"column":20},"end":{"line":94,"column":65}},"54":{"start":{"line":96,"column":20},"end":{"line":99,"column":21}},"55":{"start":{"line":101,"column":16},"end":{"line":104,"column":17}},"56":{"start":{"line":102,"column":20},"end":{"line":102,"column":71}},"57":{"start":{"line":103,"column":20},"end":{"line":103,"column":46}},"58":{"start":{"line":106,"column":16},"end":{"line":114,"column":18}},"59":{"start":{"line":112,"column":20},"end":{"line":112,"column":78}},"60":{"start":{"line":112,"column":41},"end":{"line":112,"column":78}},"61":{"start":{"line":113,"column":20},"end":{"line":113,"column":35}},"62":{"start":{"line":119,"column":8},"end":{"line":131,"column":14}},"63":{"start":{"line":121,"column":16},"end":{"line":121,"column":70}},"64":{"start":{"line":123,"column":16},"end":{"line":123,"column":60}},"65":{"start":{"line":126,"column":16},"end":{"line":126,"column":70}},"66":{"start":{"line":126,"column":29},"end":{"line":126,"column":70}},"67":{"start":{"line":128,"column":16},"end":{"line":128,"column":34}},"68":{"start":{"line":130,"column":16},"end":{"line":130,"column":30}},"69":{"start":{"line":135,"column":8},"end":{"line":148,"column":14}},"70":{"start":{"line":137,"column":27},"end":{"line":137,"column":44}},"71":{"start":{"line":138,"column":16},"end":{"line":138,"column":60}},"72":{"start":{"line":140,"column":16},"end":{"line":140,"column":68}},"73":{"start":{"line":143,"column":16},"end":{"line":143,"column":64}},"74":{"start":{"line":143,"column":26},"end":{"line":143,"column":64}},"75":{"start":{"line":145,"column":16},"end":{"line":145,"column":31}},"76":{"start":{"line":147,"column":16},"end":{"line":147,"column":27}},"77":{"start":{"line":153,"column":8},"end":{"line":179,"column":14}},"78":{"start":{"line":155,"column":31},"end":{"line":155,"column":51}},"79":{"start":{"line":156,"column":16},"end":{"line":156,"column":67}},"80":{"start":{"line":157,"column":31},"end":{"line":157,"column":48}},"81":{"start":{"line":158,"column":16},"end":{"line":158,"column":64}},"82":{"start":{"line":159,"column":16},"end":{"line":159,"column":47}},"83":{"start":{"line":161,"column":16},"end":{"line":178,"column":22}},"84":{"start":{"line":163,"column":24},"end":{"line":163,"column":75}},"85":{"start":{"line":163,"column":34},"end":{"line":163,"column":75}},"86":{"start":{"line":165,"column":24},"end":{"line":177,"column":30}},"87":{"start":{"line":167,"column":32},"end":{"line":167,"column":90}},"88":{"start":{"line":167,"column":51},"end":{"line":167,"column":90}},"89":{"start":{"line":168,"column":32},"end":{"line":168,"column":85}},"90":{"start":{"line":168,"column":56},"end":{"line":168,"column":85}},"91":{"start":{"line":171,"column":32},"end":{"line":171,"column":107}},"92":{"start":{"line":171,"column":63},"end":{"line":171,"column":107}},"93":{"start":{"line":173,"column":44},"end":{"line":173,"column":96}},"94":{"start":{"line":174,"column":32},"end":{"line":174,"column":88}},"95":{"start":{"line":176,"column":32},"end":{"line":176,"column":90}},"96":{"start":{"line":184,"column":0},"end":{"line":184,"column":26}}},"fnMap":{"0":{"name":"(anonymous_0)","decl":{"start":{"line":6,"column":4},"end":{"line":6,"column":5}},"loc":{"start":{"line":6,"column":44},"end":{"line":22,"column":5}},"line":6},"1":{"name":"(anonymous_1)","decl":{"start":{"line":8,"column":18},"end":{"line":8,"column":19}},"loc":{"start":{"line":8,"column":24},"end":{"line":15,"column":13}},"line":8},"2":{"name":"(anonymous_2)","decl":{"start":{"line":16,"column":19},"end":{"line":16,"column":20}},"loc":{"start":{"line":16,"column":27},"end":{"line":20,"column":13}},"line":16},"3":{"name":"(anonymous_3)","decl":{"start":{"line":21,"column":18},"end":{"line":21,"column":19}},"loc":{"start":{"line":21,"column":24},"end":{"line":21,"column":28}},"line":21},"4":{"name":"(anonymous_4)","decl":{"start":{"line":24,"column":4},"end":{"line":24,"column":5}},"loc":{"start":{"line":24,"column":33},"end":{"line":38,"column":5}},"line":24},"5":{"name":"(anonymous_5)","decl":{"start":{"line":26,"column":18},"end":{"line":26,"column":19}},"loc":{"start":{"line":26,"column":24},"end":{"line":31,"column":13}},"line":26},"6":{"name":"(anonymous_6)","decl":{"start":{"line":32,"column":18},"end":{"line":32,"column":19}},"loc":{"start":{"line":32,"column":26},"end":{"line":37,"column":13}},"line":32},"7":{"name":"(anonymous_7)","decl":{"start":{"line":40,"column":4},"end":{"line":40,"column":5}},"loc":{"start":{"line":40,"column":48},"end":{"line":58,"column":5}},"line":40},"8":{"name":"(anonymous_8)","decl":{"start":{"line":42,"column":18},"end":{"line":42,"column":19}},"loc":{"start":{"line":42,"column":24},"end":{"line":48,"column":13}},"line":42},"9":{"name":"(anonymous_9)","decl":{"start":{"line":49,"column":18},"end":{"line":49,"column":19}},"loc":{"start":{"line":49,"column":26},"end":{"line":56,"column":13}},"line":49},"10":{"name":"(anonymous_10)","decl":{"start":{"line":57,"column":18},"end":{"line":57,"column":19}},"loc":{"start":{"line":57,"column":24},"end":{"line":57,"column":28}},"line":57},"11":{"name":"(anonymous_11)","decl":{"start":{"line":60,"column":4},"end":{"line":60,"column":5}},"loc":{"start":{"line":60,"column":34},"end":{"line":73,"column":5}},"line":60},"12":{"name":"(anonymous_12)","decl":{"start":{"line":62,"column":18},"end":{"line":62,"column":19}},"loc":{"start":{"line":62,"column":24},"end":{"line":66,"column":13}},"line":62},"13":{"name":"(anonymous_13)","decl":{"start":{"line":67,"column":18},"end":{"line":67,"column":19}},"loc":{"start":{"line":67,"column":26},"end":{"line":72,"column":13}},"line":67},"14":{"name":"(anonymous_14)","decl":{"start":{"line":75,"column":4},"end":{"line":75,"column":5}},"loc":{"start":{"line":75,"column":26},"end":{"line":86,"column":5}},"line":75},"15":{"name":"(anonymous_15)","decl":{"start":{"line":77,"column":18},"end":{"line":77,"column":19}},"loc":{"start":{"line":77,"column":24},"end":{"line":81,"column":13}},"line":77},"16":{"name":"(anonymous_16)","decl":{"start":{"line":82,"column":18},"end":{"line":82,"column":19}},"loc":{"start":{"line":82,"column":26},"end":{"line":85,"column":13}},"line":82},"17":{"name":"(anonymous_17)","decl":{"start":{"line":88,"column":4},"end":{"line":88,"column":5}},"loc":{"start":{"line":88,"column":33},"end":{"line":116,"column":5}},"line":88},"18":{"name":"(anonymous_18)","decl":{"start":{"line":90,"column":18},"end":{"line":90,"column":19}},"loc":{"start":{"line":90,"column":24},"end":{"line":115,"column":13}},"line":90},"19":{"name":"(anonymous_19)","decl":{"start":{"line":111,"column":22},"end":{"line":111,"column":23}},"loc":{"start":{"line":111,"column":34},"end":{"line":114,"column":17}},"line":111},"20":{"name":"(anonymous_20)","decl":{"start":{"line":118,"column":4},"end":{"line":118,"column":5}},"loc":{"start":{"line":118,"column":30},"end":{"line":132,"column":5}},"line":118},"21":{"name":"(anonymous_21)","decl":{"start":{"line":120,"column":18},"end":{"line":120,"column":19}},"loc":{"start":{"line":120,"column":23},"end":{"line":124,"column":13}},"line":120},"22":{"name":"(anonymous_22)","decl":{"start":{"line":125,"column":18},"end":{"line":125,"column":19}},"loc":{"start":{"line":125,"column":29},"end":{"line":131,"column":13}},"line":125},"23":{"name":"(anonymous_23)","decl":{"start":{"line":134,"column":4},"end":{"line":134,"column":5}},"loc":{"start":{"line":134,"column":24},"end":{"line":149,"column":5}},"line":134},"24":{"name":"(anonymous_24)","decl":{"start":{"line":136,"column":18},"end":{"line":136,"column":19}},"loc":{"start":{"line":136,"column":24},"end":{"line":141,"column":13}},"line":136},"25":{"name":"(anonymous_25)","decl":{"start":{"line":142,"column":18},"end":{"line":142,"column":19}},"loc":{"start":{"line":142,"column":26},"end":{"line":148,"column":13}},"line":142},"26":{"name":"(anonymous_26)","decl":{"start":{"line":152,"column":4},"end":{"line":152,"column":5}},"loc":{"start":{"line":152,"column":36},"end":{"line":180,"column":5}},"line":152},"27":{"name":"(anonymous_27)","decl":{"start":{"line":154,"column":18},"end":{"line":154,"column":19}},"loc":{"start":{"line":154,"column":24},"end":{"line":179,"column":13}},"line":154},"28":{"name":"(anonymous_28)","decl":{"start":{"line":162,"column":26},"end":{"line":162,"column":27}},"loc":{"start":{"line":162,"column":34},"end":{"line":178,"column":21}},"line":162},"29":{"name":"(anonymous_29)","decl":{"start":{"line":166,"column":34},"end":{"line":166,"column":35}},"loc":{"start":{"line":166,"column":50},"end":{"line":177,"column":29}},"line":166}},"branchMap":{"0":{"loc":{"start":{"line":17,"column":16},"end":{"line":17,"column":67}},"type":"if","locations":[{"start":{"line":17,"column":16},"end":{"line":17,"column":67}},{"start":{"line":17,"column":16},"end":{"line":17,"column":67}}],"line":17},"1":{"loc":{"start":{"line":33,"column":16},"end":{"line":33,"column":69}},"type":"if","locations":[{"start":{"line":33,"column":16},"end":{"line":33,"column":69}},{"start":{"line":33,"column":16},"end":{"line":33,"column":69}}],"line":33},"2":{"loc":{"start":{"line":34,"column":16},"end":{"line":34,"column":81}},"type":"if","locations":[{"start":{"line":34,"column":16},"end":{"line":34,"column":81}},{"start":{"line":34,"column":16},"end":{"line":34,"column":81}}],"line":34},"3":{"loc":{"start":{"line":50,"column":16},"end":{"line":50,"column":69}},"type":"if","locations":[{"start":{"line":50,"column":16},"end":{"line":50,"column":69}},{"start":{"line":50,"column":16},"end":{"line":50,"column":69}}],"line":50},"4":{"loc":{"start":{"line":51,"column":16},"end":{"line":51,"column":81}},"type":"if","locations":[{"start":{"line":51,"column":16},"end":{"line":51,"column":81}},{"start":{"line":51,"column":16},"end":{"line":51,"column":81}}],"line":51},"5":{"loc":{"start":{"line":52,"column":16},"end":{"line":52,"column":99}},"type":"if","locations":[{"start":{"line":52,"column":16},"end":{"line":52,"column":99}},{"start":{"line":52,"column":16},"end":{"line":52,"column":99}}],"line":52},"6":{"loc":{"start":{"line":68,"column":16},"end":{"line":68,"column":64}},"type":"if","locations":[{"start":{"line":68,"column":16},"end":{"line":68,"column":64}},{"start":{"line":68,"column":16},"end":{"line":68,"column":64}}],"line":68},"7":{"loc":{"start":{"line":69,"column":16},"end":{"line":69,"column":89}},"type":"if","locations":[{"start":{"line":69,"column":16},"end":{"line":69,"column":89}},{"start":{"line":69,"column":16},"end":{"line":69,"column":89}}],"line":69},"8":{"loc":{"start":{"line":83,"column":16},"end":{"line":83,"column":64}},"type":"if","locations":[{"start":{"line":83,"column":16},"end":{"line":83,"column":64}},{"start":{"line":83,"column":16},"end":{"line":83,"column":64}}],"line":83},"9":{"loc":{"start":{"line":93,"column":16},"end":{"line":100,"column":17}},"type":"if","locations":[{"start":{"line":93,"column":16},"end":{"line":100,"column":17}},{"start":{"line":93,"column":16},"end":{"line":100,"column":17}}],"line":93},"10":{"loc":{"start":{"line":101,"column":16},"end":{"line":104,"column":17}},"type":"if","locations":[{"start":{"line":101,"column":16},"end":{"line":104,"column":17}},{"start":{"line":101,"column":16},"end":{"line":104,"column":17}}],"line":101},"11":{"loc":{"start":{"line":112,"column":20},"end":{"line":112,"column":78}},"type":"if","locations":[{"start":{"line":112,"column":20},"end":{"line":112,"column":78}},{"start":{"line":112,"column":20},"end":{"line":112,"column":78}}],"line":112},"12":{"loc":{"start":{"line":126,"column":16},"end":{"line":126,"column":70}},"type":"if","locations":[{"start":{"line":126,"column":16},"end":{"line":126,"column":70}},{"start":{"line":126,"column":16},"end":{"line":126,"column":70}}],"line":126},"13":{"loc":{"start":{"line":143,"column":16},"end":{"line":143,"column":64}},"type":"if","locations":[{"start":{"line":143,"column":16},"end":{"line":143,"column":64}},{"start":{"line":143,"column":16},"end":{"line":143,"column":64}}],"line":143},"14":{"loc":{"start":{"line":163,"column":24},"end":{"line":163,"column":75}},"type":"if","locations":[{"start":{"line":163,"column":24},"end":{"line":163,"column":75}},{"start":{"line":163,"column":24},"end":{"line":163,"column":75}}],"line":163},"15":{"loc":{"start":{"line":167,"column":32},"end":{"line":167,"column":90}},"type":"if","locations":[{"start":{"line":167,"column":32},"end":{"line":167,"column":90}},{"start":{"line":167,"column":32},"end":{"line":167,"column":90}}],"line":167},"16":{"loc":{"start":{"line":168,"column":32},"end":{"line":168,"column":85}},"type":"if","locations":[{"start":{"line":168,"column":32},"end":{"line":168,"column":85}},{"start":{"line":168,"column":32},"end":{"line":168,"column":85}}],"line":168},"17":{"loc":{"start":{"line":171,"column":32},"end":{"line":171,"column":107}},"type":"if","locations":[{"start":{"line":171,"column":32},"end":{"line":171,"column":107}},{"start":{"line":171,"column":32},"end":{"line":171,"column":107}}],"line":171}},"s":{"0":1,"1":1,"2":1,"3":26,"4":26,"5":20,"6":14,"7":8,"8":2,"9":2,"10":1,"11":1,"12":1,"13":12,"14":12,"15":7,"16":3,"17":3,"18":1,"19":2,"20":1,"21":1,"22":22,"23":22,"24":16,"25":10,"26":4,"27":4,"28":1,"29":3,"30":1,"31":2,"32":1,"33":1,"34":1,"35":1,"36":2,"37":2,"38":2,"39":2,"40":1,"41":1,"42":0,"43":1,"44":1,"45":1,"46":1,"47":1,"48":0,"49":1,"50":5,"51":5,"52":5,"53":4,"54":2,"55":3,"56":2,"57":2,"58":3,"59":3,"60":2,"61":1,"62":2,"63":2,"64":1,"65":1,"66":0,"67":1,"68":1,"69":2,"70":2,"71":2,"72":1,"73":1,"74":0,"75":1,"76":1,"77":1,"78":1,"79":1,"80":1,"81":1,"82":1,"83":1,"84":1,"85":0,"86":1,"87":0,"88":0,"89":0,"90":0,"91":0,"92":0,"93":0,"94":0,"95":0,"96":1},"f":{"0":26,"1":26,"2":2,"3":1,"4":12,"5":12,"6":3,"7":22,"8":22,"9":4,"10":1,"11":2,"12":2,"13":2,"14":1,"15":1,"16":1,"17":5,"18":5,"19":3,"20":2,"21":2,"22":1,"23":2,"24":2,"25":1,"26":1,"27":1,"28":1,"29":0},"b":{"0":[1,1],"1":[1,2],"2":[1,1],"3":[1,3],"4":[1,2],"5":[1,1],"6":[1,1],"7":[0,1],"8":[0,1],"9":[4,1],"10":[2,1],"11":[2,1],"12":[0,1],"13":[0,1],"14":[0,1],"15":[0,0],"16":[0,0],"17":[0,0]},"_coverageSchema":"d34fc3e6b8297bcde183f5492bcb8fcb36775295","hash":"c84afb50c6f0229da0021c8309f9ebb4bbf07a13","contentHash":"d6a583d9ccbaf9453978637b2208f1f4"},"C:\\Users\\Javi\\Desktop\\thunder_bid\\server\\data\\models\\index.js":{"path":"C:\\Users\\Javi\\Desktop\\thunder_bid\\server\\data\\models\\index.js","statementMap":{"0":{"start":{"line":3,"column":12},"end":{"line":3,"column":28}},"1":{"start":{"line":4,"column":16},"end":{"line":4,"column":36}},"2":{"start":{"line":5,"column":13},"end":{"line":5,"column":30}},"3":{"start":{"line":7,"column":0},"end":{"line":11,"column":1}}},"fnMap":{},"branchMap":{},"s":{"0":1,"1":1,"2":1,"3":1},"f":{},"b":{},"_coverageSchema":"d34fc3e6b8297bcde183f5492bcb8fcb36775295","hash":"4761d947a7736664046f3e9e74aa13659762af0e","contentHash":"56e3f787e5d25ecd3af41a435e9ec4bf"},"C:\\Users\\Javi\\Desktop\\thunder_bid\\server\\data\\models\\bid.js":{"path":"C:\\Users\\Javi\\Desktop\\thunder_bid\\server\\data\\models\\bid.js","statementMap":{"0":{"start":{"line":3,"column":17},"end":{"line":3,"column":36}},"1":{"start":{"line":4,"column":16},"end":{"line":4,"column":36}},"2":{"start":{"line":6,"column":0},"end":{"line":6,"column":43}}},"fnMap":{},"branchMap":{},"s":{"0":1,"1":1,"2":1},"f":{},"b":{},"_coverageSchema":"d34fc3e6b8297bcde183f5492bcb8fcb36775295","hash":"29e4270abac5f7d787bd2bc3c834628ceb936652","contentHash":"93ff184c0dd08e23cd2807552c1f256a"},"C:\\Users\\Javi\\Desktop\\thunder_bid\\server\\data\\models\\schemas\\index.js":{"path":"C:\\Users\\Javi\\Desktop\\thunder_bid\\server\\data\\models\\schemas\\index.js","statementMap":{"0":{"start":{"line":1,"column":12},"end":{"line":1,"column":28}},"1":{"start":{"line":2,"column":16},"end":{"line":2,"column":36}},"2":{"start":{"line":3,"column":13},"end":{"line":3,"column":30}},"3":{"start":{"line":5,"column":0},"end":{"line":9,"column":1}}},"fnMap":{},"branchMap":{},"s":{"0":1,"1":1,"2":1,"3":1},"f":{},"b":{},"_coverageSchema":"d34fc3e6b8297bcde183f5492bcb8fcb36775295","hash":"1f9140fccd11dff238c2da5065d5efacaf0b3370","contentHash":"211b241f80e695552391232c70e07b25"},"C:\\Users\\Javi\\Desktop\\thunder_bid\\server\\data\\models\\schemas\\bid.js":{"path":"C:\\Users\\Javi\\Desktop\\thunder_bid\\server\\data\\models\\schemas\\bid.js","statementMap":{"0":{"start":{"line":3,"column":52},"end":{"line":3,"column":71}},"1":{"start":{"line":5,"column":0},"end":{"line":21,"column":2}}},"fnMap":{},"branchMap":{},"s":{"0":1,"1":1},"f":{},"b":{},"_coverageSchema":"d34fc3e6b8297bcde183f5492bcb8fcb36775295","hash":"4646d14f3a87d2f6d1584ca7f4b54ebe07808a06","contentHash":"419bebcbad4b7f2bc192ce538774d0f3"},"C:\\Users\\Javi\\Desktop\\thunder_bid\\server\\data\\models\\schemas\\product.js":{"path":"C:\\Users\\Javi\\Desktop\\thunder_bid\\server\\data\\models\\schemas\\product.js","statementMap":{"0":{"start":{"line":3,"column":52},"end":{"line":3,"column":71}},"1":{"start":{"line":4,"column":12},"end":{"line":4,"column":28}},"2":{"start":{"line":6,"column":0},"end":{"line":39,"column":2}}},"fnMap":{},"branchMap":{},"s":{"0":1,"1":1,"2":1},"f":{},"b":{},"_coverageSchema":"d34fc3e6b8297bcde183f5492bcb8fcb36775295","hash":"19f454403e3f16a592f52eba08721723e3ce01c0","contentHash":"d719c19e0cdfb6bce22499767b37796c"},"C:\\Users\\Javi\\Desktop\\thunder_bid\\server\\data\\models\\schemas\\user.js":{"path":"C:\\Users\\Javi\\Desktop\\thunder_bid\\server\\data\\models\\schemas\\user.js","statementMap":{"0":{"start":{"line":3,"column":52},"end":{"line":3,"column":71}},"1":{"start":{"line":5,"column":0},"end":{"line":43,"column":2}}},"fnMap":{},"branchMap":{},"s":{"0":1,"1":1},"f":{},"b":{},"_coverageSchema":"d34fc3e6b8297bcde183f5492bcb8fcb36775295","hash":"2def9c54f5e32d9a318eb4c3d48428f1207a91bf","contentHash":"108dbbd8d0a90411b47b9407e0e01f7b"},"C:\\Users\\Javi\\Desktop\\thunder_bid\\server\\data\\models\\product.js":{"path":"C:\\Users\\Javi\\Desktop\\thunder_bid\\server\\data\\models\\product.js","statementMap":{"0":{"start":{"line":3,"column":17},"end":{"line":3,"column":36}},"1":{"start":{"line":4,"column":20},"end":{"line":4,"column":40}},"2":{"start":{"line":6,"column":0},"end":{"line":6,"column":51}}},"fnMap":{},"branchMap":{},"s":{"0":1,"1":1,"2":1},"f":{},"b":{},"_coverageSchema":"d34fc3e6b8297bcde183f5492bcb8fcb36775295","hash":"1038a65d1bc990afce3d5a3d5b26b74d03d13950","contentHash":"085f194e0cb1d0424da3d82fe85a1edb"},"C:\\Users\\Javi\\Desktop\\thunder_bid\\server\\data\\models\\user.js":{"path":"C:\\Users\\Javi\\Desktop\\thunder_bid\\server\\data\\models\\user.js","statementMap":{"0":{"start":{"line":3,"column":17},"end":{"line":3,"column":36}},"1":{"start":{"line":4,"column":17},"end":{"line":4,"column":37}},"2":{"start":{"line":6,"column":0},"end":{"line":6,"column":45}}},"fnMap":{},"branchMap":{},"s":{"0":1,"1":1,"2":1},"f":{},"b":{},"_coverageSchema":"d34fc3e6b8297bcde183f5492bcb8fcb36775295","hash":"9e90d38670f5be855c27c8f4b226f6600b62c287","contentHash":"da4a7b905dcaf4d13cb03b337adbeee7"},"C:\\Users\\Javi\\Desktop\\thunder_bid\\server\\utils\\validate\\index.js":{"path":"C:\\Users\\Javi\\Desktop\\thunder_bid\\server\\utils\\validate\\index.js","statementMap":{"0":{"start":{"line":3,"column":17},"end":{"line":25,"column":1}},"1":{"start":{"line":6,"column":8},"end":{"line":6,"column":157}},"2":{"start":{"line":6,"column":123},"end":{"line":6,"column":157}},"3":{"start":{"line":10,"column":18},"end":{"line":10,"column":148}},"4":{"start":{"line":11,"column":8},"end":{"line":11,"column":50}},"5":{"start":{"line":11,"column":18},"end":{"line":11,"column":50}},"6":{"start":{"line":15,"column":8},"end":{"line":15,"column":79}},"7":{"start":{"line":15,"column":39},"end":{"line":15,"column":79}},"8":{"start":{"line":19,"column":8},"end":{"line":19,"column":117}},"9":{"start":{"line":19,"column":83},"end":{"line":19,"column":117}},"10":{"start":{"line":23,"column":8},"end":{"line":23,"column":73}},"11":{"start":{"line":23,"column":39},"end":{"line":23,"column":73}},"12":{"start":{"line":27,"column":1},"end":{"line":27,"column":30}}},"fnMap":{"0":{"name":"(anonymous_0)","decl":{"start":{"line":5,"column":4},"end":{"line":5,"column":5}},"loc":{"start":{"line":5,"column":38},"end":{"line":7,"column":5}},"line":5},"1":{"name":"(anonymous_1)","decl":{"start":{"line":9,"column":4},"end":{"line":9,"column":5}},"loc":{"start":{"line":9,"column":26},"end":{"line":12,"column":5}},"line":9},"2":{"name":"(anonymous_2)","decl":{"start":{"line":14,"column":4},"end":{"line":14,"column":5}},"loc":{"start":{"line":14,"column":27},"end":{"line":16,"column":5}},"line":14},"3":{"name":"(anonymous_3)","decl":{"start":{"line":18,"column":4},"end":{"line":18,"column":5}},"loc":{"start":{"line":18,"column":38},"end":{"line":20,"column":5}},"line":18},"4":{"name":"(anonymous_4)","decl":{"start":{"line":22,"column":4},"end":{"line":22,"column":5}},"loc":{"start":{"line":22,"column":33},"end":{"line":24,"column":5}},"line":22}},"branchMap":{"0":{"loc":{"start":{"line":6,"column":8},"end":{"line":6,"column":157}},"type":"if","locations":[{"start":{"line":6,"column":8},"end":{"line":6,"column":157}},{"start":{"line":6,"column":8},"end":{"line":6,"column":157}}],"line":6},"1":{"loc":{"start":{"line":6,"column":12},"end":{"line":6,"column":121}},"type":"binary-expr","locations":[{"start":{"line":6,"column":12},"end":{"line":6,"column":37}},{"start":{"line":6,"column":41},"end":{"line":6,"column":54}},{"start":{"line":6,"column":58},"end":{"line":6,"column":81}},{"start":{"line":6,"column":85},"end":{"line":6,"column":121}}],"line":6},"2":{"loc":{"start":{"line":11,"column":8},"end":{"line":11,"column":50}},"type":"if","locations":[{"start":{"line":11,"column":8},"end":{"line":11,"column":50}},{"start":{"line":11,"column":8},"end":{"line":11,"column":50}}],"line":11},"3":{"loc":{"start":{"line":15,"column":8},"end":{"line":15,"column":79}},"type":"if","locations":[{"start":{"line":15,"column":8},"end":{"line":15,"column":79}},{"start":{"line":15,"column":8},"end":{"line":15,"column":79}}],"line":15},"4":{"loc":{"start":{"line":19,"column":8},"end":{"line":19,"column":117}},"type":"if","locations":[{"start":{"line":19,"column":8},"end":{"line":19,"column":117}},{"start":{"line":19,"column":8},"end":{"line":19,"column":117}}],"line":19},"5":{"loc":{"start":{"line":19,"column":12},"end":{"line":19,"column":81}},"type":"binary-expr","locations":[{"start":{"line":19,"column":12},"end":{"line":19,"column":37}},{"start":{"line":19,"column":41},"end":{"line":19,"column":54}},{"start":{"line":19,"column":58},"end":{"line":19,"column":81}}],"line":19},"6":{"loc":{"start":{"line":23,"column":8},"end":{"line":23,"column":73}},"type":"if","locations":[{"start":{"line":23,"column":8},"end":{"line":23,"column":73}},{"start":{"line":23,"column":8},"end":{"line":23,"column":73}}],"line":23}},"s":{"0":1,"1":86,"2":36,"3":60,"4":60,"5":17,"6":1,"7":0,"8":4,"9":2,"10":0,"11":0,"12":1},"f":{"0":86,"1":60,"2":1,"3":4,"4":0},"b":{"0":[36,50],"1":[86,74,68,55],"2":[17,43],"3":[0,1],"4":[2,2],"5":[4,4,4],"6":[0,0]},"_coverageSchema":"d34fc3e6b8297bcde183f5492bcb8fcb36775295","hash":"c97f106b35225ff6b03f23d1aa7ad65c2872aff8","contentHash":"a3c41ff4377f2a143a479063fc62b4f8"},"C:\\Users\\Javi\\Desktop\\thunder_bid\\server\\logic\\index.spec.js":{"path":"C:\\Users\\Javi\\Desktop\\thunder_bid\\server\\logic\\index.spec.js","statementMap":{"0":{"start":{"line":2,"column":0},"end":{"line":2,"column":27}},"1":{"start":{"line":5,"column":18},"end":{"line":5,"column":30}},"2":{"start":{"line":6,"column":19},"end":{"line":6,"column":34}},"3":{"start":{"line":7,"column":17},"end":{"line":7,"column":36}},"4":{"start":{"line":8,"column":41},"end":{"line":8,"column":59}},"5":{"start":{"line":11,"column":31},"end":{"line":11,"column":38}},"6":{"start":{"line":13,"column":0},"end":{"line":689,"column":2}},"7":{"start":{"line":16,"column":18},"end":{"line":16,"column":36}},"8":{"start":{"line":16,"column":49},"end":{"line":16,"column":54}},"9":{"start":{"line":16,"column":63},"end":{"line":16,"column":69}},"10":{"start":{"line":16,"column":81},"end":{"line":16,"column":88}},"11":{"start":{"line":16,"column":97},"end":{"line":16,"column":105}},"12":{"start":{"line":18,"column":4},"end":{"line":21,"column":5}},"13":{"start":{"line":19,"column":8},"end":{"line":20,"column":45}},"14":{"start":{"line":20,"column":26},"end":{"line":20,"column":44}},"15":{"start":{"line":24,"column":4},"end":{"line":26,"column":6}},"16":{"start":{"line":25,"column":8},"end":{"line":25,"column":75}},"17":{"start":{"line":28,"column":4},"end":{"line":206,"column":6}},"18":{"start":{"line":29,"column":8},"end":{"line":49,"column":9}},"19":{"start":{"line":30,"column":12},"end":{"line":48,"column":18}},"20":{"start":{"line":32,"column":20},"end":{"line":32,"column":43}},"21":{"start":{"line":34,"column":20},"end":{"line":34,"column":73}},"22":{"start":{"line":37,"column":20},"end":{"line":37,"column":42}},"23":{"start":{"line":39,"column":20},"end":{"line":39,"column":50}},"24":{"start":{"line":42,"column":20},"end":{"line":42,"column":41}},"25":{"start":{"line":43,"column":20},"end":{"line":43,"column":54}},"26":{"start":{"line":44,"column":20},"end":{"line":44,"column":60}},"27":{"start":{"line":45,"column":20},"end":{"line":45,"column":52}},"28":{"start":{"line":46,"column":20},"end":{"line":46,"column":58}},"29":{"start":{"line":47,"column":20},"end":{"line":47,"column":38}},"30":{"start":{"line":51,"column":8},"end":{"line":58,"column":9}},"31":{"start":{"line":52,"column":12},"end":{"line":57,"column":91}},"32":{"start":{"line":54,"column":20},"end":{"line":54,"column":73}},"33":{"start":{"line":56,"column":30},"end":{"line":56,"column":33}},"34":{"start":{"line":57,"column":39},"end":{"line":57,"column":90}},"35":{"start":{"line":60,"column":8},"end":{"line":64,"column":9}},"36":{"start":{"line":61,"column":12},"end":{"line":63,"column":81}},"37":{"start":{"line":62,"column":30},"end":{"line":62,"column":33}},"38":{"start":{"line":63,"column":39},"end":{"line":63,"column":80}},"39":{"start":{"line":66,"column":8},"end":{"line":70,"column":9}},"40":{"start":{"line":67,"column":12},"end":{"line":69,"column":81}},"41":{"start":{"line":68,"column":30},"end":{"line":68,"column":33}},"42":{"start":{"line":69,"column":39},"end":{"line":69,"column":80}},"43":{"start":{"line":72,"column":8},"end":{"line":76,"column":9}},"44":{"start":{"line":73,"column":12},"end":{"line":75,"column":81}},"45":{"start":{"line":74,"column":30},"end":{"line":74,"column":33}},"46":{"start":{"line":75,"column":39},"end":{"line":75,"column":80}},"47":{"start":{"line":78,"column":8},"end":{"line":82,"column":9}},"48":{"start":{"line":79,"column":12},"end":{"line":81,"column":81}},"49":{"start":{"line":80,"column":30},"end":{"line":80,"column":33}},"50":{"start":{"line":81,"column":39},"end":{"line":81,"column":80}},"51":{"start":{"line":84,"column":8},"end":{"line":88,"column":9}},"52":{"start":{"line":85,"column":12},"end":{"line":87,"column":81}},"53":{"start":{"line":86,"column":30},"end":{"line":86,"column":33}},"54":{"start":{"line":87,"column":39},"end":{"line":87,"column":80}},"55":{"start":{"line":90,"column":8},"end":{"line":94,"column":9}},"56":{"start":{"line":91,"column":12},"end":{"line":93,"column":81}},"57":{"start":{"line":92,"column":30},"end":{"line":92,"column":33}},"58":{"start":{"line":93,"column":39},"end":{"line":93,"column":80}},"59":{"start":{"line":96,"column":8},"end":{"line":100,"column":9}},"60":{"start":{"line":97,"column":12},"end":{"line":99,"column":84}},"61":{"start":{"line":98,"column":30},"end":{"line":98,"column":33}},"62":{"start":{"line":99,"column":39},"end":{"line":99,"column":83}},"63":{"start":{"line":102,"column":8},"end":{"line":106,"column":9}},"64":{"start":{"line":103,"column":12},"end":{"line":105,"column":84}},"65":{"start":{"line":104,"column":30},"end":{"line":104,"column":33}},"66":{"start":{"line":105,"column":39},"end":{"line":105,"column":83}},"67":{"start":{"line":108,"column":8},"end":{"line":112,"column":9}},"68":{"start":{"line":109,"column":12},"end":{"line":111,"column":84}},"69":{"start":{"line":110,"column":30},"end":{"line":110,"column":33}},"70":{"start":{"line":111,"column":39},"end":{"line":111,"column":83}},"71":{"start":{"line":114,"column":8},"end":{"line":118,"column":9}},"72":{"start":{"line":115,"column":12},"end":{"line":117,"column":84}},"73":{"start":{"line":116,"column":30},"end":{"line":116,"column":33}},"74":{"start":{"line":117,"column":39},"end":{"line":117,"column":83}},"75":{"start":{"line":120,"column":8},"end":{"line":124,"column":9}},"76":{"start":{"line":121,"column":12},"end":{"line":123,"column":84}},"77":{"start":{"line":122,"column":30},"end":{"line":122,"column":33}},"78":{"start":{"line":123,"column":39},"end":{"line":123,"column":83}},"79":{"start":{"line":126,"column":8},"end":{"line":130,"column":9}},"80":{"start":{"line":127,"column":12},"end":{"line":129,"column":84}},"81":{"start":{"line":128,"column":30},"end":{"line":128,"column":33}},"82":{"start":{"line":129,"column":39},"end":{"line":129,"column":83}},"83":{"start":{"line":133,"column":8},"end":{"line":137,"column":9}},"84":{"start":{"line":134,"column":12},"end":{"line":136,"column":80}},"85":{"start":{"line":135,"column":30},"end":{"line":135,"column":33}},"86":{"start":{"line":136,"column":39},"end":{"line":136,"column":79}},"87":{"start":{"line":139,"column":8},"end":{"line":143,"column":9}},"88":{"start":{"line":140,"column":12},"end":{"line":142,"column":80}},"89":{"start":{"line":141,"column":30},"end":{"line":141,"column":33}},"90":{"start":{"line":142,"column":39},"end":{"line":142,"column":79}},"91":{"start":{"line":145,"column":8},"end":{"line":149,"column":9}},"92":{"start":{"line":146,"column":12},"end":{"line":148,"column":80}},"93":{"start":{"line":147,"column":30},"end":{"line":147,"column":33}},"94":{"start":{"line":148,"column":39},"end":{"line":148,"column":79}},"95":{"start":{"line":151,"column":8},"end":{"line":155,"column":9}},"96":{"start":{"line":152,"column":12},"end":{"line":154,"column":80}},"97":{"start":{"line":153,"column":30},"end":{"line":153,"column":33}},"98":{"start":{"line":154,"column":39},"end":{"line":154,"column":79}},"99":{"start":{"line":157,"column":8},"end":{"line":161,"column":9}},"100":{"start":{"line":158,"column":12},"end":{"line":160,"column":80}},"101":{"start":{"line":159,"column":30},"end":{"line":159,"column":33}},"102":{"start":{"line":160,"column":39},"end":{"line":160,"column":79}},"103":{"start":{"line":163,"column":8},"end":{"line":167,"column":9}},"104":{"start":{"line":164,"column":12},"end":{"line":166,"column":80}},"105":{"start":{"line":165,"column":30},"end":{"line":165,"column":33}},"106":{"start":{"line":166,"column":39},"end":{"line":166,"column":79}},"107":{"start":{"line":170,"column":8},"end":{"line":174,"column":9}},"108":{"start":{"line":171,"column":12},"end":{"line":173,"column":79}},"109":{"start":{"line":172,"column":26},"end":{"line":172,"column":29}},"110":{"start":{"line":173,"column":35},"end":{"line":173,"column":78}},"111":{"start":{"line":176,"column":8},"end":{"line":180,"column":9}},"112":{"start":{"line":177,"column":12},"end":{"line":179,"column":83}},"113":{"start":{"line":178,"column":30},"end":{"line":178,"column":33}},"114":{"start":{"line":179,"column":39},"end":{"line":179,"column":82}},"115":{"start":{"line":182,"column":8},"end":{"line":186,"column":9}},"116":{"start":{"line":183,"column":12},"end":{"line":185,"column":83}},"117":{"start":{"line":184,"column":30},"end":{"line":184,"column":33}},"118":{"start":{"line":185,"column":39},"end":{"line":185,"column":82}},"119":{"start":{"line":188,"column":8},"end":{"line":192,"column":9}},"120":{"start":{"line":189,"column":12},"end":{"line":191,"column":83}},"121":{"start":{"line":190,"column":30},"end":{"line":190,"column":33}},"122":{"start":{"line":191,"column":39},"end":{"line":191,"column":82}},"123":{"start":{"line":194,"column":8},"end":{"line":198,"column":9}},"124":{"start":{"line":195,"column":12},"end":{"line":197,"column":83}},"125":{"start":{"line":196,"column":30},"end":{"line":196,"column":33}},"126":{"start":{"line":197,"column":39},"end":{"line":197,"column":82}},"127":{"start":{"line":200,"column":8},"end":{"line":204,"column":9}},"128":{"start":{"line":201,"column":12},"end":{"line":203,"column":83}},"129":{"start":{"line":202,"column":30},"end":{"line":202,"column":33}},"130":{"start":{"line":203,"column":39},"end":{"line":203,"column":82}},"131":{"start":{"line":208,"column":4},"end":{"line":289,"column":6}},"132":{"start":{"line":209,"column":33},"end":{"line":209,"column":48}},"133":{"start":{"line":209,"column":70},"end":{"line":209,"column":78}},"134":{"start":{"line":209,"column":87},"end":{"line":209,"column":105}},"135":{"start":{"line":209,"column":118},"end":{"line":209,"column":123}},"136":{"start":{"line":209,"column":132},"end":{"line":209,"column":138}},"137":{"start":{"line":209,"column":150},"end":{"line":209,"column":157}},"138":{"start":{"line":212,"column":8},"end":{"line":212,"column":73}},"139":{"start":{"line":212,"column":25},"end":{"line":212,"column":72}},"140":{"start":{"line":214,"column":8},"end":{"line":221,"column":9}},"141":{"start":{"line":215,"column":12},"end":{"line":220,"column":18}},"142":{"start":{"line":217,"column":20},"end":{"line":217,"column":53}},"143":{"start":{"line":218,"column":20},"end":{"line":218,"column":51}},"144":{"start":{"line":219,"column":20},"end":{"line":219,"column":57}},"145":{"start":{"line":223,"column":8},"end":{"line":227,"column":9}},"146":{"start":{"line":224,"column":12},"end":{"line":226,"column":81}},"147":{"start":{"line":225,"column":30},"end":{"line":225,"column":33}},"148":{"start":{"line":226,"column":39},"end":{"line":226,"column":80}},"149":{"start":{"line":229,"column":8},"end":{"line":233,"column":9}},"150":{"start":{"line":230,"column":12},"end":{"line":232,"column":81}},"151":{"start":{"line":231,"column":30},"end":{"line":231,"column":33}},"152":{"start":{"line":232,"column":39},"end":{"line":232,"column":80}},"153":{"start":{"line":235,"column":8},"end":{"line":239,"column":9}},"154":{"start":{"line":236,"column":12},"end":{"line":238,"column":81}},"155":{"start":{"line":237,"column":30},"end":{"line":237,"column":33}},"156":{"start":{"line":238,"column":39},"end":{"line":238,"column":80}},"157":{"start":{"line":241,"column":8},"end":{"line":245,"column":9}},"158":{"start":{"line":242,"column":12},"end":{"line":244,"column":81}},"159":{"start":{"line":243,"column":30},"end":{"line":243,"column":33}},"160":{"start":{"line":244,"column":39},"end":{"line":244,"column":80}},"161":{"start":{"line":247,"column":8},"end":{"line":251,"column":9}},"162":{"start":{"line":248,"column":12},"end":{"line":250,"column":77}},"163":{"start":{"line":249,"column":26},"end":{"line":249,"column":29}},"164":{"start":{"line":250,"column":35},"end":{"line":250,"column":76}},"165":{"start":{"line":253,"column":8},"end":{"line":257,"column":9}},"166":{"start":{"line":254,"column":12},"end":{"line":256,"column":103}},"167":{"start":{"line":255,"column":30},"end":{"line":255,"column":33}},"168":{"start":{"line":256,"column":39},"end":{"line":256,"column":102}},"169":{"start":{"line":259,"column":8},"end":{"line":263,"column":9}},"170":{"start":{"line":260,"column":12},"end":{"line":262,"column":80}},"171":{"start":{"line":261,"column":26},"end":{"line":261,"column":29}},"172":{"start":{"line":262,"column":35},"end":{"line":262,"column":79}},"173":{"start":{"line":265,"column":8},"end":{"line":269,"column":9}},"174":{"start":{"line":266,"column":12},"end":{"line":268,"column":84}},"175":{"start":{"line":267,"column":30},"end":{"line":267,"column":33}},"176":{"start":{"line":268,"column":39},"end":{"line":268,"column":83}},"177":{"start":{"line":271,"column":8},"end":{"line":275,"column":9}},"178":{"start":{"line":272,"column":12},"end":{"line":274,"column":84}},"179":{"start":{"line":273,"column":30},"end":{"line":273,"column":33}},"180":{"start":{"line":274,"column":39},"end":{"line":274,"column":83}},"181":{"start":{"line":277,"column":8},"end":{"line":281,"column":9}},"182":{"start":{"line":278,"column":12},"end":{"line":280,"column":84}},"183":{"start":{"line":279,"column":30},"end":{"line":279,"column":33}},"184":{"start":{"line":280,"column":39},"end":{"line":280,"column":83}},"185":{"start":{"line":283,"column":8},"end":{"line":287,"column":5}},"186":{"start":{"line":284,"column":8},"end":{"line":286,"column":78}},"187":{"start":{"line":285,"column":26},"end":{"line":285,"column":29}},"188":{"start":{"line":286,"column":35},"end":{"line":286,"column":77}},"189":{"start":{"line":291,"column":4},"end":{"line":436,"column":6}},"190":{"start":{"line":292,"column":28},"end":{"line":292,"column":36}},"191":{"start":{"line":292,"column":57},"end":{"line":292,"column":72}},"192":{"start":{"line":292,"column":81},"end":{"line":292,"column":99}},"193":{"start":{"line":292,"column":112},"end":{"line":292,"column":117}},"194":{"start":{"line":292,"column":126},"end":{"line":292,"column":132}},"195":{"start":{"line":292,"column":144},"end":{"line":292,"column":151}},"196":{"start":{"line":292,"column":169},"end":{"line":292,"column":174}},"197":{"start":{"line":295,"column":8},"end":{"line":295,"column":73}},"198":{"start":{"line":295,"column":25},"end":{"line":295,"column":72}},"199":{"start":{"line":297,"column":8},"end":{"line":309,"column":9}},"200":{"start":{"line":298,"column":12},"end":{"line":308,"column":18}},"201":{"start":{"line":300,"column":20},"end":{"line":300,"column":42}},"202":{"start":{"line":302,"column":20},"end":{"line":302,"column":50}},"203":{"start":{"line":305,"column":20},"end":{"line":305,"column":41}},"204":{"start":{"line":306,"column":20},"end":{"line":306,"column":54}},"205":{"start":{"line":307,"column":20},"end":{"line":307,"column":63}},"206":{"start":{"line":311,"column":8},"end":{"line":315,"column":9}},"207":{"start":{"line":312,"column":12},"end":{"line":314,"column":88}},"208":{"start":{"line":313,"column":30},"end":{"line":313,"column":33}},"209":{"start":{"line":314,"column":39},"end":{"line":314,"column":87}},"210":{"start":{"line":317,"column":8},"end":{"line":321,"column":9}},"211":{"start":{"line":318,"column":12},"end":{"line":320,"column":88}},"212":{"start":{"line":319,"column":30},"end":{"line":319,"column":33}},"213":{"start":{"line":320,"column":39},"end":{"line":320,"column":87}},"214":{"start":{"line":323,"column":8},"end":{"line":327,"column":9}},"215":{"start":{"line":324,"column":12},"end":{"line":326,"column":88}},"216":{"start":{"line":325,"column":30},"end":{"line":325,"column":33}},"217":{"start":{"line":326,"column":39},"end":{"line":326,"column":87}},"218":{"start":{"line":329,"column":8},"end":{"line":333,"column":9}},"219":{"start":{"line":330,"column":12},"end":{"line":332,"column":88}},"220":{"start":{"line":331,"column":30},"end":{"line":331,"column":33}},"221":{"start":{"line":332,"column":39},"end":{"line":332,"column":87}},"222":{"start":{"line":335,"column":8},"end":{"line":339,"column":9}},"223":{"start":{"line":336,"column":12},"end":{"line":338,"column":88}},"224":{"start":{"line":337,"column":30},"end":{"line":337,"column":33}},"225":{"start":{"line":338,"column":39},"end":{"line":338,"column":87}},"226":{"start":{"line":341,"column":8},"end":{"line":345,"column":9}},"227":{"start":{"line":342,"column":12},"end":{"line":344,"column":88}},"228":{"start":{"line":343,"column":30},"end":{"line":343,"column":33}},"229":{"start":{"line":344,"column":39},"end":{"line":344,"column":87}},"230":{"start":{"line":347,"column":8},"end":{"line":351,"column":9}},"231":{"start":{"line":348,"column":12},"end":{"line":350,"column":98}},"232":{"start":{"line":349,"column":30},"end":{"line":349,"column":33}},"233":{"start":{"line":350,"column":39},"end":{"line":350,"column":97}},"234":{"start":{"line":353,"column":8},"end":{"line":357,"column":9}},"235":{"start":{"line":354,"column":12},"end":{"line":356,"column":81}},"236":{"start":{"line":355,"column":30},"end":{"line":355,"column":33}},"237":{"start":{"line":356,"column":39},"end":{"line":356,"column":80}},"238":{"start":{"line":359,"column":8},"end":{"line":363,"column":9}},"239":{"start":{"line":360,"column":12},"end":{"line":362,"column":81}},"240":{"start":{"line":361,"column":30},"end":{"line":361,"column":33}},"241":{"start":{"line":362,"column":39},"end":{"line":362,"column":80}},"242":{"start":{"line":365,"column":8},"end":{"line":369,"column":9}},"243":{"start":{"line":366,"column":12},"end":{"line":368,"column":81}},"244":{"start":{"line":367,"column":30},"end":{"line":367,"column":33}},"245":{"start":{"line":368,"column":39},"end":{"line":368,"column":80}},"246":{"start":{"line":371,"column":8},"end":{"line":375,"column":9}},"247":{"start":{"line":372,"column":12},"end":{"line":374,"column":81}},"248":{"start":{"line":373,"column":30},"end":{"line":373,"column":33}},"249":{"start":{"line":374,"column":39},"end":{"line":374,"column":80}},"250":{"start":{"line":377,"column":8},"end":{"line":381,"column":9}},"251":{"start":{"line":378,"column":12},"end":{"line":380,"column":81}},"252":{"start":{"line":379,"column":30},"end":{"line":379,"column":33}},"253":{"start":{"line":380,"column":39},"end":{"line":380,"column":80}},"254":{"start":{"line":383,"column":8},"end":{"line":387,"column":9}},"255":{"start":{"line":384,"column":12},"end":{"line":386,"column":81}},"256":{"start":{"line":385,"column":30},"end":{"line":385,"column":33}},"257":{"start":{"line":386,"column":39},"end":{"line":386,"column":80}},"258":{"start":{"line":389,"column":8},"end":{"line":393,"column":9}},"259":{"start":{"line":390,"column":12},"end":{"line":392,"column":103}},"260":{"start":{"line":391,"column":30},"end":{"line":391,"column":33}},"261":{"start":{"line":392,"column":39},"end":{"line":392,"column":102}},"262":{"start":{"line":395,"column":8},"end":{"line":399,"column":9}},"263":{"start":{"line":396,"column":12},"end":{"line":398,"column":84}},"264":{"start":{"line":397,"column":30},"end":{"line":397,"column":33}},"265":{"start":{"line":398,"column":39},"end":{"line":398,"column":83}},"266":{"start":{"line":401,"column":8},"end":{"line":405,"column":9}},"267":{"start":{"line":402,"column":12},"end":{"line":404,"column":84}},"268":{"start":{"line":403,"column":30},"end":{"line":403,"column":33}},"269":{"start":{"line":404,"column":39},"end":{"line":404,"column":83}},"270":{"start":{"line":407,"column":8},"end":{"line":411,"column":9}},"271":{"start":{"line":408,"column":12},"end":{"line":410,"column":84}},"272":{"start":{"line":409,"column":30},"end":{"line":409,"column":33}},"273":{"start":{"line":410,"column":39},"end":{"line":410,"column":83}},"274":{"start":{"line":413,"column":8},"end":{"line":417,"column":9}},"275":{"start":{"line":414,"column":12},"end":{"line":416,"column":84}},"276":{"start":{"line":415,"column":30},"end":{"line":415,"column":33}},"277":{"start":{"line":416,"column":39},"end":{"line":416,"column":83}},"278":{"start":{"line":419,"column":8},"end":{"line":423,"column":9}},"279":{"start":{"line":420,"column":12},"end":{"line":422,"column":84}},"280":{"start":{"line":421,"column":30},"end":{"line":421,"column":33}},"281":{"start":{"line":422,"column":39},"end":{"line":422,"column":83}},"282":{"start":{"line":425,"column":8},"end":{"line":429,"column":9}},"283":{"start":{"line":426,"column":12},"end":{"line":428,"column":84}},"284":{"start":{"line":427,"column":30},"end":{"line":427,"column":33}},"285":{"start":{"line":428,"column":39},"end":{"line":428,"column":83}},"286":{"start":{"line":431,"column":8},"end":{"line":435,"column":5}},"287":{"start":{"line":432,"column":8},"end":{"line":434,"column":78}},"288":{"start":{"line":433,"column":26},"end":{"line":433,"column":29}},"289":{"start":{"line":434,"column":35},"end":{"line":434,"column":77}},"290":{"start":{"line":438,"column":4},"end":{"line":495,"column":6}},"291":{"start":{"line":439,"column":21},"end":{"line":439,"column":71}},"292":{"start":{"line":441,"column":20},"end":{"line":441,"column":75}},"293":{"start":{"line":442,"column":21},"end":{"line":442,"column":76}},"294":{"start":{"line":444,"column":24},"end":{"line":454,"column":10}},"295":{"start":{"line":456,"column":25},"end":{"line":466,"column":10}},"296":{"start":{"line":468,"column":8},"end":{"line":468,"column":51}},"297":{"start":{"line":470,"column":8},"end":{"line":477,"column":9}},"298":{"start":{"line":471,"column":11},"end":{"line":476,"column":13}},"299":{"start":{"line":479,"column":8},"end":{"line":488,"column":10}},"300":{"start":{"line":480,"column":23},"end":{"line":480,"column":42}},"301":{"start":{"line":481,"column":12},"end":{"line":487,"column":18}},"302":{"start":{"line":483,"column":20},"end":{"line":483,"column":28}},"303":{"start":{"line":484,"column":20},"end":{"line":484,"column":82}},"304":{"start":{"line":485,"column":20},"end":{"line":485,"column":58}},"305":{"start":{"line":486,"column":20},"end":{"line":486,"column":66}},"306":{"start":{"line":490,"column":8},"end":{"line":494,"column":10}},"307":{"start":{"line":491,"column":12},"end":{"line":493,"column":85}},"308":{"start":{"line":492,"column":30},"end":{"line":492,"column":33}},"309":{"start":{"line":493,"column":37},"end":{"line":493,"column":84}},"310":{"start":{"line":497,"column":4},"end":{"line":531,"column":6}},"311":{"start":{"line":498,"column":21},"end":{"line":498,"column":70}},"312":{"start":{"line":500,"column":24},"end":{"line":510,"column":10}},"313":{"start":{"line":512,"column":8},"end":{"line":512,"column":37}},"314":{"start":{"line":515,"column":8},"end":{"line":520,"column":9}},"315":{"start":{"line":516,"column":11},"end":{"line":519,"column":13}},"316":{"start":{"line":522,"column":8},"end":{"line":530,"column":10}},"317":{"start":{"line":523,"column":23},"end":{"line":523,"column":42}},"318":{"start":{"line":524,"column":12},"end":{"line":529,"column":18}},"319":{"start":{"line":526,"column":20},"end":{"line":526,"column":82}},"320":{"start":{"line":527,"column":20},"end":{"line":527,"column":58}},"321":{"start":{"line":528,"column":20},"end":{"line":528,"column":66}},"322":{"start":{"line":533,"column":4},"end":{"line":583,"column":6}},"323":{"start":{"line":534,"column":24},"end":{"line":544,"column":10}},"324":{"start":{"line":546,"column":8},"end":{"line":549,"column":9}},"325":{"start":{"line":547,"column":11},"end":{"line":548,"column":42}},"326":{"start":{"line":548,"column":27},"end":{"line":548,"column":41}},"327":{"start":{"line":551,"column":8},"end":{"line":558,"column":9}},"328":{"start":{"line":552,"column":12},"end":{"line":557,"column":18}},"329":{"start":{"line":554,"column":20},"end":{"line":554,"column":82}},"330":{"start":{"line":555,"column":20},"end":{"line":555,"column":58}},"331":{"start":{"line":556,"column":20},"end":{"line":556,"column":66}},"332":{"start":{"line":560,"column":8},"end":{"line":564,"column":9}},"333":{"start":{"line":561,"column":12},"end":{"line":563,"column":81}},"334":{"start":{"line":562,"column":30},"end":{"line":562,"column":33}},"335":{"start":{"line":563,"column":39},"end":{"line":563,"column":80}},"336":{"start":{"line":566,"column":8},"end":{"line":570,"column":9}},"337":{"start":{"line":567,"column":12},"end":{"line":569,"column":81}},"338":{"start":{"line":568,"column":30},"end":{"line":568,"column":33}},"339":{"start":{"line":569,"column":39},"end":{"line":569,"column":80}},"340":{"start":{"line":572,"column":8},"end":{"line":576,"column":9}},"341":{"start":{"line":573,"column":12},"end":{"line":575,"column":86}},"342":{"start":{"line":574,"column":30},"end":{"line":574,"column":33}},"343":{"start":{"line":575,"column":39},"end":{"line":575,"column":85}},"344":{"start":{"line":578,"column":8},"end":{"line":582,"column":5}},"345":{"start":{"line":579,"column":12},"end":{"line":581,"column":86}},"346":{"start":{"line":580,"column":30},"end":{"line":580,"column":33}},"347":{"start":{"line":581,"column":39},"end":{"line":581,"column":85}},"348":{"start":{"line":585,"column":4},"end":{"line":620,"column":6}},"349":{"start":{"line":586,"column":24},"end":{"line":596,"column":10}},"350":{"start":{"line":598,"column":8},"end":{"line":601,"column":9}},"351":{"start":{"line":599,"column":11},"end":{"line":600,"column":42}},"352":{"start":{"line":600,"column":27},"end":{"line":600,"column":41}},"353":{"start":{"line":603,"column":8},"end":{"line":611,"column":10}},"354":{"start":{"line":604,"column":30},"end":{"line":604,"column":52}},"355":{"start":{"line":605,"column":12},"end":{"line":610,"column":18}},"356":{"start":{"line":607,"column":20},"end":{"line":607,"column":79}},"357":{"start":{"line":608,"column":20},"end":{"line":608,"column":55}},"358":{"start":{"line":609,"column":20},"end":{"line":609,"column":63}},"359":{"start":{"line":613,"column":8},"end":{"line":617,"column":9}},"360":{"start":{"line":614,"column":12},"end":{"line":616,"column":86}},"361":{"start":{"line":615,"column":30},"end":{"line":615,"column":33}},"362":{"start":{"line":616,"column":39},"end":{"line":616,"column":85}},"363":{"start":{"line":622,"column":4},"end":{"line":649,"column":6}},"364":{"start":{"line":623,"column":21},"end":{"line":623,"column":71}},"365":{"start":{"line":625,"column":8},"end":{"line":628,"column":9}},"366":{"start":{"line":626,"column":11},"end":{"line":627,"column":39}},"367":{"start":{"line":627,"column":27},"end":{"line":627,"column":38}},"368":{"start":{"line":630,"column":8},"end":{"line":640,"column":10}},"369":{"start":{"line":631,"column":27},"end":{"line":631,"column":46}},"370":{"start":{"line":632,"column":12},"end":{"line":639,"column":18}},"371":{"start":{"line":634,"column":20},"end":{"line":634,"column":54}},"372":{"start":{"line":635,"column":20},"end":{"line":635,"column":60}},"373":{"start":{"line":636,"column":20},"end":{"line":636,"column":52}},"374":{"start":{"line":637,"column":20},"end":{"line":637,"column":58}},"375":{"start":{"line":638,"column":20},"end":{"line":638,"column":52}},"376":{"start":{"line":642,"column":8},"end":{"line":646,"column":9}},"377":{"start":{"line":643,"column":12},"end":{"line":645,"column":83}},"378":{"start":{"line":644,"column":30},"end":{"line":644,"column":33}},"379":{"start":{"line":645,"column":39},"end":{"line":645,"column":82}},"380":{"start":{"line":651,"column":4},"end":{"line":679,"column":6}},"381":{"start":{"line":653,"column":21},"end":{"line":653,"column":71}},"382":{"start":{"line":654,"column":20},"end":{"line":654,"column":75}},"383":{"start":{"line":655,"column":24},"end":{"line":665,"column":10}},"384":{"start":{"line":667,"column":8},"end":{"line":673,"column":9}},"385":{"start":{"line":668,"column":11},"end":{"line":672,"column":13}},"386":{"start":{"line":675,"column":8},"end":{"line":678,"column":10}},"387":{"start":{"line":676,"column":12},"end":{"line":677,"column":39}},"388":{"start":{"line":677,"column":29},"end":{"line":677,"column":37}},"389":{"start":{"line":681,"column":4},"end":{"line":687,"column":5}},"390":{"start":{"line":686,"column":22},"end":{"line":686,"column":46}}},"fnMap":{"0":{"name":"(anonymous_0)","decl":{"start":{"line":13,"column":18},"end":{"line":13,"column":19}},"loc":{"start":{"line":13,"column":24},"end":{"line":689,"column":1}},"line":13},"1":{"name":"(anonymous_1)","decl":{"start":{"line":18,"column":11},"end":{"line":18,"column":12}},"loc":{"start":{"line":19,"column":8},"end":{"line":20,"column":45}},"line":19},"2":{"name":"(anonymous_2)","decl":{"start":{"line":20,"column":18},"end":{"line":20,"column":19}},"loc":{"start":{"line":20,"column":26},"end":{"line":20,"column":44}},"line":20},"3":{"name":"(anonymous_3)","decl":{"start":{"line":24,"column":15},"end":{"line":24,"column":16}},"loc":{"start":{"line":24,"column":21},"end":{"line":26,"column":5}},"line":24},"4":{"name":"(anonymous_4)","decl":{"start":{"line":28,"column":38},"end":{"line":28,"column":39}},"loc":{"start":{"line":28,"column":44},"end":{"line":206,"column":5}},"line":28},"5":{"name":"(anonymous_5)","decl":{"start":{"line":29,"column":40},"end":{"line":29,"column":41}},"loc":{"start":{"line":30,"column":12},"end":{"line":48,"column":18}},"line":30},"6":{"name":"(anonymous_6)","decl":{"start":{"line":31,"column":22},"end":{"line":31,"column":23}},"loc":{"start":{"line":31,"column":30},"end":{"line":35,"column":17}},"line":31},"7":{"name":"(anonymous_7)","decl":{"start":{"line":36,"column":22},"end":{"line":36,"column":23}},"loc":{"start":{"line":36,"column":29},"end":{"line":40,"column":17}},"line":36},"8":{"name":"(anonymous_8)","decl":{"start":{"line":41,"column":22},"end":{"line":41,"column":23}},"loc":{"start":{"line":41,"column":30},"end":{"line":48,"column":17}},"line":41},"9":{"name":"(anonymous_9)","decl":{"start":{"line":51,"column":75},"end":{"line":51,"column":76}},"loc":{"start":{"line":52,"column":12},"end":{"line":57,"column":91}},"line":52},"10":{"name":"(anonymous_10)","decl":{"start":{"line":53,"column":22},"end":{"line":53,"column":23}},"loc":{"start":{"line":53,"column":28},"end":{"line":55,"column":17}},"line":53},"11":{"name":"(anonymous_11)","decl":{"start":{"line":56,"column":23},"end":{"line":56,"column":24}},"loc":{"start":{"line":56,"column":30},"end":{"line":56,"column":33}},"line":56},"12":{"name":"(anonymous_12)","decl":{"start":{"line":57,"column":22},"end":{"line":57,"column":23}},"loc":{"start":{"line":57,"column":39},"end":{"line":57,"column":90}},"line":57},"13":{"name":"(anonymous_13)","decl":{"start":{"line":60,"column":72},"end":{"line":60,"column":73}},"loc":{"start":{"line":61,"column":12},"end":{"line":63,"column":81}},"line":61},"14":{"name":"(anonymous_14)","decl":{"start":{"line":62,"column":23},"end":{"line":62,"column":24}},"loc":{"start":{"line":62,"column":30},"end":{"line":62,"column":33}},"line":62},"15":{"name":"(anonymous_15)","decl":{"start":{"line":63,"column":22},"end":{"line":63,"column":23}},"loc":{"start":{"line":63,"column":39},"end":{"line":63,"column":80}},"line":63},"16":{"name":"(anonymous_16)","decl":{"start":{"line":66,"column":68},"end":{"line":66,"column":69}},"loc":{"start":{"line":67,"column":12},"end":{"line":69,"column":81}},"line":67},"17":{"name":"(anonymous_17)","decl":{"start":{"line":68,"column":23},"end":{"line":68,"column":24}},"loc":{"start":{"line":68,"column":30},"end":{"line":68,"column":33}},"line":68},"18":{"name":"(anonymous_18)","decl":{"start":{"line":69,"column":22},"end":{"line":69,"column":23}},"loc":{"start":{"line":69,"column":39},"end":{"line":69,"column":80}},"line":69},"19":{"name":"(anonymous_19)","decl":{"start":{"line":72,"column":69},"end":{"line":72,"column":70}},"loc":{"start":{"line":73,"column":12},"end":{"line":75,"column":81}},"line":73},"20":{"name":"(anonymous_20)","decl":{"start":{"line":74,"column":23},"end":{"line":74,"column":24}},"loc":{"start":{"line":74,"column":30},"end":{"line":74,"column":33}},"line":74},"21":{"name":"(anonymous_21)","decl":{"start":{"line":75,"column":22},"end":{"line":75,"column":23}},"loc":{"start":{"line":75,"column":39},"end":{"line":75,"column":80}},"line":75},"22":{"name":"(anonymous_22)","decl":{"start":{"line":78,"column":70},"end":{"line":78,"column":71}},"loc":{"start":{"line":79,"column":12},"end":{"line":81,"column":81}},"line":79},"23":{"name":"(anonymous_23)","decl":{"start":{"line":80,"column":23},"end":{"line":80,"column":24}},"loc":{"start":{"line":80,"column":30},"end":{"line":80,"column":33}},"line":80},"24":{"name":"(anonymous_24)","decl":{"start":{"line":81,"column":22},"end":{"line":81,"column":23}},"loc":{"start":{"line":81,"column":39},"end":{"line":81,"column":80}},"line":81},"25":{"name":"(anonymous_25)","decl":{"start":{"line":84,"column":87},"end":{"line":84,"column":88}},"loc":{"start":{"line":85,"column":12},"end":{"line":87,"column":81}},"line":85},"26":{"name":"(anonymous_26)","decl":{"start":{"line":86,"column":23},"end":{"line":86,"column":24}},"loc":{"start":{"line":86,"column":30},"end":{"line":86,"column":33}},"line":86},"27":{"name":"(anonymous_27)","decl":{"start":{"line":87,"column":22},"end":{"line":87,"column":23}},"loc":{"start":{"line":87,"column":39},"end":{"line":87,"column":80}},"line":87},"28":{"name":"(anonymous_28)","decl":{"start":{"line":90,"column":85},"end":{"line":90,"column":86}},"loc":{"start":{"line":91,"column":12},"end":{"line":93,"column":81}},"line":91},"29":{"name":"(anonymous_29)","decl":{"start":{"line":92,"column":23},"end":{"line":92,"column":24}},"loc":{"start":{"line":92,"column":30},"end":{"line":92,"column":33}},"line":92},"30":{"name":"(anonymous_30)","decl":{"start":{"line":93,"column":22},"end":{"line":93,"column":23}},"loc":{"start":{"line":93,"column":39},"end":{"line":93,"column":80}},"line":93},"31":{"name":"(anonymous_31)","decl":{"start":{"line":96,"column":75},"end":{"line":96,"column":76}},"loc":{"start":{"line":97,"column":12},"end":{"line":99,"column":84}},"line":97},"32":{"name":"(anonymous_32)","decl":{"start":{"line":98,"column":23},"end":{"line":98,"column":24}},"loc":{"start":{"line":98,"column":30},"end":{"line":98,"column":33}},"line":98},"33":{"name":"(anonymous_33)","decl":{"start":{"line":99,"column":22},"end":{"line":99,"column":23}},"loc":{"start":{"line":99,"column":39},"end":{"line":99,"column":83}},"line":99},"34":{"name":"(anonymous_34)","decl":{"start":{"line":102,"column":71},"end":{"line":102,"column":72}},"loc":{"start":{"line":103,"column":12},"end":{"line":105,"column":84}},"line":103},"35":{"name":"(anonymous_35)","decl":{"start":{"line":104,"column":23},"end":{"line":104,"column":24}},"loc":{"start":{"line":104,"column":30},"end":{"line":104,"column":33}},"line":104},"36":{"name":"(anonymous_36)","decl":{"start":{"line":105,"column":22},"end":{"line":105,"column":23}},"loc":{"start":{"line":105,"column":39},"end":{"line":105,"column":83}},"line":105},"37":{"name":"(anonymous_37)","decl":{"start":{"line":108,"column":72},"end":{"line":108,"column":73}},"loc":{"start":{"line":109,"column":12},"end":{"line":111,"column":84}},"line":109},"38":{"name":"(anonymous_38)","decl":{"start":{"line":110,"column":23},"end":{"line":110,"column":24}},"loc":{"start":{"line":110,"column":30},"end":{"line":110,"column":33}},"line":110},"39":{"name":"(anonymous_39)","decl":{"start":{"line":111,"column":22},"end":{"line":111,"column":23}},"loc":{"start":{"line":111,"column":39},"end":{"line":111,"column":83}},"line":111},"40":{"name":"(anonymous_40)","decl":{"start":{"line":114,"column":73},"end":{"line":114,"column":74}},"loc":{"start":{"line":115,"column":12},"end":{"line":117,"column":84}},"line":115},"41":{"name":"(anonymous_41)","decl":{"start":{"line":116,"column":23},"end":{"line":116,"column":24}},"loc":{"start":{"line":116,"column":30},"end":{"line":116,"column":33}},"line":116},"42":{"name":"(anonymous_42)","decl":{"start":{"line":117,"column":22},"end":{"line":117,"column":23}},"loc":{"start":{"line":117,"column":39},"end":{"line":117,"column":83}},"line":117},"43":{"name":"(anonymous_43)","decl":{"start":{"line":120,"column":93},"end":{"line":120,"column":94}},"loc":{"start":{"line":121,"column":12},"end":{"line":123,"column":84}},"line":121},"44":{"name":"(anonymous_44)","decl":{"start":{"line":122,"column":23},"end":{"line":122,"column":24}},"loc":{"start":{"line":122,"column":30},"end":{"line":122,"column":33}},"line":122},"45":{"name":"(anonymous_45)","decl":{"start":{"line":123,"column":22},"end":{"line":123,"column":23}},"loc":{"start":{"line":123,"column":39},"end":{"line":123,"column":83}},"line":123},"46":{"name":"(anonymous_46)","decl":{"start":{"line":126,"column":88},"end":{"line":126,"column":89}},"loc":{"start":{"line":127,"column":12},"end":{"line":129,"column":84}},"line":127},"47":{"name":"(anonymous_47)","decl":{"start":{"line":128,"column":23},"end":{"line":128,"column":24}},"loc":{"start":{"line":128,"column":30},"end":{"line":128,"column":33}},"line":128},"48":{"name":"(anonymous_48)","decl":{"start":{"line":129,"column":22},"end":{"line":129,"column":23}},"loc":{"start":{"line":129,"column":39},"end":{"line":129,"column":83}},"line":129},"49":{"name":"(anonymous_49)","decl":{"start":{"line":133,"column":71},"end":{"line":133,"column":72}},"loc":{"start":{"line":134,"column":12},"end":{"line":136,"column":80}},"line":134},"50":{"name":"(anonymous_50)","decl":{"start":{"line":135,"column":23},"end":{"line":135,"column":24}},"loc":{"start":{"line":135,"column":30},"end":{"line":135,"column":33}},"line":135},"51":{"name":"(anonymous_51)","decl":{"start":{"line":136,"column":22},"end":{"line":136,"column":23}},"loc":{"start":{"line":136,"column":39},"end":{"line":136,"column":79}},"line":136},"52":{"name":"(anonymous_52)","decl":{"start":{"line":139,"column":67},"end":{"line":139,"column":68}},"loc":{"start":{"line":140,"column":12},"end":{"line":142,"column":80}},"line":140},"53":{"name":"(anonymous_53)","decl":{"start":{"line":141,"column":23},"end":{"line":141,"column":24}},"loc":{"start":{"line":141,"column":30},"end":{"line":141,"column":33}},"line":141},"54":{"name":"(anonymous_54)","decl":{"start":{"line":142,"column":22},"end":{"line":142,"column":23}},"loc":{"start":{"line":142,"column":39},"end":{"line":142,"column":79}},"line":142},"55":{"name":"(anonymous_55)","decl":{"start":{"line":145,"column":68},"end":{"line":145,"column":69}},"loc":{"start":{"line":146,"column":12},"end":{"line":148,"column":80}},"line":146},"56":{"name":"(anonymous_56)","decl":{"start":{"line":147,"column":23},"end":{"line":147,"column":24}},"loc":{"start":{"line":147,"column":30},"end":{"line":147,"column":33}},"line":147},"57":{"name":"(anonymous_57)","decl":{"start":{"line":148,"column":22},"end":{"line":148,"column":23}},"loc":{"start":{"line":148,"column":39},"end":{"line":148,"column":79}},"line":148},"58":{"name":"(anonymous_58)","decl":{"start":{"line":151,"column":69},"end":{"line":151,"column":70}},"loc":{"start":{"line":152,"column":12},"end":{"line":154,"column":80}},"line":152},"59":{"name":"(anonymous_59)","decl":{"start":{"line":153,"column":23},"end":{"line":153,"column":24}},"loc":{"start":{"line":153,"column":30},"end":{"line":153,"column":33}},"line":153},"60":{"name":"(anonymous_60)","decl":{"start":{"line":154,"column":22},"end":{"line":154,"column":23}},"loc":{"start":{"line":154,"column":39},"end":{"line":154,"column":79}},"line":154},"61":{"name":"(anonymous_61)","decl":{"start":{"line":157,"column":89},"end":{"line":157,"column":90}},"loc":{"start":{"line":158,"column":12},"end":{"line":160,"column":80}},"line":158},"62":{"name":"(anonymous_62)","decl":{"start":{"line":159,"column":23},"end":{"line":159,"column":24}},"loc":{"start":{"line":159,"column":30},"end":{"line":159,"column":33}},"line":159},"63":{"name":"(anonymous_63)","decl":{"start":{"line":160,"column":22},"end":{"line":160,"column":23}},"loc":{"start":{"line":160,"column":39},"end":{"line":160,"column":79}},"line":160},"64":{"name":"(anonymous_64)","decl":{"start":{"line":163,"column":84},"end":{"line":163,"column":85}},"loc":{"start":{"line":164,"column":12},"end":{"line":166,"column":80}},"line":164},"65":{"name":"(anonymous_65)","decl":{"start":{"line":165,"column":23},"end":{"line":165,"column":24}},"loc":{"start":{"line":165,"column":30},"end":{"line":165,"column":33}},"line":165},"66":{"name":"(anonymous_66)","decl":{"start":{"line":166,"column":22},"end":{"line":166,"column":23}},"loc":{"start":{"line":166,"column":39},"end":{"line":166,"column":79}},"line":166},"67":{"name":"(anonymous_67)","decl":{"start":{"line":170,"column":74},"end":{"line":170,"column":75}},"loc":{"start":{"line":171,"column":12},"end":{"line":173,"column":79}},"line":171},"68":{"name":"(anonymous_68)","decl":{"start":{"line":172,"column":19},"end":{"line":172,"column":20}},"loc":{"start":{"line":172,"column":26},"end":{"line":172,"column":29}},"line":172},"69":{"name":"(anonymous_69)","decl":{"start":{"line":173,"column":18},"end":{"line":173,"column":19}},"loc":{"start":{"line":173,"column":35},"end":{"line":173,"column":78}},"line":173},"70":{"name":"(anonymous_70)","decl":{"start":{"line":176,"column":70},"end":{"line":176,"column":71}},"loc":{"start":{"line":177,"column":12},"end":{"line":179,"column":83}},"line":177},"71":{"name":"(anonymous_71)","decl":{"start":{"line":178,"column":23},"end":{"line":178,"column":24}},"loc":{"start":{"line":178,"column":30},"end":{"line":178,"column":33}},"line":178},"72":{"name":"(anonymous_72)","decl":{"start":{"line":179,"column":22},"end":{"line":179,"column":23}},"loc":{"start":{"line":179,"column":39},"end":{"line":179,"column":82}},"line":179},"73":{"name":"(anonymous_73)","decl":{"start":{"line":182,"column":71},"end":{"line":182,"column":72}},"loc":{"start":{"line":183,"column":12},"end":{"line":185,"column":83}},"line":183},"74":{"name":"(anonymous_74)","decl":{"start":{"line":184,"column":23},"end":{"line":184,"column":24}},"loc":{"start":{"line":184,"column":30},"end":{"line":184,"column":33}},"line":184},"75":{"name":"(anonymous_75)","decl":{"start":{"line":185,"column":22},"end":{"line":185,"column":23}},"loc":{"start":{"line":185,"column":39},"end":{"line":185,"column":82}},"line":185},"76":{"name":"(anonymous_76)","decl":{"start":{"line":188,"column":72},"end":{"line":188,"column":73}},"loc":{"start":{"line":189,"column":12},"end":{"line":191,"column":83}},"line":189},"77":{"name":"(anonymous_77)","decl":{"start":{"line":190,"column":23},"end":{"line":190,"column":24}},"loc":{"start":{"line":190,"column":30},"end":{"line":190,"column":33}},"line":190},"78":{"name":"(anonymous_78)","decl":{"start":{"line":191,"column":22},"end":{"line":191,"column":23}},"loc":{"start":{"line":191,"column":39},"end":{"line":191,"column":82}},"line":191},"79":{"name":"(anonymous_79)","decl":{"start":{"line":194,"column":92},"end":{"line":194,"column":93}},"loc":{"start":{"line":195,"column":12},"end":{"line":197,"column":83}},"line":195},"80":{"name":"(anonymous_80)","decl":{"start":{"line":196,"column":23},"end":{"line":196,"column":24}},"loc":{"start":{"line":196,"column":30},"end":{"line":196,"column":33}},"line":196},"81":{"name":"(anonymous_81)","decl":{"start":{"line":197,"column":22},"end":{"line":197,"column":23}},"loc":{"start":{"line":197,"column":39},"end":{"line":197,"column":82}},"line":197},"82":{"name":"(anonymous_82)","decl":{"start":{"line":200,"column":87},"end":{"line":200,"column":88}},"loc":{"start":{"line":201,"column":12},"end":{"line":203,"column":83}},"line":201},"83":{"name":"(anonymous_83)","decl":{"start":{"line":202,"column":23},"end":{"line":202,"column":24}},"loc":{"start":{"line":202,"column":30},"end":{"line":202,"column":33}},"line":202},"84":{"name":"(anonymous_84)","decl":{"start":{"line":203,"column":22},"end":{"line":203,"column":23}},"loc":{"start":{"line":203,"column":39},"end":{"line":203,"column":82}},"line":203},"85":{"name":"(anonymous_85)","decl":{"start":{"line":208,"column":37},"end":{"line":208,"column":38}},"loc":{"start":{"line":208,"column":42},"end":{"line":289,"column":5}},"line":208},"86":{"name":"(anonymous_86)","decl":{"start":{"line":212,"column":19},"end":{"line":212,"column":20}},"loc":{"start":{"line":212,"column":25},"end":{"line":212,"column":72}},"line":212},"87":{"name":"(anonymous_87)","decl":{"start":{"line":214,"column":37},"end":{"line":214,"column":38}},"loc":{"start":{"line":215,"column":12},"end":{"line":220,"column":18}},"line":215},"88":{"name":"(anonymous_88)","decl":{"start":{"line":216,"column":22},"end":{"line":216,"column":23}},"loc":{"start":{"line":216,"column":29},"end":{"line":220,"column":17}},"line":216},"89":{"name":"(anonymous_89)","decl":{"start":{"line":223,"column":69},"end":{"line":223,"column":70}},"loc":{"start":{"line":224,"column":12},"end":{"line":226,"column":81}},"line":224},"90":{"name":"(anonymous_90)","decl":{"start":{"line":225,"column":23},"end":{"line":225,"column":24}},"loc":{"start":{"line":225,"column":30},"end":{"line":225,"column":33}},"line":225},"91":{"name":"(anonymous_91)","decl":{"start":{"line":226,"column":22},"end":{"line":226,"column":23}},"loc":{"start":{"line":226,"column":39},"end":{"line":226,"column":80}},"line":226},"92":{"name":"(anonymous_92)","decl":{"start":{"line":229,"column":65},"end":{"line":229,"column":66}},"loc":{"start":{"line":230,"column":12},"end":{"line":232,"column":81}},"line":230},"93":{"name":"(anonymous_93)","decl":{"start":{"line":231,"column":23},"end":{"line":231,"column":24}},"loc":{"start":{"line":231,"column":30},"end":{"line":231,"column":33}},"line":231},"94":{"name":"(anonymous_94)","decl":{"start":{"line":232,"column":22},"end":{"line":232,"column":23}},"loc":{"start":{"line":232,"column":39},"end":{"line":232,"column":80}},"line":232},"95":{"name":"(anonymous_95)","decl":{"start":{"line":235,"column":66},"end":{"line":235,"column":67}},"loc":{"start":{"line":236,"column":12},"end":{"line":238,"column":81}},"line":236},"96":{"name":"(anonymous_96)","decl":{"start":{"line":237,"column":23},"end":{"line":237,"column":24}},"loc":{"start":{"line":237,"column":30},"end":{"line":237,"column":33}},"line":237},"97":{"name":"(anonymous_97)","decl":{"start":{"line":238,"column":22},"end":{"line":238,"column":23}},"loc":{"start":{"line":238,"column":39},"end":{"line":238,"column":80}},"line":238},"98":{"name":"(anonymous_98)","decl":{"start":{"line":241,"column":61},"end":{"line":241,"column":62}},"loc":{"start":{"line":242,"column":12},"end":{"line":244,"column":81}},"line":242},"99":{"name":"(anonymous_99)","decl":{"start":{"line":243,"column":23},"end":{"line":243,"column":24}},"loc":{"start":{"line":243,"column":30},"end":{"line":243,"column":33}},"line":243},"100":{"name":"(anonymous_100)","decl":{"start":{"line":244,"column":22},"end":{"line":244,"column":23}},"loc":{"start":{"line":244,"column":39},"end":{"line":244,"column":80}},"line":244},"101":{"name":"(anonymous_101)","decl":{"start":{"line":247,"column":67},"end":{"line":247,"column":68}},"loc":{"start":{"line":248,"column":12},"end":{"line":250,"column":77}},"line":248},"102":{"name":"(anonymous_102)","decl":{"start":{"line":249,"column":19},"end":{"line":249,"column":20}},"loc":{"start":{"line":249,"column":26},"end":{"line":249,"column":29}},"line":249},"103":{"name":"(anonymous_103)","decl":{"start":{"line":250,"column":18},"end":{"line":250,"column":19}},"loc":{"start":{"line":250,"column":35},"end":{"line":250,"column":76}},"line":250},"104":{"name":"(anonymous_104)","decl":{"start":{"line":253,"column":71},"end":{"line":253,"column":72}},"loc":{"start":{"line":254,"column":12},"end":{"line":256,"column":103}},"line":254},"105":{"name":"(anonymous_105)","decl":{"start":{"line":255,"column":23},"end":{"line":255,"column":24}},"loc":{"start":{"line":255,"column":30},"end":{"line":255,"column":33}},"line":255},"106":{"name":"(anonymous_106)","decl":{"start":{"line":256,"column":22},"end":{"line":256,"column":23}},"loc":{"start":{"line":256,"column":39},"end":{"line":256,"column":102}},"line":256},"107":{"name":"(anonymous_107)","decl":{"start":{"line":259,"column":72},"end":{"line":259,"column":73}},"loc":{"start":{"line":260,"column":12},"end":{"line":262,"column":80}},"line":260},"108":{"name":"(anonymous_108)","decl":{"start":{"line":261,"column":19},"end":{"line":261,"column":20}},"loc":{"start":{"line":261,"column":26},"end":{"line":261,"column":29}},"line":261},"109":{"name":"(anonymous_109)","decl":{"start":{"line":262,"column":18},"end":{"line":262,"column":19}},"loc":{"start":{"line":262,"column":35},"end":{"line":262,"column":79}},"line":262},"110":{"name":"(anonymous_110)","decl":{"start":{"line":265,"column":68},"end":{"line":265,"column":69}},"loc":{"start":{"line":266,"column":12},"end":{"line":268,"column":84}},"line":266},"111":{"name":"(anonymous_111)","decl":{"start":{"line":267,"column":23},"end":{"line":267,"column":24}},"loc":{"start":{"line":267,"column":30},"end":{"line":267,"column":33}},"line":267},"112":{"name":"(anonymous_112)","decl":{"start":{"line":268,"column":22},"end":{"line":268,"column":23}},"loc":{"start":{"line":268,"column":39},"end":{"line":268,"column":83}},"line":268},"113":{"name":"(anonymous_113)","decl":{"start":{"line":271,"column":69},"end":{"line":271,"column":70}},"loc":{"start":{"line":272,"column":12},"end":{"line":274,"column":84}},"line":272},"114":{"name":"(anonymous_114)","decl":{"start":{"line":273,"column":23},"end":{"line":273,"column":24}},"loc":{"start":{"line":273,"column":30},"end":{"line":273,"column":33}},"line":273},"115":{"name":"(anonymous_115)","decl":{"start":{"line":274,"column":22},"end":{"line":274,"column":23}},"loc":{"start":{"line":274,"column":39},"end":{"line":274,"column":83}},"line":274},"116":{"name":"(anonymous_116)","decl":{"start":{"line":277,"column":76},"end":{"line":277,"column":77}},"loc":{"start":{"line":278,"column":12},"end":{"line":280,"column":84}},"line":278},"117":{"name":"(anonymous_117)","decl":{"start":{"line":279,"column":23},"end":{"line":279,"column":24}},"loc":{"start":{"line":279,"column":30},"end":{"line":279,"column":33}},"line":279},"118":{"name":"(anonymous_118)","decl":{"start":{"line":280,"column":22},"end":{"line":280,"column":23}},"loc":{"start":{"line":280,"column":39},"end":{"line":280,"column":83}},"line":280},"119":{"name":"(anonymous_119)","decl":{"start":{"line":283,"column":72},"end":{"line":283,"column":73}},"loc":{"start":{"line":284,"column":8},"end":{"line":286,"column":78}},"line":284},"120":{"name":"(anonymous_120)","decl":{"start":{"line":285,"column":19},"end":{"line":285,"column":20}},"loc":{"start":{"line":285,"column":26},"end":{"line":285,"column":29}},"line":285},"121":{"name":"(anonymous_121)","decl":{"start":{"line":286,"column":18},"end":{"line":286,"column":19}},"loc":{"start":{"line":286,"column":35},"end":{"line":286,"column":77}},"line":286},"122":{"name":"(anonymous_122)","decl":{"start":{"line":291,"column":40},"end":{"line":291,"column":41}},"loc":{"start":{"line":291,"column":46},"end":{"line":436,"column":5}},"line":291},"123":{"name":"(anonymous_123)","decl":{"start":{"line":295,"column":19},"end":{"line":295,"column":20}},"loc":{"start":{"line":295,"column":25},"end":{"line":295,"column":72}},"line":295},"124":{"name":"(anonymous_124)","decl":{"start":{"line":297,"column":47},"end":{"line":297,"column":48}},"loc":{"start":{"line":298,"column":12},"end":{"line":308,"column":18}},"line":298},"125":{"name":"(anonymous_125)","decl":{"start":{"line":299,"column":22},"end":{"line":299,"column":23}},"loc":{"start":{"line":299,"column":29},"end":{"line":303,"column":17}},"line":299},"126":{"name":"(anonymous_126)","decl":{"start":{"line":304,"column":22},"end":{"line":304,"column":23}},"loc":{"start":{"line":304,"column":30},"end":{"line":308,"column":17}},"line":304},"127":{"name":"(anonymous_127)","decl":{"start":{"line":311,"column":88},"end":{"line":311,"column":89}},"loc":{"start":{"line":312,"column":12},"end":{"line":314,"column":88}},"line":312},"128":{"name":"(anonymous_128)","decl":{"start":{"line":313,"column":23},"end":{"line":313,"column":24}},"loc":{"start":{"line":313,"column":30},"end":{"line":313,"column":33}},"line":313},"129":{"name":"(anonymous_129)","decl":{"start":{"line":314,"column":22},"end":{"line":314,"column":23}},"loc":{"start":{"line":314,"column":39},"end":{"line":314,"column":87}},"line":314},"130":{"name":"(anonymous_130)","decl":{"start":{"line":317,"column":85},"end":{"line":317,"column":86}},"loc":{"start":{"line":318,"column":12},"end":{"line":320,"column":88}},"line":318},"131":{"name":"(anonymous_131)","decl":{"start":{"line":319,"column":23},"end":{"line":319,"column":24}},"loc":{"start":{"line":319,"column":30},"end":{"line":319,"column":33}},"line":319},"132":{"name":"(anonymous_132)","decl":{"start":{"line":320,"column":22},"end":{"line":320,"column":23}},"loc":{"start":{"line":320,"column":39},"end":{"line":320,"column":87}},"line":320},"133":{"name":"(anonymous_133)","decl":{"start":{"line":323,"column":98},"end":{"line":323,"column":99}},"loc":{"start":{"line":324,"column":12},"end":{"line":326,"column":88}},"line":324},"134":{"name":"(anonymous_134)","decl":{"start":{"line":325,"column":23},"end":{"line":325,"column":24}},"loc":{"star
[...]
ous_175)","decl":{"start":{"line":407,"column":79},"end":{"line":407,"column":80}},"loc":{"start":{"line":408,"column":12},"end":{"line":410,"column":84}},"line":408},"176":{"name":"(anonymous_176)","decl":{"start":{"line":409,"column":23},"end":{"line":409,"column":24}},"loc":{"start":{"line":409,"column":30},"end":{"line":409,"column":33}},"line":409},"177":{"name":"(anonymous_177)","decl":{"start":{"line":410,"column":22},"end":{"line":410,"column":23}},"loc":{"start":{"line":410,"column":39},"end":{"line":410,"column":83}},"line":410},"178":{"name":"(anonymous_178)","decl":{"start":{"line":413,"column":82},"end":{"line":413,"column":83}},"loc":{"start":{"line":414,"column":12},"end":{"line":416,"column":84}},"line":414},"179":{"name":"(anonymous_179)","decl":{"start":{"line":415,"column":23},"end":{"line":415,"column":24}},"loc":{"start":{"line":415,"column":30},"end":{"line":415,"column":33}},"line":415},"180":{"name":"(anonymous_180)","decl":{"start":{"line":416,"column":22},"end":{"line":416,"column":23}},"loc":{"start":{"line":416,"column":39},"end":{"line":416,"column":83}},"line":416},"181":{"name":"(anonymous_181)","decl":{"start":{"line":419,"column":94},"end":{"line":419,"column":95}},"loc":{"start":{"line":420,"column":12},"end":{"line":422,"column":84}},"line":420},"182":{"name":"(anonymous_182)","decl":{"start":{"line":421,"column":23},"end":{"line":421,"column":24}},"loc":{"start":{"line":421,"column":30},"end":{"line":421,"column":33}},"line":421},"183":{"name":"(anonymous_183)","decl":{"start":{"line":422,"column":22},"end":{"line":422,"column":23}},"loc":{"start":{"line":422,"column":39},"end":{"line":422,"column":83}},"line":422},"184":{"name":"(anonymous_184)","decl":{"start":{"line":425,"column":92},"end":{"line":425,"column":93}},"loc":{"start":{"line":426,"column":12},"end":{"line":428,"column":84}},"line":426},"185":{"name":"(anonymous_185)","decl":{"start":{"line":427,"column":23},"end":{"line":427,"column":24}},"loc":{"start":{"line":427,"column":30},"end":{"line":427,"column":33}},"line":427},"186":{"name":"(anonymous_186)","decl":{"start":{"line":428,"column":22},"end":{"line":428,"column":23}},"loc":{"start":{"line":428,"column":39},"end":{"line":428,"column":83}},"line":428},"187":{"name":"(anonymous_187)","decl":{"start":{"line":431,"column":92},"end":{"line":431,"column":93}},"loc":{"start":{"line":432,"column":8},"end":{"line":434,"column":78}},"line":432},"188":{"name":"(anonymous_188)","decl":{"start":{"line":433,"column":19},"end":{"line":433,"column":20}},"loc":{"start":{"line":433,"column":26},"end":{"line":433,"column":29}},"line":433},"189":{"name":"(anonymous_189)","decl":{"start":{"line":434,"column":18},"end":{"line":434,"column":19}},"loc":{"start":{"line":434,"column":35},"end":{"line":434,"column":77}},"line":434},"190":{"name":"(anonymous_190)","decl":{"start":{"line":438,"column":39},"end":{"line":438,"column":40}},"loc":{"start":{"line":438,"column":45},"end":{"line":495,"column":5}},"line":438},"191":{"name":"(anonymous_191)","decl":{"start":{"line":470,"column":19},"end":{"line":470,"column":20}},"loc":{"start":{"line":471,"column":11},"end":{"line":476,"column":13}},"line":471},"192":{"name":"(anonymous_192)","decl":{"start":{"line":479,"column":50},"end":{"line":479,"column":51}},"loc":{"start":{"line":479,"column":56},"end":{"line":488,"column":9}},"line":479},"193":{"name":"(anonymous_193)","decl":{"start":{"line":482,"column":22},"end":{"line":482,"column":23}},"loc":{"start":{"line":482,"column":34},"end":{"line":487,"column":17}},"line":482},"194":{"name":"(anonymous_194)","decl":{"start":{"line":490,"column":81},"end":{"line":490,"column":82}},"loc":{"start":{"line":490,"column":87},"end":{"line":494,"column":9}},"line":490},"195":{"name":"(anonymous_195)","decl":{"start":{"line":492,"column":23},"end":{"line":492,"column":24}},"loc":{"start":{"line":492,"column":30},"end":{"line":492,"column":33}},"line":492},"196":{"name":"(anonymous_196)","decl":{"start":{"line":493,"column":22},"end":{"line":493,"column":23}},"loc":{"start":{"line":493,"column":37},"end":{"line":493,"column":84}},"line":493},"197":{"name":"(anonymous_197)","decl":{"start":{"line":497,"column":41},"end":{"line":497,"column":42}},"loc":{"start":{"line":497,"column":47},"end":{"line":531,"column":5}},"line":497},"198":{"name":"(anonymous_198)","decl":{"start":{"line":515,"column":19},"end":{"line":515,"column":20}},"loc":{"start":{"line":516,"column":11},"end":{"line":519,"column":13}},"line":516},"199":{"name":"(anonymous_199)","decl":{"start":{"line":522,"column":50},"end":{"line":522,"column":51}},"loc":{"start":{"line":522,"column":56},"end":{"line":530,"column":9}},"line":522},"200":{"name":"(anonymous_200)","decl":{"start":{"line":525,"column":22},"end":{"line":525,"column":23}},"loc":{"start":{"line":525,"column":34},"end":{"line":529,"column":17}},"line":525},"201":{"name":"(anonymous_201)","decl":{"start":{"line":533,"column":42},"end":{"line":533,"column":43}},"loc":{"start":{"line":533,"column":48},"end":{"line":583,"column":5}},"line":533},"202":{"name":"(anonymous_202)","decl":{"start":{"line":546,"column":19},"end":{"line":546,"column":20}},"loc":{"start":{"line":547,"column":11},"end":{"line":548,"column":42}},"line":547},"203":{"name":"(anonymous_203)","decl":{"start":{"line":548,"column":21},"end":{"line":548,"column":22}},"loc":{"start":{"line":548,"column":27},"end":{"line":548,"column":41}},"line":548},"204":{"name":"(anonymous_204)","decl":{"start":{"line":551,"column":45},"end":{"line":551,"column":46}},"loc":{"start":{"line":552,"column":12},"end":{"line":557,"column":18}},"line":552},"205":{"name":"(anonymous_205)","decl":{"start":{"line":553,"column":22},"end":{"line":553,"column":23}},"loc":{"start":{"line":553,"column":34},"end":{"line":557,"column":17}},"line":553},"206":{"name":"(anonymous_206)","decl":{"start":{"line":560,"column":46},"end":{"line":560,"column":47}},"loc":{"start":{"line":561,"column":12},"end":{"line":563,"column":81}},"line":561},"207":{"name":"(anonymous_207)","decl":{"start":{"line":562,"column":23},"end":{"line":562,"column":24}},"loc":{"start":{"line":562,"column":30},"end":{"line":562,"column":33}},"line":562},"208":{"name":"(anonymous_208)","decl":{"start":{"line":563,"column":22},"end":{"line":563,"column":23}},"loc":{"start":{"line":563,"column":39},"end":{"line":563,"column":80}},"line":563},"209":{"name":"(anonymous_209)","decl":{"start":{"line":566,"column":59},"end":{"line":566,"column":60}},"loc":{"start":{"line":567,"column":12},"end":{"line":569,"column":81}},"line":567},"210":{"name":"(anonymous_210)","decl":{"start":{"line":568,"column":23},"end":{"line":568,"column":24}},"loc":{"start":{"line":568,"column":30},"end":{"line":568,"column":33}},"line":568},"211":{"name":"(anonymous_211)","decl":{"start":{"line":569,"column":22},"end":{"line":569,"column":23}},"loc":{"start":{"line":569,"column":39},"end":{"line":569,"column":80}},"line":569},"212":{"name":"(anonymous_212)","decl":{"start":{"line":572,"column":57},"end":{"line":572,"column":58}},"loc":{"start":{"line":573,"column":12},"end":{"line":575,"column":86}},"line":573},"213":{"name":"(anonymous_213)","decl":{"start":{"line":574,"column":23},"end":{"line":574,"column":24}},"loc":{"start":{"line":574,"column":30},"end":{"line":574,"column":33}},"line":574},"214":{"name":"(anonymous_214)","decl":{"start":{"line":575,"column":22},"end":{"line":575,"column":23}},"loc":{"start":{"line":575,"column":39},"end":{"line":575,"column":85}},"line":575},"215":{"name":"(anonymous_215)","decl":{"start":{"line":578,"column":57},"end":{"line":578,"column":58}},"loc":{"start":{"line":579,"column":12},"end":{"line":581,"column":86}},"line":579},"216":{"name":"(anonymous_216)","decl":{"start":{"line":580,"column":23},"end":{"line":580,"column":24}},"loc":{"start":{"line":580,"column":30},"end":{"line":580,"column":33}},"line":580},"217":{"name":"(anonymous_217)","decl":{"start":{"line":581,"column":22},"end":{"line":581,"column":23}},"loc":{"start":{"line":581,"column":39},"end":{"line":581,"column":85}},"line":581},"218":{"name":"(anonymous_218)","decl":{"start":{"line":585,"column":41},"end":{"line":585,"column":42}},"loc":{"start":{"line":585,"column":47},"end":{"line":620,"column":5}},"line":585},"219":{"name":"(anonymous_219)","decl":{"start":{"line":598,"column":19},"end":{"line":598,"column":20}},"loc":{"start":{"line":599,"column":11},"end":{"line":600,"column":42}},"line":599},"220":{"name":"(anonymous_220)","decl":{"start":{"line":600,"column":21},"end":{"line":600,"column":22}},"loc":{"start":{"line":600,"column":27},"end":{"line":600,"column":41}},"line":600},"221":{"name":"(anonymous_221)","decl":{"start":{"line":603,"column":45},"end":{"line":603,"column":46}},"loc":{"start":{"line":603,"column":50},"end":{"line":611,"column":9}},"line":603},"222":{"name":"(anonymous_222)","decl":{"start":{"line":606,"column":22},"end":{"line":606,"column":23}},"loc":{"start":{"line":606,"column":34},"end":{"line":610,"column":17}},"line":606},"223":{"name":"(anonymous_223)","decl":{"start":{"line":613,"column":41},"end":{"line":613,"column":42}},"loc":{"start":{"line":614,"column":12},"end":{"line":616,"column":86}},"line":614},"224":{"name":"(anonymous_224)","decl":{"start":{"line":615,"column":23},"end":{"line":615,"column":24}},"loc":{"start":{"line":615,"column":30},"end":{"line":615,"column":33}},"line":615},"225":{"name":"(anonymous_225)","decl":{"start":{"line":616,"column":22},"end":{"line":616,"column":23}},"loc":{"start":{"line":616,"column":39},"end":{"line":616,"column":85}},"line":616},"226":{"name":"(anonymous_226)","decl":{"start":{"line":622,"column":38},"end":{"line":622,"column":39}},"loc":{"start":{"line":622,"column":44},"end":{"line":649,"column":5}},"line":622},"227":{"name":"(anonymous_227)","decl":{"start":{"line":625,"column":19},"end":{"line":625,"column":20}},"loc":{"start":{"line":626,"column":11},"end":{"line":627,"column":39}},"line":626},"228":{"name":"(anonymous_228)","decl":{"start":{"line":627,"column":21},"end":{"line":627,"column":22}},"loc":{"start":{"line":627,"column":27},"end":{"line":627,"column":38}},"line":627},"229":{"name":"(anonymous_229)","decl":{"start":{"line":630,"column":45},"end":{"line":630,"column":46}},"loc":{"start":{"line":630,"column":51},"end":{"line":640,"column":9}},"line":630},"230":{"name":"(anonymous_230)","decl":{"start":{"line":633,"column":22},"end":{"line":633,"column":23}},"loc":{"start":{"line":633,"column":30},"end":{"line":639,"column":17}},"line":633},"231":{"name":"(anonymous_231)","decl":{"start":{"line":642,"column":46},"end":{"line":642,"column":47}},"loc":{"start":{"line":643,"column":12},"end":{"line":645,"column":83}},"line":643},"232":{"name":"(anonymous_232)","decl":{"start":{"line":644,"column":23},"end":{"line":644,"column":24}},"loc":{"start":{"line":644,"column":30},"end":{"line":644,"column":33}},"line":644},"233":{"name":"(anonymous_233)","decl":{"start":{"line":645,"column":22},"end":{"line":645,"column":23}},"loc":{"start":{"line":645,"column":39},"end":{"line":645,"column":82}},"line":645},"234":{"name":"(anonymous_234)","decl":{"start":{"line":651,"column":32},"end":{"line":651,"column":33}},"loc":{"start":{"line":651,"column":38},"end":{"line":679,"column":5}},"line":651},"235":{"name":"(anonymous_235)","decl":{"start":{"line":667,"column":19},"end":{"line":667,"column":20}},"loc":{"start":{"line":668,"column":11},"end":{"line":672,"column":13}},"line":668},"236":{"name":"(anonymous_236)","decl":{"start":{"line":675,"column":31},"end":{"line":675,"column":32}},"loc":{"start":{"line":675,"column":36},"end":{"line":678,"column":9}},"line":675},"237":{"name":"(anonymous_237)","decl":{"start":{"line":677,"column":22},"end":{"line":677,"column":23}},"loc":{"start":{"line":677,"column":28},"end":{"line":677,"column":38}},"line":677},"238":{"name":"(anonymous_238)","decl":{"start":{"line":681,"column":10},"end":{"line":681,"column":11}},"loc":{"start":{"line":686,"column":22},"end":{"line":686,"column":46}},"line":686}},"branchMap":{"0":{"loc":{"start":{"line":28,"column":4},"end":{"line":206,"column":6}},"type":"binary-expr","locations":[{"start":{"line":28,"column":4},"end":{"line":28,"column":8}},{"start":{"line":28,"column":12},"end":{"line":206,"column":6}}],"line":28},"1":{"loc":{"start":{"line":208,"column":4},"end":{"line":289,"column":6}},"type":"binary-expr","locations":[{"start":{"line":208,"column":4},"end":{"line":208,"column":8}},{"start":{"line":208,"column":12},"end":{"line":289,"column":6}}],"line":208},"2":{"loc":{"start":{"line":291,"column":4},"end":{"line":436,"column":6}},"type":"binary-expr","locations":[{"start":{"line":291,"column":4},"end":{"line":291,"column":8}},{"start":{"line":291,"column":12},"end":{"line":436,"column":6}}],"line":291},"3":{"loc":{"start":{"line":438,"column":4},"end":{"line":495,"column":6}},"type":"binary-expr","locations":[{"start":{"line":438,"column":4},"end":{"line":438,"column":8}},{"start":{"line":438,"column":12},"end":{"line":495,"column":6}}],"line":438},"4":{"loc":{"start":{"line":497,"column":4},"end":{"line":531,"column":6}},"type":"binary-expr","locations":[{"start":{"line":497,"column":4},"end":{"line":497,"column":8}},{"start":{"line":497,"column":12},"end":{"line":531,"column":6}}],"line":497},"5":{"loc":{"start":{"line":533,"column":4},"end":{"line":583,"column":6}},"type":"binary-expr","locations":[{"start":{"line":533,"column":4},"end":{"line":533,"column":8}},{"start":{"line":533,"column":12},"end":{"line":583,"column":6}}],"line":533},"6":{"loc":{"start":{"line":585,"column":4},"end":{"line":620,"column":6}},"type":"binary-expr","locations":[{"start":{"line":585,"column":4},"end":{"line":585,"column":8}},{"start":{"line":585,"column":12},"end":{"line":620,"column":6}}],"line":585},"7":{"loc":{"start":{"line":622,"column":4},"end":{"line":649,"column":6}},"type":"binary-expr","locations":[{"start":{"line":622,"column":4},"end":{"line":622,"column":8}},{"start":{"line":622,"column":12},"end":{"line":649,"column":6}}],"line":622},"8":{"loc":{"start":{"line":651,"column":4},"end":{"line":679,"column":6}},"type":"binary-expr","locations":[{"start":{"line":651,"column":4},"end":{"line":651,"column":8}},{"start":{"line":651,"column":12},"end":{"line":679,"column":6}}],"line":651}},"s":{"0":1,"1":1,"2":1,"3":1,"4":1,"5":1,"6":1,"7":1,"8":1,"9":1,"10":1,"11":1,"12":1,"13":1,"14":1,"15":1,"16":73,"17":1,"18":1,"19":1,"20":1,"21":1,"22":1,"23":1,"24":1,"25":1,"26":1,"27":1,"28":1,"29":1,"30":1,"31":1,"32":1,"33":1,"34":1,"35":1,"36":1,"37":1,"38":1,"39":1,"40":1,"41":1,"42":1,"43":1,"44":1,"45":1,"46":1,"47":1,"48":1,"49":1,"50":1,"51":1,"52":1,"53":1,"54":1,"55":1,"56":1,"57":1,"58":1,"59":1,"60":1,"61":1,"62":1,"63":1,"64":1,"65":1,"66":1,"67":1,"68":1,"69":1,"70":1,"71":1,"72":1,"73":1,"74":1,"75":1,"76":1,"77":1,"78":1,"79":1,"80":1,"81":1,"82":1,"83":1,"84":1,"85":1,"86":1,"87":1,"88":1,"89":1,"90":1,"91":1,"92":1,"93":1,"94":1,"95":1,"96":1,"97":1,"98":1,"99":1,"100":1,"101":1,"102":1,"103":1,"104":1,"105":1,"106":1,"107":1,"108":1,"109":1,"110":1,"111":1,"112":1,"113":1,"114":1,"115":1,"116":1,"117":1,"118":1,"119":1,"120":1,"121":1,"122":1,"123":1,"124":1,"125":1,"126":1,"127":1,"128":1,"129":1,"130":1,"131":1,"132":1,"133":1,"134":1,"135":1,"136":1,"137":1,"138":1,"139":12,"140":1,"141":1,"142":1,"143":1,"144":1,"145":1,"146":1,"147":1,"148":1,"149":1,"150":1,"151":1,"152":1,"153":1,"154":1,"155":1,"156":1,"157":1,"158":1,"159":1,"160":1,"161":1,"162":1,"163":1,"164":1,"165":1,"166":1,"167":1,"168":1,"169":1,"170":1,"171":1,"172":1,"173":1,"174":1,"175":1,"176":1,"177":1,"178":1,"179":1,"180":1,"181":1,"182":1,"183":1,"184":1,"185":1,"186":1,"187":1,"188":1,"189":1,"190":1,"191":1,"192":1,"193":1,"194":1,"195":1,"196":1,"197":1,"198":22,"199":1,"200":1,"201":1,"202":1,"203":1,"204":1,"205":1,"206":1,"207":1,"208":1,"209":1,"210":1,"211":1,"212":1,"213":1,"214":1,"215":1,"216":1,"217":1,"218":1,"219":1,"220":1,"221":1,"222":1,"223":1,"224":1,"225":1,"226":1,"227":1,"228":1,"229":1,"230":1,"231":1,"232":1,"233":1,"234":1,"235":1,"236":1,"237":1,"238":1,"239":1,"240":1,"241":1,"242":1,"243":1,"244":1,"245":1,"246":1,"247":1,"248":1,"249":1,"250":1,"251":1,"252":1,"253":1,"254":1,"255":1,"256":1,"257":1,"258":1,"259":1,"260":1,"261":1,"262":1,"263":1,"264":1,"265":1,"266":1,"267":1,"268":1,"269":1,"270":1,"271":1,"272":1,"273":1,"274":1,"275":1,"276":1,"277":1,"278":1,"279":1,"280":1,"281":1,"282":1,"283":1,"284":1,"285":1,"286":1,"287":1,"288":1,"289":1,"290":1,"291":1,"292":1,"293":1,"294":1,"295":1,"296":1,"297":1,"298":2,"299":1,"300":1,"301":1,"302":1,"303":1,"304":1,"305":1,"306":1,"307":1,"308":1,"309":1,"310":1,"311":1,"312":1,"313":1,"314":1,"315":1,"316":1,"317":1,"318":1,"319":1,"320":1,"321":1,"322":1,"323":1,"324":1,"325":5,"326":5,"327":1,"328":1,"329":1,"330":1,"331":1,"332":1,"333":1,"334":1,"335":1,"336":1,"337":1,"338":1,"339":1,"340":1,"341":1,"342":1,"343":1,"344":1,"345":1,"346":1,"347":1,"348":1,"349":1,"350":1,"351":2,"352":2,"353":1,"354":1,"355":1,"356":1,"357":1,"358":1,"359":1,"360":1,"361":1,"362":1,"363":1,"364":1,"365":1,"366":2,"367":2,"368":1,"369":1,"370":1,"371":1,"372":1,"373":1,"374":1,"375":1,"376":1,"377":1,"378":1,"379":1,"380":1,"381":1,"382":1,"383":1,"384":1,"385":1,"386":1,"387":1,"388":0,"389":1,"390":1},"f":{"0":1,"1":1,"2":1,"3":73,"4":1,"5":1,"6":1,"7":1,"8":1,"9":1,"10":1,"11":1,"12":1,"13":1,"14":1,"15":1,"16":1,"17":1,"18":1,"19":1,"20":1,"21":1,"22":1,"23":1,"24":1,"25":1,"26":1,"27":1,"28":1,"29":1,"30":1,"31":1,"32":1,"33":1,"34":1,"35":1,"36":1,"37":1,"38":1,"39":1,"40":1,"41":1,"42":1,"43":1,"44":1,"45":1,"46":1,"47":1,"48":1,"49":1,"50":1,"51":1,"52":1,"53":1,"54":1,"55":1,"56":1,"57":1,"58":1,"59":1,"60":1,"61":1,"62":1,"63":1,"64":1,"65":1,"66":1,"67":1,"68":1,"69":1,"70":1,"71":1,"72":1,"73":1,"74":1,"75":1,"76":1,"77":1,"78":1,"79":1,"80":1,"81":1,"82":1,"83":1,"84":1,"85":1,"86":12,"87":1,"88":1,"89":1,"90":1,"91":1,"92":1,"93":1,"94":1,"95":1,"96":1,"97":1,"98":1,"99":1,"100":1,"101":1,"102":1,"103":1,"104":1,"105":1,"106":1,"107":1,"108":1,"109":1,"110":1,"111":1,"112":1,"113":1,"114":1,"115":1,"116":1,"117":1,"118":1,"119":1,"120":1,"121":1,"122":1,"123":22,"124":1,"125":1,"126":1,"127":1,"128":1,"129":1,"130":1,"131":1,"132":1,"133":1,"134":1,"135":1,"136":1,"137":1,"138":1,"139":1,"140":1,"141":1,"142":1,"143":1,"144":1,"145":1,"146":1,"147":1,"148":1,"149":1,"150":1,"151":1,"152":1,"153":1,"154":1,"155":1,"156":1,"157":1,"158":1,"159":1,"160":1,"161":1,"162":1,"163":1,"164":1,"165":1,"166":1,"167":1,"168":1,"169":1,"170":1,"171":1,"172":1,"173":1,"174":1,"175":1,"176":1,"177":1,"178":1,"179":1,"180":1,"181":1,"182":1,"183":1,"184":1,"185":1,"186":1,"187":1,"188":1,"189":1,"190":1,"191":2,"192":1,"193":1,"194":1,"195":1,"196":1,"197":1,"198":1,"199":1,"200":1,"201":1,"202":5,"203":5,"204":1,"205":1,"206":1,"207":1,"208":1,"209":1,"210":1,"211":1,"212":1,"213":1,"214":1,"215":1,"216":1,"217":1,"218":1,"219":2,"220":2,"221":1,"222":1,"223":1,"224":1,"225":1,"226":1,"227":2,"228":2,"229":1,"230":1,"231":1,"232":1,"233":1,"234":1,"235":1,"236":1,"237":0,"238":1},"b":{"0":[1,1],"1":[1,1],"2":[1,1],"3":[1,1],"4":[1,1],"5":[1,1],"6":[1,1],"7":[1,1],"8":[1,1]},"_coverageSchema":"d34fc3e6b8297bcde183f5492bcb8fcb36775295","hash":"35f67187c39a19a859a2169c798b2576a06ed153","contentHash":"3e1559476042612d69c3ce821194add5"},"C:\\Users\\Javi\\Desktop\\thunder_bid\\server\\data\\index.js":{"path":"C:\\Users\\Javi\\Desktop\\thunder_bid\\server\\data\\index.js","statementMap":{"0":{"start":{"line":3,"column":17},"end":{"line":3,"column":36}},"1":{"start":{"line":4,"column":15},"end":{"line":4,"column":34}},"2":{"start":{"line":6,"column":0},"end":{"line":6,"column":37}}},"fnMap":{},"branchMap":{},"s":{"0":1,"1":1,"2":1},"f":{},"b":{},"_coverageSchema":"d34fc3e6b8297bcde183f5492bcb8fcb36775295","hash":"3cb46b31e96437f349d892e69723526e59479272","contentHash":"ec6b9ca0154f095f856c986ceb92042b"}}